[0.339s] DEBUG:colcon:Command line arguments: ['/usr/bin/colcon', 'build', '--packages-select', 'my_robot_bringup']
[0.340s] DEBUG:colcon:Parsed command line arguments: Namespace(log_base=None, log_level=None, verb_name='build', build_base='build', install_base='install', merge_install=False, symlink_install=False, test_result_base=None, continue_on_error=False, executor='parallel', parallel_workers=5, event_handlers=None, ignore_user_meta=False, metas=['./colcon.meta'], base_paths=['.'], packages_ignore=None, packages_ignore_regex=None, paths=None, packages_up_to=None, packages_up_to_regex=None, packages_above=None, packages_above_and_dependencies=None, packages_above_depth=None, packages_select_by_dep=None, packages_skip_by_dep=None, packages_skip_up_to=None, packages_select_build_failed=False, packages_skip_build_finished=False, packages_select_test_failures=False, packages_skip_test_passed=False, packages_select=['my_robot_bringup'], packages_skip=None, packages_select_regex=None, packages_skip_regex=None, packages_start=None, packages_end=None, allow_overriding=[], cmake_args=None, cmake_target=None, cmake_target_skip_unavailable=False, cmake_clean_cache=False, cmake_clean_first=False, cmake_force_configure=False, ament_cmake_args=None, catkin_cmake_args=None, catkin_skip_building_tests=False, mixin_files=None, mixin=None, verb_parser=<colcon_mixin.mixin.mixin_argument.MixinArgumentDecorator object at 0x7c8d8fa8c050>, verb_extension=<colcon_core.verb.build.BuildVerb object at 0x7c8d8fbb8920>, main=<bound method BuildVerb.main of <colcon_core.verb.build.BuildVerb object at 0x7c8d8fbb8920>>, mixin_verb=('build',))
[0.406s] Level 1:colcon.colcon_core.package_discovery:discover_packages(colcon_meta) check parameters
[0.406s] Level 1:colcon.colcon_core.package_discovery:discover_packages(recursive) check parameters
[0.406s] Level 1:colcon.colcon_core.package_discovery:discover_packages(ignore) check parameters
[0.406s] Level 1:colcon.colcon_core.package_discovery:discover_packages(path) check parameters
[0.406s] Level 1:colcon.colcon_core.package_discovery:discover_packages(colcon_meta) discover
[0.406s] Level 1:colcon.colcon_core.package_discovery:discover_packages(recursive) discover
[0.407s] INFO:colcon.colcon_core.package_discovery:Crawling recursively for packages in '/home/luigi/ros2_ws'
[0.407s] Level 1:colcon.colcon_core.package_identification:_identify(.) by extensions ['ignore', 'ignore_ament_install']
[0.407s] Level 1:colcon.colcon_core.package_identification:_identify(.) by extension 'ignore'
[0.407s] Level 1:colcon.colcon_core.package_identification:_identify(.) by extension 'ignore_ament_install'
[0.407s] Level 1:colcon.colcon_core.package_identification:_identify(.) by extensions ['colcon_pkg']
[0.407s] Level 1:colcon.colcon_core.package_identification:_identify(.) by extension 'colcon_pkg'
[0.407s] Level 1:colcon.colcon_core.package_identification:_identify(.) by extensions ['colcon_meta']
[0.407s] Level 1:colcon.colcon_core.package_identification:_identify(.) by extension 'colcon_meta'
[0.408s] Level 1:colcon.colcon_core.package_identification:_identify(.) by extensions ['ros']
[0.408s] Level 1:colcon.colcon_core.package_identification:_identify(.) by extension 'ros'
[0.509s] Level 1:colcon.colcon_core.package_identification:_identify(.) by extensions ['cmake', 'python']
[0.510s] Level 1:colcon.colcon_core.package_identification:_identify(.) by extension 'cmake'
[0.510s] Level 1:colcon.colcon_core.package_identification:_identify(.) by extension 'python'
[0.510s] Level 1:colcon.colcon_core.package_identification:_identify(.) by extensions ['python_setup_py']
[0.510s] Level 1:colcon.colcon_core.package_identification:_identify(.) by extension 'python_setup_py'
[0.513s] Level 1:colcon.colcon_core.package_identification:_identify(build) by extensions ['ignore', 'ignore_ament_install']
[0.514s] Level 1:colcon.colcon_core.package_identification:_identify(build) by extension 'ignore'
[0.514s] Level 1:colcon.colcon_core.package_identification:_identify(build) ignored
[0.514s] Level 1:colcon.colcon_core.package_identification:_identify(install) by extensions ['ignore', 'ignore_ament_install']
[0.514s] Level 1:colcon.colcon_core.package_identification:_identify(install) by extension 'ignore'
[0.514s] Level 1:colcon.colcon_core.package_identification:_identify(install) ignored
[0.514s] Level 1:colcon.colcon_core.package_identification:_identify(log) by extensions ['ignore', 'ignore_ament_install']
[0.514s] Level 1:colcon.colcon_core.package_identification:_identify(log) by extension 'ignore'
[0.514s] Level 1:colcon.colcon_core.package_identification:_identify(log) ignored
[0.515s] Level 1:colcon.colcon_core.package_identification:_identify(src) by extensions ['ignore', 'ignore_ament_install']
[0.515s] Level 1:colcon.colcon_core.package_identification:_identify(src) by extension 'ignore'
[0.515s] Level 1:colcon.colcon_core.package_identification:_identify(src) by extension 'ignore_ament_install'
[0.515s] Level 1:colcon.colcon_core.package_identification:_identify(src) by extensions ['colcon_pkg']
[0.515s] Level 1:colcon.colcon_core.package_identification:_identify(src) by extension 'colcon_pkg'
[0.515s] Level 1:colcon.colcon_core.package_identification:_identify(src) by extensions ['colcon_meta']
[0.515s] Level 1:colcon.colcon_core.package_identification:_identify(src) by extension 'colcon_meta'
[0.515s] Level 1:colcon.colcon_core.package_identification:_identify(src) by extensions ['ros']
[0.515s] Level 1:colcon.colcon_core.package_identification:_identify(src) by extension 'ros'
[0.515s] Level 1:colcon.colcon_core.package_identification:_identify(src) by extensions ['cmake', 'python']
[0.515s] Level 1:colcon.colcon_core.package_identification:_identify(src) by extension 'cmake'
[0.515s] Level 1:colcon.colcon_core.package_identification:_identify(src) by extension 'python'
[0.515s] Level 1:colcon.colcon_core.package_identification:_identify(src) by extensions ['python_setup_py']
[0.515s] Level 1:colcon.colcon_core.package_identification:_identify(src) by extension 'python_setup_py'
[0.515s] Level 1:colcon.colcon_core.package_identification:_identify(src/my_cpp_pkg) by extensions ['ignore', 'ignore_ament_install']
[0.516s] Level 1:colcon.colcon_core.package_identification:_identify(src/my_cpp_pkg) by extension 'ignore'
[0.516s] Level 1:colcon.colcon_core.package_identification:_identify(src/my_cpp_pkg) by extension 'ignore_ament_install'
[0.516s] Level 1:colcon.colcon_core.package_identification:_identify(src/my_cpp_pkg) by extensions ['colcon_pkg']
[0.516s] Level 1:colcon.colcon_core.package_identification:_identify(src/my_cpp_pkg) by extension 'colcon_pkg'
[0.516s] Level 1:colcon.colcon_core.package_identification:_identify(src/my_cpp_pkg) by extensions ['colcon_meta']
[0.516s] Level 1:colcon.colcon_core.package_identification:_identify(src/my_cpp_pkg) by extension 'colcon_meta'
[0.516s] Level 1:colcon.colcon_core.package_identification:_identify(src/my_cpp_pkg) by extensions ['ros']
[0.516s] Level 1:colcon.colcon_core.package_identification:_identify(src/my_cpp_pkg) by extension 'ros'
[0.520s] DEBUG:colcon.colcon_core.package_identification:Package 'src/my_cpp_pkg' with type 'ros.ament_cmake' and name 'my_cpp_pkg'
[0.520s] Level 1:colcon.colcon_core.package_identification:_identify(src/my_py_pkg) by extensions ['ignore', 'ignore_ament_install']
[0.521s] Level 1:colcon.colcon_core.package_identification:_identify(src/my_py_pkg) by extension 'ignore'
[0.523s] Level 1:colcon.colcon_core.package_identification:_identify(src/my_py_pkg) by extension 'ignore_ament_install'
[0.523s] Level 1:colcon.colcon_core.package_identification:_identify(src/my_py_pkg) by extensions ['colcon_pkg']
[0.523s] Level 1:colcon.colcon_core.package_identification:_identify(src/my_py_pkg) by extension 'colcon_pkg'
[0.523s] Level 1:colcon.colcon_core.package_identification:_identify(src/my_py_pkg) by extensions ['colcon_meta']
[0.523s] Level 1:colcon.colcon_core.package_identification:_identify(src/my_py_pkg) by extension 'colcon_meta'
[0.523s] Level 1:colcon.colcon_core.package_identification:_identify(src/my_py_pkg) by extensions ['ros']
[0.523s] Level 1:colcon.colcon_core.package_identification:_identify(src/my_py_pkg) by extension 'ros'
[0.524s] DEBUG:colcon.colcon_core.package_identification:Package 'src/my_py_pkg' with type 'ros.ament_python' and name 'my_py_pkg'
[0.525s] Level 1:colcon.colcon_core.package_identification:_identify(src/my_robot_bringup) by extensions ['ignore', 'ignore_ament_install']
[0.525s] Level 1:colcon.colcon_core.package_identification:_identify(src/my_robot_bringup) by extension 'ignore'
[0.525s] Level 1:colcon.colcon_core.package_identification:_identify(src/my_robot_bringup) by extension 'ignore_ament_install'
[0.525s] Level 1:colcon.colcon_core.package_identification:_identify(src/my_robot_bringup) by extensions ['colcon_pkg']
[0.525s] Level 1:colcon.colcon_core.package_identification:_identify(src/my_robot_bringup) by extension 'colcon_pkg'
[0.525s] Level 1:colcon.colcon_core.package_identification:_identify(src/my_robot_bringup) by extensions ['colcon_meta']
[0.525s] Level 1:colcon.colcon_core.package_identification:_identify(src/my_robot_bringup) by extension 'colcon_meta'
[0.525s] Level 1:colcon.colcon_core.package_identification:_identify(src/my_robot_bringup) by extensions ['ros']
[0.525s] Level 1:colcon.colcon_core.package_identification:_identify(src/my_robot_bringup) by extension 'ros'
[0.526s] DEBUG:colcon.colcon_core.package_identification:Package 'src/my_robot_bringup' with type 'ros.ament_cmake' and name 'my_robot_bringup'
[0.526s] Level 1:colcon.colcon_core.package_identification:_identify(src/my_robot_control) by extensions ['ignore', 'ignore_ament_install']
[0.527s] Level 1:colcon.colcon_core.package_identification:_identify(src/my_robot_control) by extension 'ignore'
[0.527s] Level 1:colcon.colcon_core.package_identification:_identify(src/my_robot_control) by extension 'ignore_ament_install'
[0.527s] Level 1:colcon.colcon_core.package_identification:_identify(src/my_robot_control) by extensions ['colcon_pkg']
[0.527s] Level 1:colcon.colcon_core.package_identification:_identify(src/my_robot_control) by extension 'colcon_pkg'
[0.527s] Level 1:colcon.colcon_core.package_identification:_identify(src/my_robot_control) by extensions ['colcon_meta']
[0.527s] Level 1:colcon.colcon_core.package_identification:_identify(src/my_robot_control) by extension 'colcon_meta'
[0.527s] Level 1:colcon.colcon_core.package_identification:_identify(src/my_robot_control) by extensions ['ros']
[0.527s] Level 1:colcon.colcon_core.package_identification:_identify(src/my_robot_control) by extension 'ros'
[0.528s] DEBUG:colcon.colcon_core.package_identification:Package 'src/my_robot_control' with type 'ros.ament_python' and name 'my_robot_control'
[0.528s] Level 1:colcon.colcon_core.package_identification:_identify(src/my_robot_description) by extensions ['ignore', 'ignore_ament_install']
[0.528s] Level 1:colcon.colcon_core.package_identification:_identify(src/my_robot_description) by extension 'ignore'
[0.528s] Level 1:colcon.colcon_core.package_identification:_identify(src/my_robot_description) by extension 'ignore_ament_install'
[0.529s] Level 1:colcon.colcon_core.package_identification:_identify(src/my_robot_description) by extensions ['colcon_pkg']
[0.529s] Level 1:colcon.colcon_core.package_identification:_identify(src/my_robot_description) by extension 'colcon_pkg'
[0.529s] Level 1:colcon.colcon_core.package_identification:_identify(src/my_robot_description) by extensions ['colcon_meta']
[0.529s] Level 1:colcon.colcon_core.package_identification:_identify(src/my_robot_description) by extension 'colcon_meta'
[0.529s] Level 1:colcon.colcon_core.package_identification:_identify(src/my_robot_description) by extensions ['ros']
[0.529s] Level 1:colcon.colcon_core.package_identification:_identify(src/my_robot_description) by extension 'ros'
[0.530s] DEBUG:colcon.colcon_core.package_identification:Package 'src/my_robot_description' with type 'ros.ament_cmake' and name 'my_robot_description'
[0.530s] Level 1:colcon.colcon_core.package_discovery:discover_packages(recursive) using defaults
[0.530s] Level 1:colcon.colcon_core.package_discovery:discover_packages(ignore) discover
[0.530s] Level 1:colcon.colcon_core.package_discovery:discover_packages(ignore) using defaults
[0.530s] Level 1:colcon.colcon_core.package_discovery:discover_packages(path) discover
[0.530s] Level 1:colcon.colcon_core.package_discovery:discover_packages(path) using defaults
[0.581s] INFO:colcon.colcon_core.package_selection:Skipping not selected package 'my_cpp_pkg' in 'src/my_cpp_pkg'
[0.584s] INFO:colcon.colcon_core.package_selection:Skipping not selected package 'my_py_pkg' in 'src/my_py_pkg'
[0.613s] INFO:colcon.colcon_core.package_selection:Skipping not selected package 'my_robot_control' in 'src/my_robot_control'
[0.613s] INFO:colcon.colcon_core.package_selection:Skipping not selected package 'my_robot_description' in 'src/my_robot_description'
[0.621s] Level 1:colcon.colcon_core.package_discovery:discover_packages(prefix_path) check parameters
[0.623s] Level 1:colcon.colcon_core.package_discovery:discover_packages(prefix_path) discover
[0.628s] DEBUG:colcon.colcon_installed_package_information.package_discovery:Found 5 installed packages in /home/luigi/ros2_ws/install
[0.632s] DEBUG:colcon.colcon_installed_package_information.package_discovery:Found 319 installed packages in /opt/ros/jazzy
[0.637s] Level 1:colcon.colcon_core.package_discovery:discover_packages(prefix_path) using defaults
[0.707s] Level 5:colcon.colcon_core.verb:set package 'my_robot_bringup' build argument 'cmake_args' from command line to 'None'
[0.708s] Level 5:colcon.colcon_core.verb:set package 'my_robot_bringup' build argument 'cmake_target' from command line to 'None'
[0.708s] Level 5:colcon.colcon_core.verb:set package 'my_robot_bringup' build argument 'cmake_target_skip_unavailable' from command line to 'False'
[0.708s] Level 5:colcon.colcon_core.verb:set package 'my_robot_bringup' build argument 'cmake_clean_cache' from command line to 'False'
[0.708s] Level 5:colcon.colcon_core.verb:set package 'my_robot_bringup' build argument 'cmake_clean_first' from command line to 'False'
[0.708s] Level 5:colcon.colcon_core.verb:set package 'my_robot_bringup' build argument 'cmake_force_configure' from command line to 'False'
[0.708s] Level 5:colcon.colcon_core.verb:set package 'my_robot_bringup' build argument 'ament_cmake_args' from command line to 'None'
[0.708s] Level 5:colcon.colcon_core.verb:set package 'my_robot_bringup' build argument 'catkin_cmake_args' from command line to 'None'
[0.708s] Level 5:colcon.colcon_core.verb:set package 'my_robot_bringup' build argument 'catkin_skip_building_tests' from command line to 'False'
[0.709s] DEBUG:colcon.colcon_core.verb:Building package 'my_robot_bringup' with the following arguments: {'ament_cmake_args': None, 'build_base': '/home/luigi/ros2_ws/build/my_robot_bringup', 'catkin_cmake_args': None, 'catkin_skip_building_tests': False, 'cmake_args': None, 'cmake_clean_cache': False, 'cmake_clean_first': False, 'cmake_force_configure': False, 'cmake_target': None, 'cmake_target_skip_unavailable': False, 'install_base': '/home/luigi/ros2_ws/install/my_robot_bringup', 'merge_install': False, 'path': '/home/luigi/ros2_ws/src/my_robot_bringup', 'symlink_install': False, 'test_result_base': None}
[0.709s] INFO:colcon.colcon_core.executor:Executing jobs using 'parallel' executor
[0.711s] DEBUG:colcon.colcon_parallel_executor.executor.parallel:run_until_complete
[0.712s] INFO:colcon.colcon_ros.task.ament_cmake.build:Building ROS package in '/home/luigi/ros2_ws/src/my_robot_bringup' with build type 'ament_cmake'
[0.713s] INFO:colcon.colcon_cmake.task.cmake.build:Building CMake package in '/home/luigi/ros2_ws/src/my_robot_bringup'
[0.725s] INFO:colcon.colcon_core.plugin_system:Skipping extension 'colcon_core.shell.bat': Not used on non-Windows systems
[0.726s] INFO:colcon.colcon_core.shell:Skip shell extension 'powershell' for command environment: Not usable outside of PowerShell
[0.726s] DEBUG:colcon.colcon_core.shell:Skip shell extension 'dsv' for command environment
[0.746s] DEBUG:colcon.colcon_core.event_handler.log_command:Invoking command in '/home/luigi/ros2_ws/build/my_robot_bringup': CMAKE_PREFIX_PATH=${CMAKE_PREFIX_PATH}:/home/luigi/ros2_ws/install/my_robot_control:/home/luigi/ros2_ws/install/my_py_pkg:/opt/ros/jazzy DEBUGINFOD_URLS=https://debuginfod.ubuntu.com /usr/bin/cmake --build /home/luigi/ros2_ws/build/my_robot_bringup -- -j5 -l5
[0.989s] DEBUG:colcon.colcon_core.event_handler.log_command:Invoked command in '/home/luigi/ros2_ws/build/my_robot_bringup' returned '0': CMAKE_PREFIX_PATH=${CMAKE_PREFIX_PATH}:/home/luigi/ros2_ws/install/my_robot_control:/home/luigi/ros2_ws/install/my_py_pkg:/opt/ros/jazzy DEBUGINFOD_URLS=https://debuginfod.ubuntu.com /usr/bin/cmake --build /home/luigi/ros2_ws/build/my_robot_bringup -- -j5 -l5
[1.072s] DEBUG:colcon.colcon_core.event_handler.log_command:Invoking command in '/home/luigi/ros2_ws/build/my_robot_bringup': CMAKE_PREFIX_PATH=${CMAKE_PREFIX_PATH}:/home/luigi/ros2_ws/install/my_robot_control:/home/luigi/ros2_ws/install/my_py_pkg:/opt/ros/jazzy DEBUGINFOD_URLS=https://debuginfod.ubuntu.com /usr/bin/cmake --install /home/luigi/ros2_ws/build/my_robot_bringup
[1.221s] Level 1:colcon.colcon_core.environment:create_environment_scripts_only(my_robot_bringup)
[1.225s] Level 1:colcon.colcon_core.environment:checking '/home/luigi/ros2_ws/install/my_robot_bringup' for CMake module files
[1.225s] Level 1:colcon.colcon_core.environment:checking '/home/luigi/ros2_ws/install/my_robot_bringup' for CMake config files
[1.228s] DEBUG:colcon.colcon_core.event_handler.log_command:Invoked command in '/home/luigi/ros2_ws/build/my_robot_bringup' returned '0': CMAKE_PREFIX_PATH=${CMAKE_PREFIX_PATH}:/home/luigi/ros2_ws/install/my_robot_control:/home/luigi/ros2_ws/install/my_py_pkg:/opt/ros/jazzy DEBUGINFOD_URLS=https://debuginfod.ubuntu.com /usr/bin/cmake --install /home/luigi/ros2_ws/build/my_robot_bringup
[1.247s] Level 1:colcon.colcon_core.shell:create_environment_hook('my_robot_bringup', 'cmake_prefix_path')
[1.247s] INFO:colcon.colcon_core.shell:Creating environment hook '/home/luigi/ros2_ws/install/my_robot_bringup/share/my_robot_bringup/hook/cmake_prefix_path.ps1'
[1.248s] INFO:colcon.colcon_core.shell:Creating environment descriptor '/home/luigi/ros2_ws/install/my_robot_bringup/share/my_robot_bringup/hook/cmake_prefix_path.dsv'
[1.251s] INFO:colcon.colcon_core.shell:Creating environment hook '/home/luigi/ros2_ws/install/my_robot_bringup/share/my_robot_bringup/hook/cmake_prefix_path.sh'
[1.254s] Level 1:colcon.colcon_core.environment:checking '/home/luigi/ros2_ws/install/my_robot_bringup/bin'
[1.254s] Level 1:colcon.colcon_core.environment:checking '/home/luigi/ros2_ws/install/my_robot_bringup/lib/pkgconfig/my_robot_bringup.pc'
[1.254s] Level 1:colcon.colcon_core.environment:checking '/home/luigi/ros2_ws/install/my_robot_bringup/lib/python3.12/site-packages'
[1.255s] Level 1:colcon.colcon_core.environment:checking '/home/luigi/ros2_ws/install/my_robot_bringup/bin'
[1.255s] INFO:colcon.colcon_core.shell:Creating package script '/home/luigi/ros2_ws/install/my_robot_bringup/share/my_robot_bringup/package.ps1'
[1.261s] INFO:colcon.colcon_core.shell:Creating package descriptor '/home/luigi/ros2_ws/install/my_robot_bringup/share/my_robot_bringup/package.dsv'
[1.272s] INFO:colcon.colcon_core.shell:Creating package script '/home/luigi/ros2_ws/install/my_robot_bringup/share/my_robot_bringup/package.sh'
[1.282s] INFO:colcon.colcon_core.shell:Creating package script '/home/luigi/ros2_ws/install/my_robot_bringup/share/my_robot_bringup/package.bash'
[1.284s] INFO:colcon.colcon_core.shell:Creating package script '/home/luigi/ros2_ws/install/my_robot_bringup/share/my_robot_bringup/package.zsh'
[1.289s] Level 1:colcon.colcon_core.environment:create_file_with_runtime_dependencies(/home/luigi/ros2_ws/install/my_robot_bringup/share/colcon-core/packages/my_robot_bringup)
[1.290s] Level 1:colcon.colcon_core.environment:create_environment_scripts_only(my_robot_bringup)
[1.290s] Level 1:colcon.colcon_core.environment:checking '/home/luigi/ros2_ws/install/my_robot_bringup' for CMake module files
[1.292s] Level 1:colcon.colcon_core.environment:checking '/home/luigi/ros2_ws/install/my_robot_bringup' for CMake config files
[1.294s] Level 1:colcon.colcon_core.shell:create_environment_hook('my_robot_bringup', 'cmake_prefix_path')
[1.294s] INFO:colcon.colcon_core.shell:Creating environment hook '/home/luigi/ros2_ws/install/my_robot_bringup/share/my_robot_bringup/hook/cmake_prefix_path.ps1'
[1.299s] INFO:colcon.colcon_core.shell:Creating environment descriptor '/home/luigi/ros2_ws/install/my_robot_bringup/share/my_robot_bringup/hook/cmake_prefix_path.dsv'
[1.300s] INFO:colcon.colcon_core.shell:Creating environment hook '/home/luigi/ros2_ws/install/my_robot_bringup/share/my_robot_bringup/hook/cmake_prefix_path.sh'
[1.305s] Level 1:colcon.colcon_core.environment:checking '/home/luigi/ros2_ws/install/my_robot_bringup/bin'
[1.309s] Level 1:colcon.colcon_core.environment:checking '/home/luigi/ros2_ws/install/my_robot_bringup/lib/pkgconfig/my_robot_bringup.pc'
[1.310s] Level 1:colcon.colcon_core.environment:checking '/home/luigi/ros2_ws/install/my_robot_bringup/lib/python3.12/site-packages'
[1.311s] Level 1:colcon.colcon_core.environment:checking '/home/luigi/ros2_ws/install/my_robot_bringup/bin'
[1.313s] INFO:colcon.colcon_core.shell:Creating package script '/home/luigi/ros2_ws/install/my_robot_bringup/share/my_robot_bringup/package.ps1'
[1.316s] INFO:colcon.colcon_core.shell:Creating package descriptor '/home/luigi/ros2_ws/install/my_robot_bringup/share/my_robot_bringup/package.dsv'
[1.321s] INFO:colcon.colcon_core.shell:Creating package script '/home/luigi/ros2_ws/install/my_robot_bringup/share/my_robot_bringup/package.sh'
[1.322s] INFO:colcon.colcon_core.shell:Creating package script '/home/luigi/ros2_ws/install/my_robot_bringup/share/my_robot_bringup/package.bash'
[1.327s] INFO:colcon.colcon_core.shell:Creating package script '/home/luigi/ros2_ws/install/my_robot_bringup/share/my_robot_bringup/package.zsh'
[1.336s] Level 1:colcon.colcon_core.environment:create_file_with_runtime_dependencies(/home/luigi/ros2_ws/install/my_robot_bringup/share/colcon-core/packages/my_robot_bringup)
[1.336s] DEBUG:colcon.colcon_parallel_executor.executor.parallel:closing loop
[1.336s] DEBUG:colcon.colcon_parallel_executor.executor.parallel:loop closed
[1.336s] DEBUG:colcon.colcon_parallel_executor.executor.parallel:run_until_complete finished with '0'
[1.337s] DEBUG:colcon.colcon_core.event_reactor:joining thread
[1.405s] INFO:colcon.colcon_core.plugin_system:Skipping extension 'colcon_notification.desktop_notification.terminal_notifier': Not used on non-Darwin systems
[1.415s] INFO:colcon.colcon_core.plugin_system:Skipping extension 'colcon_notification.desktop_notification.win32': Not used on non-Windows systems
[1.415s] INFO:colcon.colcon_notification.desktop_notification:Sending desktop notification using 'notify2'
[1.572s] DEBUG:colcon.colcon_core.event_reactor:joined thread
[1.573s] INFO:colcon.colcon_core.shell:Creating prefix script '/home/luigi/ros2_ws/install/local_setup.ps1'
[1.574s] INFO:colcon.colcon_core.shell:Creating prefix util module '/home/luigi/ros2_ws/install/_local_setup_util_ps1.py'
[1.587s] INFO:colcon.colcon_core.shell:Creating prefix chain script '/home/luigi/ros2_ws/install/setup.ps1'
[1.593s] INFO:colcon.colcon_core.shell:Creating prefix script '/home/luigi/ros2_ws/install/local_setup.sh'
[1.597s] INFO:colcon.colcon_core.shell:Creating prefix util module '/home/luigi/ros2_ws/install/_local_setup_util_sh.py'
[1.627s] INFO:colcon.colcon_core.shell:Creating prefix chain script '/home/luigi/ros2_ws/install/setup.sh'
[1.633s] INFO:colcon.colcon_core.shell:Creating prefix script '/home/luigi/ros2_ws/install/local_setup.bash'
[1.647s] INFO:colcon.colcon_core.shell:Creating prefix chain script '/home/luigi/ros2_ws/install/setup.bash'
[1.655s] INFO:colcon.colcon_core.shell:Creating prefix script '/home/luigi/ros2_ws/install/local_setup.zsh'
[1.657s] INFO:colcon.colcon_core.shell:Creating prefix chain script '/home/luigi/ros2_ws/install/setup.zsh'
