[1.139s] Invoking command in '/home/luigi/ros2_ws/build/my_robot_description': CMAKE_PREFIX_PATH=${CMAKE_PREFIX_PATH}:/home/luigi/ros2_ws/install/my_robot_control:/home/luigi/ros2_ws/install/my_py_pkg:/opt/ros/jazzy DEBUGINFOD_URLS=https://debuginfod.ubuntu.com /usr/bin/cmake /home/luigi/ros2_ws/src/my_robot_description -DCMAKE_INSTALL_PREFIX=/home/luigi/ros2_ws/install/my_robot_description
[1.342s] -- The C compiler identification is GNU 13.3.0
[1.490s] -- The CXX compiler identification is GNU 13.3.0
[1.568s] -- Detecting C compiler ABI info
[1.978s] -- Detecting C compiler ABI info - done
[2.009s] -- Check for working C compiler: /usr/bin/cc - skipped
[2.010s] -- Detecting C compile features
[2.011s] -- Detecting C compile features - done
[2.105s] -- Detecting CXX compiler ABI info
[2.702s] -- Detecting CXX compiler ABI info - done
[2.752s] -- Check for working CXX compiler: /usr/bin/c++ - skipped
[2.752s] -- Detecting CXX compile features
[2.752s] -- Detecting CXX compile features - done
[2.773s] -- Found ament_cmake: 2.5.4 (/opt/ros/jazzy/share/ament_cmake/cmake)
[3.201s] -- Found Python3: /usr/bin/python3 (found version "3.12.3") found components: Interpreter 
[3.820s] -- Found ament_lint_auto: 0.17.3 (/opt/ros/jazzy/share/ament_lint_auto/cmake)
[4.325s] -- Added test 'cppcheck' to perform static code analysis on C / C++ code
[4.327s] -- Configured cppcheck include dirs: 
[4.328s] -- Configured cppcheck exclude dirs and/or files: 
[4.333s] -- Added test 'flake8' to check Python code syntax and style conventions
[4.334s] -- Configured 'flake8' exclude dirs and/or files: 
[4.351s] -- Added test 'lint_cmake' to check CMake code style
[4.364s] -- Added test 'pep257' to check Python code against some of the docstring style conventions in PEP 257
[4.387s] -- Added test 'uncrustify' to check C / C++ code style
[4.387s] -- Configured uncrustify additional arguments: 
[4.394s] -- Added test 'xmllint' to check XML markup files
[4.403s] -- Configuring done (3.2s)
[4.413s] -- Generating done (0.0s)
[4.419s] -- Build files have been written to: /home/luigi/ros2_ws/build/my_robot_description
[4.435s] Invoked command in '/home/luigi/ros2_ws/build/my_robot_description' returned '0': CMAKE_PREFIX_PATH=${CMAKE_PREFIX_PATH}:/home/luigi/ros2_ws/install/my_robot_control:/home/luigi/ros2_ws/install/my_py_pkg:/opt/ros/jazzy DEBUGINFOD_URLS=https://debuginfod.ubuntu.com /usr/bin/cmake /home/luigi/ros2_ws/src/my_robot_description -DCMAKE_INSTALL_PREFIX=/home/luigi/ros2_ws/install/my_robot_description
[4.436s] Invoking command in '/home/luigi/ros2_ws/build/my_robot_description': CMAKE_PREFIX_PATH=${CMAKE_PREFIX_PATH}:/home/luigi/ros2_ws/install/my_robot_control:/home/luigi/ros2_ws/install/my_py_pkg:/opt/ros/jazzy DEBUGINFOD_URLS=https://debuginfod.ubuntu.com /usr/bin/cmake --build /home/luigi/ros2_ws/build/my_robot_description -- -j5 -l5
[4.578s] Invoked command in '/home/luigi/ros2_ws/build/my_robot_description' returned '0': CMAKE_PREFIX_PATH=${CMAKE_PREFIX_PATH}:/home/luigi/ros2_ws/install/my_robot_control:/home/luigi/ros2_ws/install/my_py_pkg:/opt/ros/jazzy DEBUGINFOD_URLS=https://debuginfod.ubuntu.com /usr/bin/cmake --build /home/luigi/ros2_ws/build/my_robot_description -- -j5 -l5
[4.580s] Invoking command in '/home/luigi/ros2_ws/build/my_robot_description': CMAKE_PREFIX_PATH=${CMAKE_PREFIX_PATH}:/home/luigi/ros2_ws/install/my_robot_control:/home/luigi/ros2_ws/install/my_py_pkg:/opt/ros/jazzy DEBUGINFOD_URLS=https://debuginfod.ubuntu.com /usr/bin/cmake --install /home/luigi/ros2_ws/build/my_robot_description
[4.602s] -- Install configuration: ""
[4.602s] -- Installing: /home/luigi/ros2_ws/install/my_robot_description/share/my_robot_description//urdf
[4.603s] -- Installing: /home/luigi/ros2_ws/install/my_robot_description/share/my_robot_description//urdf/my_robot.urdf.xacro
[4.603s] -- Installing: /home/luigi/ros2_ws/install/my_robot_description/share/my_robot_description//urdf/common_properties.xacro
[4.603s] -- Installing: /home/luigi/ros2_ws/install/my_robot_description/share/my_robot_description//urdf/mobile_base_gazebo.xacro
[4.606s] -- Installing: /home/luigi/ros2_ws/install/my_robot_description/share/my_robot_description//urdf/camera.xacro
[4.606s] -- Installing: /home/luigi/ros2_ws/install/my_robot_description/share/my_robot_description//urdf/mobile_base.xacro
[4.607s] -- Installing: /home/luigi/ros2_ws/install/my_robot_description/share/my_robot_description//launch
[4.607s] -- Installing: /home/luigi/ros2_ws/install/my_robot_description/share/my_robot_description//launch/display.launch.xml
[4.607s] -- Installing: /home/luigi/ros2_ws/install/my_robot_description/share/my_robot_description//rviz
[4.607s] -- Installing: /home/luigi/ros2_ws/install/my_robot_description/share/my_robot_description//rviz/urdf_config.rviz
[4.607s] -- Installing: /home/luigi/ros2_ws/install/my_robot_description/share/ament_index/resource_index/package_run_dependencies/my_robot_description
[4.607s] -- Installing: /home/luigi/ros2_ws/install/my_robot_description/share/ament_index/resource_index/parent_prefix_path/my_robot_description
[4.607s] -- Installing: /home/luigi/ros2_ws/install/my_robot_description/share/my_robot_description/environment/ament_prefix_path.sh
[4.608s] -- Installing: /home/luigi/ros2_ws/install/my_robot_description/share/my_robot_description/environment/ament_prefix_path.dsv
[4.608s] -- Installing: /home/luigi/ros2_ws/install/my_robot_description/share/my_robot_description/environment/path.sh
[4.610s] -- Installing: /home/luigi/ros2_ws/install/my_robot_description/share/my_robot_description/environment/path.dsv
[4.610s] -- Installing: /home/luigi/ros2_ws/install/my_robot_description/share/my_robot_description/local_setup.bash
[4.610s] -- Installing: /home/luigi/ros2_ws/install/my_robot_description/share/my_robot_description/local_setup.sh
[4.610s] -- Installing: /home/luigi/ros2_ws/install/my_robot_description/share/my_robot_description/local_setup.zsh
[4.610s] -- Installing: /home/luigi/ros2_ws/install/my_robot_description/share/my_robot_description/local_setup.dsv
[4.611s] -- Installing: /home/luigi/ros2_ws/install/my_robot_description/share/my_robot_description/package.dsv
[4.611s] -- Installing: /home/luigi/ros2_ws/install/my_robot_description/share/ament_index/resource_index/packages/my_robot_description
[4.611s] -- Installing: /home/luigi/ros2_ws/install/my_robot_description/share/my_robot_description/cmake/my_robot_descriptionConfig.cmake
[4.612s] -- Installing: /home/luigi/ros2_ws/install/my_robot_description/share/my_robot_description/cmake/my_robot_descriptionConfig-version.cmake
[4.612s] -- Installing: /home/luigi/ros2_ws/install/my_robot_description/share/my_robot_description/package.xml
[4.619s] Invoked command in '/home/luigi/ros2_ws/build/my_robot_description' returned '0': CMAKE_PREFIX_PATH=${CMAKE_PREFIX_PATH}:/home/luigi/ros2_ws/install/my_robot_control:/home/luigi/ros2_ws/install/my_py_pkg:/opt/ros/jazzy DEBUGINFOD_URLS=https://debuginfod.ubuntu.com /usr/bin/cmake --install /home/luigi/ros2_ws/build/my_robot_description
