[1.071s] Invoking command in '/home/luigi/ros2_ws/build/my_robot_bringup': CMAKE_PREFIX_PATH=${CMAKE_PREFIX_PATH}:/home/luigi/ros2_ws/install/my_robot_control:/home/luigi/ros2_ws/install/my_py_pkg:/opt/ros/jazzy DEBUGINFOD_URLS=https://debuginfod.ubuntu.com /usr/bin/cmake --build /home/luigi/ros2_ws/build/my_robot_bringup -- -j5 -l5
[1.926s] -- Found ament_cmake: 2.5.4 (/opt/ros/jazzy/share/ament_cmake/cmake)
[2.589s] -- Found ament_lint_auto: 0.17.3 (/opt/ros/jazzy/share/ament_lint_auto/cmake)
[3.591s] -- Added test 'flake8' to check Python code syntax and style conventions
[3.591s] -- Configured 'flake8' exclude dirs and/or files: 
[3.617s] -- Added test 'lint_cmake' to check CMake code style
[3.617s] -- Added test 'pep257' to check Python code against some of the docstring style conventions in PEP 257
[3.634s] -- Added test 'xmllint' to check XML markup files
[3.642s] -- Configuring done (2.5s)
[3.712s] -- Generating done (0.1s)
[3.745s] -- Build files have been written to: /home/luigi/ros2_ws/build/my_robot_bringup
[4.226s] Invoked command in '/home/luigi/ros2_ws/build/my_robot_bringup' returned '0': CMAKE_PREFIX_PATH=${CMAKE_PREFIX_PATH}:/home/luigi/ros2_ws/install/my_robot_control:/home/luigi/ros2_ws/install/my_py_pkg:/opt/ros/jazzy DEBUGINFOD_URLS=https://debuginfod.ubuntu.com /usr/bin/cmake --build /home/luigi/ros2_ws/build/my_robot_bringup -- -j5 -l5
[4.230s] Invoking command in '/home/luigi/ros2_ws/build/my_robot_bringup': CMAKE_PREFIX_PATH=${CMAKE_PREFIX_PATH}:/home/luigi/ros2_ws/install/my_robot_control:/home/luigi/ros2_ws/install/my_py_pkg:/opt/ros/jazzy DEBUGINFOD_URLS=https://debuginfod.ubuntu.com /usr/bin/cmake --install /home/luigi/ros2_ws/build/my_robot_bringup
[4.306s] -- Install configuration: ""
[4.306s] -- Up-to-date: /home/luigi/ros2_ws/install/my_robot_bringup/share/my_robot_bringup/launch
[4.307s] -- Installing: /home/luigi/ros2_ws/install/my_robot_bringup/share/my_robot_bringup/launch/my_robot_gazebo.launch.xml
[4.345s] -- Installing: /home/luigi/ros2_ws/install/my_robot_bringup/share/my_robot_bringup/launch/gazebo.launch.xml
[4.346s] -- Up-to-date: /home/luigi/ros2_ws/install/my_robot_bringup/share/my_robot_bringup/config
[4.346s] -- Installing: /home/luigi/ros2_ws/install/my_robot_bringup/share/my_robot_bringup/config/gazebo_bridge.yaml
[4.346s] -- Up-to-date: /home/luigi/ros2_ws/install/my_robot_bringup/share/my_robot_bringup/worlds
[4.346s] -- Installing: /home/luigi/ros2_ws/install/my_robot_bringup/share/my_robot_bringup/worlds/test_world.sdf
[4.346s] -- Installing: /home/luigi/ros2_ws/install/my_robot_bringup/share/ament_index/resource_index/package_run_dependencies/my_robot_bringup
[4.346s] -- Up-to-date: /home/luigi/ros2_ws/install/my_robot_bringup/share/ament_index/resource_index/parent_prefix_path/my_robot_bringup
[4.346s] -- Up-to-date: /home/luigi/ros2_ws/install/my_robot_bringup/share/my_robot_bringup/environment/ament_prefix_path.sh
[4.346s] -- Up-to-date: /home/luigi/ros2_ws/install/my_robot_bringup/share/my_robot_bringup/environment/ament_prefix_path.dsv
[4.347s] -- Up-to-date: /home/luigi/ros2_ws/install/my_robot_bringup/share/my_robot_bringup/environment/path.sh
[4.386s] -- Up-to-date: /home/luigi/ros2_ws/install/my_robot_bringup/share/my_robot_bringup/environment/path.dsv
[4.387s] -- Up-to-date: /home/luigi/ros2_ws/install/my_robot_bringup/share/my_robot_bringup/local_setup.bash
[4.387s] -- Up-to-date: /home/luigi/ros2_ws/install/my_robot_bringup/share/my_robot_bringup/local_setup.sh
[4.387s] -- Up-to-date: /home/luigi/ros2_ws/install/my_robot_bringup/share/my_robot_bringup/local_setup.zsh
[4.432s] -- Up-to-date: /home/luigi/ros2_ws/install/my_robot_bringup/share/my_robot_bringup/local_setup.dsv
[4.432s] -- Up-to-date: /home/luigi/ros2_ws/install/my_robot_bringup/share/my_robot_bringup/package.dsv
[4.432s] -- Up-to-date: /home/luigi/ros2_ws/install/my_robot_bringup/share/ament_index/resource_index/packages/my_robot_bringup
[4.432s] -- Up-to-date: /home/luigi/ros2_ws/install/my_robot_bringup/share/my_robot_bringup/cmake/my_robot_bringupConfig.cmake
[4.433s] -- Up-to-date: /home/luigi/ros2_ws/install/my_robot_bringup/share/my_robot_bringup/cmake/my_robot_bringupConfig-version.cmake
[4.438s] -- Installing: /home/luigi/ros2_ws/install/my_robot_bringup/share/my_robot_bringup/package.xml
[4.438s] Invoked command in '/home/luigi/ros2_ws/build/my_robot_bringup' returned '0': CMAKE_PREFIX_PATH=${CMAKE_PREFIX_PATH}:/home/luigi/ros2_ws/install/my_robot_control:/home/luigi/ros2_ws/install/my_py_pkg:/opt/ros/jazzy DEBUGINFOD_URLS=https://debuginfod.ubuntu.com /usr/bin/cmake --install /home/luigi/ros2_ws/build/my_robot_bringup
