[0.446s] DEBUG:colcon:Command line arguments: ['/usr/bin/colcon', 'build']
[0.447s] DEBUG:colcon:Parsed command line arguments: Namespace(log_base=None, log_level=None, verb_name='build', build_base='build', install_base='install', merge_install=False, symlink_install=False, test_result_base=None, continue_on_error=False, executor='parallel', parallel_workers=5, event_handlers=None, ignore_user_meta=False, metas=['./colcon.meta'], base_paths=['.'], packages_ignore=None, packages_ignore_regex=None, paths=None, packages_up_to=None, packages_up_to_regex=None, packages_above=None, packages_above_and_dependencies=None, packages_above_depth=None, packages_select_by_dep=None, packages_skip_by_dep=None, packages_skip_up_to=None, packages_select_build_failed=False, packages_skip_build_finished=False, packages_select_test_failures=False, packages_skip_test_passed=False, packages_select=None, packages_skip=None, packages_select_regex=None, packages_skip_regex=None, packages_start=None, packages_end=None, allow_overriding=[], cmake_args=None, cmake_target=None, cmake_target_skip_unavailable=False, cmake_clean_cache=False, cmake_clean_first=False, cmake_force_configure=False, ament_cmake_args=None, catkin_cmake_args=None, catkin_skip_building_tests=False, mixin_files=None, mixin=None, verb_parser=<colcon_mixin.mixin.mixin_argument.MixinArgumentDecorator object at 0x70fd8d3904a0>, verb_extension=<colcon_core.verb.build.BuildVerb object at 0x70fd8d4bcc80>, main=<bound method BuildVerb.main of <colcon_core.verb.build.BuildVerb object at 0x70fd8d4bcc80>>, mixin_verb=('build',))
[0.618s] Level 1:colcon.colcon_core.package_discovery:discover_packages(colcon_meta) check parameters
[0.618s] Level 1:colcon.colcon_core.package_discovery:discover_packages(recursive) check parameters
[0.618s] Level 1:colcon.colcon_core.package_discovery:discover_packages(ignore) check parameters
[0.619s] Level 1:colcon.colcon_core.package_discovery:discover_packages(path) check parameters
[0.619s] Level 1:colcon.colcon_core.package_discovery:discover_packages(colcon_meta) discover
[0.619s] Level 1:colcon.colcon_core.package_discovery:discover_packages(recursive) discover
[0.619s] INFO:colcon.colcon_core.package_discovery:Crawling recursively for packages in '/home/luigi/ros2_ws'
[0.619s] Level 1:colcon.colcon_core.package_identification:_identify(.) by extensions ['ignore', 'ignore_ament_install']
[0.619s] Level 1:colcon.colcon_core.package_identification:_identify(.) by extension 'ignore'
[0.619s] Level 1:colcon.colcon_core.package_identification:_identify(.) by extension 'ignore_ament_install'
[0.619s] Level 1:colcon.colcon_core.package_identification:_identify(.) by extensions ['colcon_pkg']
[0.619s] Level 1:colcon.colcon_core.package_identification:_identify(.) by extension 'colcon_pkg'
[0.619s] Level 1:colcon.colcon_core.package_identification:_identify(.) by extensions ['colcon_meta']
[0.619s] Level 1:colcon.colcon_core.package_identification:_identify(.) by extension 'colcon_meta'
[0.619s] Level 1:colcon.colcon_core.package_identification:_identify(.) by extensions ['ros']
[0.619s] Level 1:colcon.colcon_core.package_identification:_identify(.) by extension 'ros'
[0.715s] Level 1:colcon.colcon_core.package_identification:_identify(.) by extensions ['cmake', 'python']
[0.715s] Level 1:colcon.colcon_core.package_identification:_identify(.) by extension 'cmake'
[0.716s] Level 1:colcon.colcon_core.package_identification:_identify(.) by extension 'python'
[0.718s] Level 1:colcon.colcon_core.package_identification:_identify(.) by extensions ['python_setup_py']
[0.719s] Level 1:colcon.colcon_core.package_identification:_identify(.) by extension 'python_setup_py'
[0.724s] Level 1:colcon.colcon_core.package_identification:_identify(Replace) by extensions ['ignore', 'ignore_ament_install']
[0.724s] Level 1:colcon.colcon_core.package_identification:_identify(Replace) by extension 'ignore'
[0.724s] Level 1:colcon.colcon_core.package_identification:_identify(Replace) ignored
[0.725s] Level 1:colcon.colcon_core.package_identification:_identify(build) by extensions ['ignore', 'ignore_ament_install']
[0.725s] Level 1:colcon.colcon_core.package_identification:_identify(build) by extension 'ignore'
[0.725s] Level 1:colcon.colcon_core.package_identification:_identify(build) ignored
[0.725s] Level 1:colcon.colcon_core.package_identification:_identify(camera_follower) by extensions ['ignore', 'ignore_ament_install']
[0.725s] Level 1:colcon.colcon_core.package_identification:_identify(camera_follower) by extension 'ignore'
[0.725s] Level 1:colcon.colcon_core.package_identification:_identify(camera_follower) ignored
[0.732s] Level 1:colcon.colcon_core.package_identification:_identify(install) by extensions ['ignore', 'ignore_ament_install']
[0.732s] Level 1:colcon.colcon_core.package_identification:_identify(install) by extension 'ignore'
[0.732s] Level 1:colcon.colcon_core.package_identification:_identify(install) ignored
[0.733s] Level 1:colcon.colcon_core.package_identification:_identify(log) by extensions ['ignore', 'ignore_ament_install']
[0.733s] Level 1:colcon.colcon_core.package_identification:_identify(log) by extension 'ignore'
[0.733s] Level 1:colcon.colcon_core.package_identification:_identify(log) ignored
[0.733s] Level 1:colcon.colcon_core.package_identification:_identify(my_robot_bringup_backup) by extensions ['ignore', 'ignore_ament_install']
[0.734s] Level 1:colcon.colcon_core.package_identification:_identify(my_robot_bringup_backup) by extension 'ignore'
[0.734s] Level 1:colcon.colcon_core.package_identification:_identify(my_robot_bringup_backup) ignored
[0.734s] Level 1:colcon.colcon_core.package_identification:_identify(src) by extensions ['ignore', 'ignore_ament_install']
[0.734s] Level 1:colcon.colcon_core.package_identification:_identify(src) by extension 'ignore'
[0.734s] Level 1:colcon.colcon_core.package_identification:_identify(src) by extension 'ignore_ament_install'
[0.734s] Level 1:colcon.colcon_core.package_identification:_identify(src) by extensions ['colcon_pkg']
[0.734s] Level 1:colcon.colcon_core.package_identification:_identify(src) by extension 'colcon_pkg'
[0.734s] Level 1:colcon.colcon_core.package_identification:_identify(src) by extensions ['colcon_meta']
[0.734s] Level 1:colcon.colcon_core.package_identification:_identify(src) by extension 'colcon_meta'
[0.734s] Level 1:colcon.colcon_core.package_identification:_identify(src) by extensions ['ros']
[0.734s] Level 1:colcon.colcon_core.package_identification:_identify(src) by extension 'ros'
[0.734s] Level 1:colcon.colcon_core.package_identification:_identify(src) by extensions ['cmake', 'python']
[0.734s] Level 1:colcon.colcon_core.package_identification:_identify(src) by extension 'cmake'
[0.734s] Level 1:colcon.colcon_core.package_identification:_identify(src) by extension 'python'
[0.734s] Level 1:colcon.colcon_core.package_identification:_identify(src) by extensions ['python_setup_py']
[0.734s] Level 1:colcon.colcon_core.package_identification:_identify(src) by extension 'python_setup_py'
[0.735s] Level 1:colcon.colcon_core.package_identification:_identify(src/log) by extensions ['ignore', 'ignore_ament_install']
[0.735s] Level 1:colcon.colcon_core.package_identification:_identify(src/log) by extension 'ignore'
[0.735s] Level 1:colcon.colcon_core.package_identification:_identify(src/log) ignored
[0.735s] Level 1:colcon.colcon_core.package_identification:_identify(src/my_cpp_pkg) by extensions ['ignore', 'ignore_ament_install']
[0.735s] Level 1:colcon.colcon_core.package_identification:_identify(src/my_cpp_pkg) by extension 'ignore'
[0.735s] Level 1:colcon.colcon_core.package_identification:_identify(src/my_cpp_pkg) by extension 'ignore_ament_install'
[0.735s] Level 1:colcon.colcon_core.package_identification:_identify(src/my_cpp_pkg) by extensions ['colcon_pkg']
[0.735s] Level 1:colcon.colcon_core.package_identification:_identify(src/my_cpp_pkg) by extension 'colcon_pkg'
[0.735s] Level 1:colcon.colcon_core.package_identification:_identify(src/my_cpp_pkg) by extensions ['colcon_meta']
[0.735s] Level 1:colcon.colcon_core.package_identification:_identify(src/my_cpp_pkg) by extension 'colcon_meta'
[0.735s] Level 1:colcon.colcon_core.package_identification:_identify(src/my_cpp_pkg) by extensions ['ros']
[0.735s] Level 1:colcon.colcon_core.package_identification:_identify(src/my_cpp_pkg) by extension 'ros'
[0.786s] DEBUG:colcon.colcon_core.package_identification:Package 'src/my_cpp_pkg' with type 'ros.ament_cmake' and name 'my_cpp_pkg'
[0.786s] Level 1:colcon.colcon_core.package_identification:_identify(src/my_py_pkg) by extensions ['ignore', 'ignore_ament_install']
[0.787s] Level 1:colcon.colcon_core.package_identification:_identify(src/my_py_pkg) by extension 'ignore'
[0.787s] Level 1:colcon.colcon_core.package_identification:_identify(src/my_py_pkg) by extension 'ignore_ament_install'
[0.787s] Level 1:colcon.colcon_core.package_identification:_identify(src/my_py_pkg) by extensions ['colcon_pkg']
[0.787s] Level 1:colcon.colcon_core.package_identification:_identify(src/my_py_pkg) by extension 'colcon_pkg'
[0.787s] Level 1:colcon.colcon_core.package_identification:_identify(src/my_py_pkg) by extensions ['colcon_meta']
[0.787s] Level 1:colcon.colcon_core.package_identification:_identify(src/my_py_pkg) by extension 'colcon_meta'
[0.787s] Level 1:colcon.colcon_core.package_identification:_identify(src/my_py_pkg) by extensions ['ros']
[0.787s] Level 1:colcon.colcon_core.package_identification:_identify(src/my_py_pkg) by extension 'ros'
[0.788s] DEBUG:colcon.colcon_core.package_identification:Package 'src/my_py_pkg' with type 'ros.ament_python' and name 'my_py_pkg'
[0.788s] Level 1:colcon.colcon_core.package_identification:_identify(src/my_robot_bringup) by extensions ['ignore', 'ignore_ament_install']
[0.788s] Level 1:colcon.colcon_core.package_identification:_identify(src/my_robot_bringup) by extension 'ignore'
[0.788s] Level 1:colcon.colcon_core.package_identification:_identify(src/my_robot_bringup) by extension 'ignore_ament_install'
[0.788s] Level 1:colcon.colcon_core.package_identification:_identify(src/my_robot_bringup) by extensions ['colcon_pkg']
[0.788s] Level 1:colcon.colcon_core.package_identification:_identify(src/my_robot_bringup) by extension 'colcon_pkg'
[0.788s] Level 1:colcon.colcon_core.package_identification:_identify(src/my_robot_bringup) by extensions ['colcon_meta']
[0.788s] Level 1:colcon.colcon_core.package_identification:_identify(src/my_robot_bringup) by extension 'colcon_meta'
[0.788s] Level 1:colcon.colcon_core.package_identification:_identify(src/my_robot_bringup) by extensions ['ros']
[0.788s] Level 1:colcon.colcon_core.package_identification:_identify(src/my_robot_bringup) by extension 'ros'
[0.797s] DEBUG:colcon.colcon_core.package_identification:Package 'src/my_robot_bringup' with type 'ros.ament_cmake' and name 'my_robot_bringup'
[0.798s] Level 1:colcon.colcon_core.package_identification:_identify(src/my_robot_control) by extensions ['ignore', 'ignore_ament_install']
[0.798s] Level 1:colcon.colcon_core.package_identification:_identify(src/my_robot_control) by extension 'ignore'
[0.799s] Level 1:colcon.colcon_core.package_identification:_identify(src/my_robot_control) by extension 'ignore_ament_install'
[0.799s] Level 1:colcon.colcon_core.package_identification:_identify(src/my_robot_control) by extensions ['colcon_pkg']
[0.799s] Level 1:colcon.colcon_core.package_identification:_identify(src/my_robot_control) by extension 'colcon_pkg'
[0.799s] Level 1:colcon.colcon_core.package_identification:_identify(src/my_robot_control) by extensions ['colcon_meta']
[0.799s] Level 1:colcon.colcon_core.package_identification:_identify(src/my_robot_control) by extension 'colcon_meta'
[0.799s] Level 1:colcon.colcon_core.package_identification:_identify(src/my_robot_control) by extensions ['ros']
[0.799s] Level 1:colcon.colcon_core.package_identification:_identify(src/my_robot_control) by extension 'ros'
[0.800s] DEBUG:colcon.colcon_core.package_identification:Package 'src/my_robot_control' with type 'ros.ament_python' and name 'my_robot_control'
[0.800s] Level 1:colcon.colcon_core.package_identification:_identify(src/my_robot_description) by extensions ['ignore', 'ignore_ament_install']
[0.800s] Level 1:colcon.colcon_core.package_identification:_identify(src/my_robot_description) by extension 'ignore'
[0.800s] Level 1:colcon.colcon_core.package_identification:_identify(src/my_robot_description) by extension 'ignore_ament_install'
[0.800s] Level 1:colcon.colcon_core.package_identification:_identify(src/my_robot_description) by extensions ['colcon_pkg']
[0.800s] Level 1:colcon.colcon_core.package_identification:_identify(src/my_robot_description) by extension 'colcon_pkg'
[0.800s] Level 1:colcon.colcon_core.package_identification:_identify(src/my_robot_description) by extensions ['colcon_meta']
[0.800s] Level 1:colcon.colcon_core.package_identification:_identify(src/my_robot_description) by extension 'colcon_meta'
[0.800s] Level 1:colcon.colcon_core.package_identification:_identify(src/my_robot_description) by extensions ['ros']
[0.800s] Level 1:colcon.colcon_core.package_identification:_identify(src/my_robot_description) by extension 'ros'
[0.805s] DEBUG:colcon.colcon_core.package_identification:Package 'src/my_robot_description' with type 'ros.ament_cmake' and name 'my_robot_description'
[0.806s] Level 1:colcon.colcon_core.package_discovery:discover_packages(recursive) using defaults
[0.806s] Level 1:colcon.colcon_core.package_discovery:discover_packages(ignore) discover
[0.807s] Level 1:colcon.colcon_core.package_discovery:discover_packages(ignore) using defaults
[0.807s] Level 1:colcon.colcon_core.package_discovery:discover_packages(path) discover
[0.807s] Level 1:colcon.colcon_core.package_discovery:discover_packages(path) using defaults
[0.852s] Level 1:colcon.colcon_core.package_discovery:discover_packages(prefix_path) check parameters
[0.852s] Level 1:colcon.colcon_core.package_discovery:discover_packages(prefix_path) discover
[0.855s] DEBUG:colcon.colcon_installed_package_information.package_discovery:Found 5 installed packages in /home/luigi/ros2_ws/install
[0.867s] DEBUG:colcon.colcon_installed_package_information.package_discovery:Found 319 installed packages in /opt/ros/jazzy
[0.871s] Level 1:colcon.colcon_core.package_discovery:discover_packages(prefix_path) using defaults
[1.016s] Level 5:colcon.colcon_core.verb:set package 'my_cpp_pkg' build argument 'cmake_args' from command line to 'None'
[1.017s] Level 5:colcon.colcon_core.verb:set package 'my_cpp_pkg' build argument 'cmake_target' from command line to 'None'
[1.017s] Level 5:colcon.colcon_core.verb:set package 'my_cpp_pkg' build argument 'cmake_target_skip_unavailable' from command line to 'False'
[1.017s] Level 5:colcon.colcon_core.verb:set package 'my_cpp_pkg' build argument 'cmake_clean_cache' from command line to 'False'
[1.017s] Level 5:colcon.colcon_core.verb:set package 'my_cpp_pkg' build argument 'cmake_clean_first' from command line to 'False'
[1.017s] Level 5:colcon.colcon_core.verb:set package 'my_cpp_pkg' build argument 'cmake_force_configure' from command line to 'False'
[1.017s] Level 5:colcon.colcon_core.verb:set package 'my_cpp_pkg' build argument 'ament_cmake_args' from command line to 'None'
[1.017s] Level 5:colcon.colcon_core.verb:set package 'my_cpp_pkg' build argument 'catkin_cmake_args' from command line to 'None'
[1.017s] Level 5:colcon.colcon_core.verb:set package 'my_cpp_pkg' build argument 'catkin_skip_building_tests' from command line to 'False'
[1.018s] DEBUG:colcon.colcon_core.verb:Building package 'my_cpp_pkg' with the following arguments: {'ament_cmake_args': None, 'build_base': '/home/luigi/ros2_ws/build/my_cpp_pkg', 'catkin_cmake_args': None, 'catkin_skip_building_tests': False, 'cmake_args': None, 'cmake_clean_cache': False, 'cmake_clean_first': False, 'cmake_force_configure': False, 'cmake_target': None, 'cmake_target_skip_unavailable': False, 'install_base': '/home/luigi/ros2_ws/install/my_cpp_pkg', 'merge_install': False, 'path': '/home/luigi/ros2_ws/src/my_cpp_pkg', 'symlink_install': False, 'test_result_base': None}
[1.020s] Level 5:colcon.colcon_core.verb:set package 'my_py_pkg' build argument 'cmake_args' from command line to 'None'
[1.020s] Level 5:colcon.colcon_core.verb:set package 'my_py_pkg' build argument 'cmake_target' from command line to 'None'
[1.020s] Level 5:colcon.colcon_core.verb:set package 'my_py_pkg' build argument 'cmake_target_skip_unavailable' from command line to 'False'
[1.020s] Level 5:colcon.colcon_core.verb:set package 'my_py_pkg' build argument 'cmake_clean_cache' from command line to 'False'
[1.021s] Level 5:colcon.colcon_core.verb:set package 'my_py_pkg' build argument 'cmake_clean_first' from command line to 'False'
[1.021s] Level 5:colcon.colcon_core.verb:set package 'my_py_pkg' build argument 'cmake_force_configure' from command line to 'False'
[1.021s] Level 5:colcon.colcon_core.verb:set package 'my_py_pkg' build argument 'ament_cmake_args' from command line to 'None'
[1.021s] Level 5:colcon.colcon_core.verb:set package 'my_py_pkg' build argument 'catkin_cmake_args' from command line to 'None'
[1.021s] Level 5:colcon.colcon_core.verb:set package 'my_py_pkg' build argument 'catkin_skip_building_tests' from command line to 'False'
[1.021s] DEBUG:colcon.colcon_core.verb:Building package 'my_py_pkg' with the following arguments: {'ament_cmake_args': None, 'build_base': '/home/luigi/ros2_ws/build/my_py_pkg', 'catkin_cmake_args': None, 'catkin_skip_building_tests': False, 'cmake_args': None, 'cmake_clean_cache': False, 'cmake_clean_first': False, 'cmake_force_configure': False, 'cmake_target': None, 'cmake_target_skip_unavailable': False, 'install_base': '/home/luigi/ros2_ws/install/my_py_pkg', 'merge_install': False, 'path': '/home/luigi/ros2_ws/src/my_py_pkg', 'symlink_install': False, 'test_result_base': None}
[1.022s] Level 5:colcon.colcon_core.verb:set package 'my_robot_bringup' build argument 'cmake_args' from command line to 'None'
[1.022s] Level 5:colcon.colcon_core.verb:set package 'my_robot_bringup' build argument 'cmake_target' from command line to 'None'
[1.022s] Level 5:colcon.colcon_core.verb:set package 'my_robot_bringup' build argument 'cmake_target_skip_unavailable' from command line to 'False'
[1.022s] Level 5:colcon.colcon_core.verb:set package 'my_robot_bringup' build argument 'cmake_clean_cache' from command line to 'False'
[1.022s] Level 5:colcon.colcon_core.verb:set package 'my_robot_bringup' build argument 'cmake_clean_first' from command line to 'False'
[1.022s] Level 5:colcon.colcon_core.verb:set package 'my_robot_bringup' build argument 'cmake_force_configure' from command line to 'False'
[1.022s] Level 5:colcon.colcon_core.verb:set package 'my_robot_bringup' build argument 'ament_cmake_args' from command line to 'None'
[1.022s] Level 5:colcon.colcon_core.verb:set package 'my_robot_bringup' build argument 'catkin_cmake_args' from command line to 'None'
[1.023s] Level 5:colcon.colcon_core.verb:set package 'my_robot_bringup' build argument 'catkin_skip_building_tests' from command line to 'False'
[1.023s] DEBUG:colcon.colcon_core.verb:Building package 'my_robot_bringup' with the following arguments: {'ament_cmake_args': None, 'build_base': '/home/luigi/ros2_ws/build/my_robot_bringup', 'catkin_cmake_args': None, 'catkin_skip_building_tests': False, 'cmake_args': None, 'cmake_clean_cache': False, 'cmake_clean_first': False, 'cmake_force_configure': False, 'cmake_target': None, 'cmake_target_skip_unavailable': False, 'install_base': '/home/luigi/ros2_ws/install/my_robot_bringup', 'merge_install': False, 'path': '/home/luigi/ros2_ws/src/my_robot_bringup', 'symlink_install': False, 'test_result_base': None}
[1.024s] Level 5:colcon.colcon_core.verb:set package 'my_robot_control' build argument 'cmake_args' from command line to 'None'
[1.024s] Level 5:colcon.colcon_core.verb:set package 'my_robot_control' build argument 'cmake_target' from command line to 'None'
[1.024s] Level 5:colcon.colcon_core.verb:set package 'my_robot_control' build argument 'cmake_target_skip_unavailable' from command line to 'False'
[1.024s] Level 5:colcon.colcon_core.verb:set package 'my_robot_control' build argument 'cmake_clean_cache' from command line to 'False'
[1.024s] Level 5:colcon.colcon_core.verb:set package 'my_robot_control' build argument 'cmake_clean_first' from command line to 'False'
[1.024s] Level 5:colcon.colcon_core.verb:set package 'my_robot_control' build argument 'cmake_force_configure' from command line to 'False'
[1.025s] Level 5:colcon.colcon_core.verb:set package 'my_robot_control' build argument 'ament_cmake_args' from command line to 'None'
[1.026s] Level 5:colcon.colcon_core.verb:set package 'my_robot_control' build argument 'catkin_cmake_args' from command line to 'None'
[1.026s] Level 5:colcon.colcon_core.verb:set package 'my_robot_control' build argument 'catkin_skip_building_tests' from command line to 'False'
[1.027s] DEBUG:colcon.colcon_core.verb:Building package 'my_robot_control' with the following arguments: {'ament_cmake_args': None, 'build_base': '/home/luigi/ros2_ws/build/my_robot_control', 'catkin_cmake_args': None, 'catkin_skip_building_tests': False, 'cmake_args': None, 'cmake_clean_cache': False, 'cmake_clean_first': False, 'cmake_force_configure': False, 'cmake_target': None, 'cmake_target_skip_unavailable': False, 'install_base': '/home/luigi/ros2_ws/install/my_robot_control', 'merge_install': False, 'path': '/home/luigi/ros2_ws/src/my_robot_control', 'symlink_install': False, 'test_result_base': None}
[1.027s] Level 5:colcon.colcon_core.verb:set package 'my_robot_description' build argument 'cmake_args' from command line to 'None'
[1.027s] Level 5:colcon.colcon_core.verb:set package 'my_robot_description' build argument 'cmake_target' from command line to 'None'
[1.027s] Level 5:colcon.colcon_core.verb:set package 'my_robot_description' build argument 'cmake_target_skip_unavailable' from command line to 'False'
[1.027s] Level 5:colcon.colcon_core.verb:set package 'my_robot_description' build argument 'cmake_clean_cache' from command line to 'False'
[1.027s] Level 5:colcon.colcon_core.verb:set package 'my_robot_description' build argument 'cmake_clean_first' from command line to 'False'
[1.027s] Level 5:colcon.colcon_core.verb:set package 'my_robot_description' build argument 'cmake_force_configure' from command line to 'False'
[1.027s] Level 5:colcon.colcon_core.verb:set package 'my_robot_description' build argument 'ament_cmake_args' from command line to 'None'
[1.027s] Level 5:colcon.colcon_core.verb:set package 'my_robot_description' build argument 'catkin_cmake_args' from command line to 'None'
[1.027s] Level 5:colcon.colcon_core.verb:set package 'my_robot_description' build argument 'catkin_skip_building_tests' from command line to 'False'
[1.027s] DEBUG:colcon.colcon_core.verb:Building package 'my_robot_description' with the following arguments: {'ament_cmake_args': None, 'build_base': '/home/luigi/ros2_ws/build/my_robot_description', 'catkin_cmake_args': None, 'catkin_skip_building_tests': False, 'cmake_args': None, 'cmake_clean_cache': False, 'cmake_clean_first': False, 'cmake_force_configure': False, 'cmake_target': None, 'cmake_target_skip_unavailable': False, 'install_base': '/home/luigi/ros2_ws/install/my_robot_description', 'merge_install': False, 'path': '/home/luigi/ros2_ws/src/my_robot_description', 'symlink_install': False, 'test_result_base': None}
[1.028s] INFO:colcon.colcon_core.executor:Executing jobs using 'parallel' executor
[1.036s] DEBUG:colcon.colcon_parallel_executor.executor.parallel:run_until_complete
[1.037s] INFO:colcon.colcon_ros.task.ament_cmake.build:Building ROS package in '/home/luigi/ros2_ws/src/my_cpp_pkg' with build type 'ament_cmake'
[1.037s] INFO:colcon.colcon_cmake.task.cmake.build:Building CMake package in '/home/luigi/ros2_ws/src/my_cpp_pkg'
[1.071s] INFO:colcon.colcon_core.plugin_system:Skipping extension 'colcon_core.shell.bat': Not used on non-Windows systems
[1.072s] INFO:colcon.colcon_core.shell:Skip shell extension 'powershell' for command environment: Not usable outside of PowerShell
[1.073s] DEBUG:colcon.colcon_core.shell:Skip shell extension 'dsv' for command environment
[1.093s] INFO:colcon.colcon_ros.task.ament_python.build:Building ROS package in '/home/luigi/ros2_ws/src/my_py_pkg' with build type 'ament_python'
[1.093s] Level 1:colcon.colcon_core.shell:create_environment_hook('my_py_pkg', 'ament_prefix_path')
[1.094s] INFO:colcon.colcon_core.shell:Creating environment hook '/home/luigi/ros2_ws/install/my_py_pkg/share/my_py_pkg/hook/ament_prefix_path.ps1'
[1.106s] INFO:colcon.colcon_core.shell:Creating environment descriptor '/home/luigi/ros2_ws/install/my_py_pkg/share/my_py_pkg/hook/ament_prefix_path.dsv'
[1.114s] INFO:colcon.colcon_core.shell:Creating environment hook '/home/luigi/ros2_ws/install/my_py_pkg/share/my_py_pkg/hook/ament_prefix_path.sh'
[1.118s] INFO:colcon.colcon_core.shell:Skip shell extension 'powershell' for command environment: Not usable outside of PowerShell
[1.118s] DEBUG:colcon.colcon_core.shell:Skip shell extension 'dsv' for command environment
[1.133s] INFO:colcon.colcon_ros.task.ament_cmake.build:Building ROS package in '/home/luigi/ros2_ws/src/my_robot_bringup' with build type 'ament_cmake'
[1.139s] INFO:colcon.colcon_cmake.task.cmake.build:Building CMake package in '/home/luigi/ros2_ws/src/my_robot_bringup'
[1.140s] INFO:colcon.colcon_core.shell:Skip shell extension 'powershell' for command environment: Not usable outside of PowerShell
[1.140s] DEBUG:colcon.colcon_core.shell:Skip shell extension 'dsv' for command environment
[1.174s] INFO:colcon.colcon_ros.task.ament_python.build:Building ROS package in '/home/luigi/ros2_ws/src/my_robot_control' with build type 'ament_python'
[1.174s] Level 1:colcon.colcon_core.shell:create_environment_hook('my_robot_control', 'ament_prefix_path')
[1.175s] INFO:colcon.colcon_core.shell:Creating environment hook '/home/luigi/ros2_ws/install/my_robot_control/share/my_robot_control/hook/ament_prefix_path.ps1'
[1.184s] INFO:colcon.colcon_core.shell:Creating environment descriptor '/home/luigi/ros2_ws/install/my_robot_control/share/my_robot_control/hook/ament_prefix_path.dsv'
[1.188s] INFO:colcon.colcon_core.shell:Creating environment hook '/home/luigi/ros2_ws/install/my_robot_control/share/my_robot_control/hook/ament_prefix_path.sh'
[1.193s] INFO:colcon.colcon_core.shell:Skip shell extension 'powershell' for command environment: Not usable outside of PowerShell
[1.194s] DEBUG:colcon.colcon_core.shell:Skip shell extension 'dsv' for command environment
[1.212s] INFO:colcon.colcon_ros.task.ament_cmake.build:Building ROS package in '/home/luigi/ros2_ws/src/my_robot_description' with build type 'ament_cmake'
[1.219s] INFO:colcon.colcon_cmake.task.cmake.build:Building CMake package in '/home/luigi/ros2_ws/src/my_robot_description'
[1.219s] INFO:colcon.colcon_core.shell:Skip shell extension 'powershell' for command environment: Not usable outside of PowerShell
[1.219s] DEBUG:colcon.colcon_core.shell:Skip shell extension 'dsv' for command environment
[1.293s] DEBUG:colcon.colcon_core.event_handler.log_command:Invoking command in '/home/luigi/ros2_ws/build/my_cpp_pkg': CMAKE_PREFIX_PATH=${CMAKE_PREFIX_PATH}:/home/luigi/ros2_ws/install/my_robot_control:/home/luigi/ros2_ws/install/my_py_pkg:/opt/ros/jazzy DEBUGINFOD_URLS=https://debuginfod.ubuntu.com /usr/bin/cmake --build /home/luigi/ros2_ws/build/my_cpp_pkg -- -j5 -l5
[2.161s] INFO:colcon.colcon_core.task.python.build:Building Python package in '/home/luigi/ros2_ws/src/my_py_pkg'
[2.162s] INFO:colcon.colcon_core.shell:Skip shell extension 'powershell' for command environment: Not usable outside of PowerShell
[2.175s] DEBUG:colcon.colcon_core.shell:Skip shell extension 'dsv' for command environment
[2.225s] DEBUG:colcon.colcon_core.event_handler.log_command:Invoking command in '/home/luigi/ros2_ws/build/my_robot_bringup': CMAKE_PREFIX_PATH=${CMAKE_PREFIX_PATH}:/home/luigi/ros2_ws/install/my_robot_control:/home/luigi/ros2_ws/install/my_py_pkg:/opt/ros/jazzy DEBUGINFOD_URLS=https://debuginfod.ubuntu.com /usr/bin/cmake --build /home/luigi/ros2_ws/build/my_robot_bringup -- -j5 -l5
[3.046s] INFO:colcon.colcon_core.task.python.build:Building Python package in '/home/luigi/ros2_ws/src/my_robot_control'
[3.046s] INFO:colcon.colcon_core.shell:Skip shell extension 'powershell' for command environment: Not usable outside of PowerShell
[3.046s] DEBUG:colcon.colcon_core.shell:Skip shell extension 'dsv' for command environment
[3.087s] DEBUG:colcon.colcon_core.event_handler.log_command:Invoked command in '/home/luigi/ros2_ws/build/my_cpp_pkg' returned '0': CMAKE_PREFIX_PATH=${CMAKE_PREFIX_PATH}:/home/luigi/ros2_ws/install/my_robot_control:/home/luigi/ros2_ws/install/my_py_pkg:/opt/ros/jazzy DEBUGINFOD_URLS=https://debuginfod.ubuntu.com /usr/bin/cmake --build /home/luigi/ros2_ws/build/my_cpp_pkg -- -j5 -l5
[3.145s] DEBUG:colcon.colcon_core.event_handler.log_command:Invoking command in '/home/luigi/ros2_ws/build/my_cpp_pkg': CMAKE_PREFIX_PATH=${CMAKE_PREFIX_PATH}:/home/luigi/ros2_ws/install/my_robot_control:/home/luigi/ros2_ws/install/my_py_pkg:/opt/ros/jazzy DEBUGINFOD_URLS=https://debuginfod.ubuntu.com /usr/bin/cmake --install /home/luigi/ros2_ws/build/my_cpp_pkg
[3.165s] DEBUG:colcon.colcon_core.event_handler.log_command:Invoking command in '/home/luigi/ros2_ws/build/my_robot_description': CMAKE_PREFIX_PATH=${CMAKE_PREFIX_PATH}:/home/luigi/ros2_ws/install/my_robot_control:/home/luigi/ros2_ws/install/my_py_pkg:/opt/ros/jazzy DEBUGINFOD_URLS=https://debuginfod.ubuntu.com /usr/bin/cmake --build /home/luigi/ros2_ws/build/my_robot_description -- -j5 -l5
[3.307s] Level 1:colcon.colcon_core.environment:create_environment_scripts_only(my_cpp_pkg)
[3.310s] DEBUG:colcon.colcon_core.event_handler.log_command:Invoked command in '/home/luigi/ros2_ws/build/my_cpp_pkg' returned '0': CMAKE_PREFIX_PATH=${CMAKE_PREFIX_PATH}:/home/luigi/ros2_ws/install/my_robot_control:/home/luigi/ros2_ws/install/my_py_pkg:/opt/ros/jazzy DEBUGINFOD_URLS=https://debuginfod.ubuntu.com /usr/bin/cmake --install /home/luigi/ros2_ws/build/my_cpp_pkg
[3.399s] Level 1:colcon.colcon_core.environment:checking '/home/luigi/ros2_ws/install/my_cpp_pkg' for CMake module files
[3.400s] Level 1:colcon.colcon_core.environment:checking '/home/luigi/ros2_ws/install/my_cpp_pkg' for CMake config files
[3.400s] Level 1:colcon.colcon_core.shell:create_environment_hook('my_cpp_pkg', 'cmake_prefix_path')
[3.400s] INFO:colcon.colcon_core.shell:Creating environment hook '/home/luigi/ros2_ws/install/my_cpp_pkg/share/my_cpp_pkg/hook/cmake_prefix_path.ps1'
[3.401s] INFO:colcon.colcon_core.shell:Creating environment descriptor '/home/luigi/ros2_ws/install/my_cpp_pkg/share/my_cpp_pkg/hook/cmake_prefix_path.dsv'
[3.422s] INFO:colcon.colcon_core.shell:Creating environment hook '/home/luigi/ros2_ws/install/my_cpp_pkg/share/my_cpp_pkg/hook/cmake_prefix_path.sh'
[3.452s] Level 1:colcon.colcon_core.environment:checking '/home/luigi/ros2_ws/install/my_cpp_pkg/lib'
[3.454s] Level 1:colcon.colcon_core.environment:checking '/home/luigi/ros2_ws/install/my_cpp_pkg/bin'
[3.458s] Level 1:colcon.colcon_core.environment:checking '/home/luigi/ros2_ws/install/my_cpp_pkg/lib/pkgconfig/my_cpp_pkg.pc'
[3.458s] Level 1:colcon.colcon_core.environment:checking '/home/luigi/ros2_ws/install/my_cpp_pkg/lib/python3.12/site-packages'
[3.463s] Level 1:colcon.colcon_core.environment:checking '/home/luigi/ros2_ws/install/my_cpp_pkg/bin'
[3.463s] INFO:colcon.colcon_core.shell:Creating package script '/home/luigi/ros2_ws/install/my_cpp_pkg/share/my_cpp_pkg/package.ps1'
[3.478s] INFO:colcon.colcon_core.shell:Creating package descriptor '/home/luigi/ros2_ws/install/my_cpp_pkg/share/my_cpp_pkg/package.dsv'
[3.494s] INFO:colcon.colcon_core.shell:Creating package script '/home/luigi/ros2_ws/install/my_cpp_pkg/share/my_cpp_pkg/package.sh'
[3.496s] INFO:colcon.colcon_core.shell:Creating package script '/home/luigi/ros2_ws/install/my_cpp_pkg/share/my_cpp_pkg/package.bash'
[3.521s] INFO:colcon.colcon_core.shell:Creating package script '/home/luigi/ros2_ws/install/my_cpp_pkg/share/my_cpp_pkg/package.zsh'
[3.539s] Level 1:colcon.colcon_core.environment:create_file_with_runtime_dependencies(/home/luigi/ros2_ws/install/my_cpp_pkg/share/colcon-core/packages/my_cpp_pkg)
[3.546s] Level 1:colcon.colcon_core.environment:create_environment_scripts_only(my_cpp_pkg)
[3.547s] Level 1:colcon.colcon_core.environment:checking '/home/luigi/ros2_ws/install/my_cpp_pkg' for CMake module files
[3.547s] Level 1:colcon.colcon_core.environment:checking '/home/luigi/ros2_ws/install/my_cpp_pkg' for CMake config files
[3.548s] Level 1:colcon.colcon_core.shell:create_environment_hook('my_cpp_pkg', 'cmake_prefix_path')
[3.548s] INFO:colcon.colcon_core.shell:Creating environment hook '/home/luigi/ros2_ws/install/my_cpp_pkg/share/my_cpp_pkg/hook/cmake_prefix_path.ps1'
[3.554s] INFO:colcon.colcon_core.shell:Creating environment descriptor '/home/luigi/ros2_ws/install/my_cpp_pkg/share/my_cpp_pkg/hook/cmake_prefix_path.dsv'
[3.557s] INFO:colcon.colcon_core.shell:Creating environment hook '/home/luigi/ros2_ws/install/my_cpp_pkg/share/my_cpp_pkg/hook/cmake_prefix_path.sh'
[3.566s] Level 1:colcon.colcon_core.environment:checking '/home/luigi/ros2_ws/install/my_cpp_pkg/lib'
[3.571s] Level 1:colcon.colcon_core.environment:checking '/home/luigi/ros2_ws/install/my_cpp_pkg/bin'
[3.571s] Level 1:colcon.colcon_core.environment:checking '/home/luigi/ros2_ws/install/my_cpp_pkg/lib/pkgconfig/my_cpp_pkg.pc'
[3.571s] Level 1:colcon.colcon_core.environment:checking '/home/luigi/ros2_ws/install/my_cpp_pkg/lib/python3.12/site-packages'
[3.572s] Level 1:colcon.colcon_core.environment:checking '/home/luigi/ros2_ws/install/my_cpp_pkg/bin'
[3.572s] INFO:colcon.colcon_core.shell:Creating package script '/home/luigi/ros2_ws/install/my_cpp_pkg/share/my_cpp_pkg/package.ps1'
[3.573s] INFO:colcon.colcon_core.shell:Creating package descriptor '/home/luigi/ros2_ws/install/my_cpp_pkg/share/my_cpp_pkg/package.dsv'
[3.579s] INFO:colcon.colcon_core.shell:Creating package script '/home/luigi/ros2_ws/install/my_cpp_pkg/share/my_cpp_pkg/package.sh'
[3.585s] INFO:colcon.colcon_core.shell:Creating package script '/home/luigi/ros2_ws/install/my_cpp_pkg/share/my_cpp_pkg/package.bash'
[3.593s] INFO:colcon.colcon_core.shell:Creating package script '/home/luigi/ros2_ws/install/my_cpp_pkg/share/my_cpp_pkg/package.zsh'
[3.598s] Level 1:colcon.colcon_core.environment:create_file_with_runtime_dependencies(/home/luigi/ros2_ws/install/my_cpp_pkg/share/colcon-core/packages/my_cpp_pkg)
[5.383s] DEBUG:colcon.colcon_core.event_handler.log_command:Invoked command in '/home/luigi/ros2_ws/build/my_robot_bringup' returned '0': CMAKE_PREFIX_PATH=${CMAKE_PREFIX_PATH}:/home/luigi/ros2_ws/install/my_robot_control:/home/luigi/ros2_ws/install/my_py_pkg:/opt/ros/jazzy DEBUGINFOD_URLS=https://debuginfod.ubuntu.com /usr/bin/cmake --build /home/luigi/ros2_ws/build/my_robot_bringup -- -j5 -l5
[5.384s] DEBUG:colcon.colcon_core.event_handler.log_command:Invoking command in '/home/luigi/ros2_ws/build/my_robot_bringup': CMAKE_PREFIX_PATH=${CMAKE_PREFIX_PATH}:/home/luigi/ros2_ws/install/my_robot_control:/home/luigi/ros2_ws/install/my_py_pkg:/opt/ros/jazzy DEBUGINFOD_URLS=https://debuginfod.ubuntu.com /usr/bin/cmake --install /home/luigi/ros2_ws/build/my_robot_bringup
[5.486s] Level 1:colcon.colcon_core.environment:create_environment_scripts_only(my_robot_bringup)
[5.513s] Level 1:colcon.colcon_core.environment:checking '/home/luigi/ros2_ws/install/my_robot_bringup' for CMake module files
[5.558s] Level 1:colcon.colcon_core.environment:checking '/home/luigi/ros2_ws/install/my_robot_bringup' for CMake config files
[5.581s] Level 1:colcon.colcon_core.shell:create_environment_hook('my_robot_bringup', 'cmake_prefix_path')
[5.582s] INFO:colcon.colcon_core.shell:Creating environment hook '/home/luigi/ros2_ws/install/my_robot_bringup/share/my_robot_bringup/hook/cmake_prefix_path.ps1'
[5.593s] DEBUG:colcon.colcon_core.event_handler.log_command:Invoked command in '/home/luigi/ros2_ws/build/my_robot_bringup' returned '0': CMAKE_PREFIX_PATH=${CMAKE_PREFIX_PATH}:/home/luigi/ros2_ws/install/my_robot_control:/home/luigi/ros2_ws/install/my_py_pkg:/opt/ros/jazzy DEBUGINFOD_URLS=https://debuginfod.ubuntu.com /usr/bin/cmake --install /home/luigi/ros2_ws/build/my_robot_bringup
[5.594s] INFO:colcon.colcon_core.shell:Creating environment descriptor '/home/luigi/ros2_ws/install/my_robot_bringup/share/my_robot_bringup/hook/cmake_prefix_path.dsv'
[5.595s] INFO:colcon.colcon_core.shell:Creating environment hook '/home/luigi/ros2_ws/install/my_robot_bringup/share/my_robot_bringup/hook/cmake_prefix_path.sh'
[5.606s] Level 1:colcon.colcon_core.environment:checking '/home/luigi/ros2_ws/install/my_robot_bringup/bin'
[5.609s] Level 1:colcon.colcon_core.environment:checking '/home/luigi/ros2_ws/install/my_robot_bringup/lib/pkgconfig/my_robot_bringup.pc'
[5.610s] Level 1:colcon.colcon_core.environment:checking '/home/luigi/ros2_ws/install/my_robot_bringup/lib/python3.12/site-packages'
[5.611s] Level 1:colcon.colcon_core.environment:checking '/home/luigi/ros2_ws/install/my_robot_bringup/bin'
[5.614s] INFO:colcon.colcon_core.shell:Creating package script '/home/luigi/ros2_ws/install/my_robot_bringup/share/my_robot_bringup/package.ps1'
[5.620s] INFO:colcon.colcon_core.shell:Creating package descriptor '/home/luigi/ros2_ws/install/my_robot_bringup/share/my_robot_bringup/package.dsv'
[5.633s] INFO:colcon.colcon_core.shell:Creating package script '/home/luigi/ros2_ws/install/my_robot_bringup/share/my_robot_bringup/package.sh'
[5.647s] INFO:colcon.colcon_core.shell:Creating package script '/home/luigi/ros2_ws/install/my_robot_bringup/share/my_robot_bringup/package.bash'
[5.663s] INFO:colcon.colcon_core.shell:Creating package script '/home/luigi/ros2_ws/install/my_robot_bringup/share/my_robot_bringup/package.zsh'
[5.671s] Level 1:colcon.colcon_core.environment:create_file_with_runtime_dependencies(/home/luigi/ros2_ws/install/my_robot_bringup/share/colcon-core/packages/my_robot_bringup)
[5.676s] Level 1:colcon.colcon_core.environment:create_environment_scripts_only(my_robot_bringup)
[5.677s] Level 1:colcon.colcon_core.environment:checking '/home/luigi/ros2_ws/install/my_robot_bringup' for CMake module files
[5.684s] Level 1:colcon.colcon_core.environment:checking '/home/luigi/ros2_ws/install/my_robot_bringup' for CMake config files
[5.685s] Level 1:colcon.colcon_core.shell:create_environment_hook('my_robot_bringup', 'cmake_prefix_path')
[5.688s] INFO:colcon.colcon_core.shell:Creating environment hook '/home/luigi/ros2_ws/install/my_robot_bringup/share/my_robot_bringup/hook/cmake_prefix_path.ps1'
[5.691s] INFO:colcon.colcon_core.shell:Creating environment descriptor '/home/luigi/ros2_ws/install/my_robot_bringup/share/my_robot_bringup/hook/cmake_prefix_path.dsv'
[5.695s] INFO:colcon.colcon_core.shell:Creating environment hook '/home/luigi/ros2_ws/install/my_robot_bringup/share/my_robot_bringup/hook/cmake_prefix_path.sh'
[5.702s] Level 1:colcon.colcon_core.environment:checking '/home/luigi/ros2_ws/install/my_robot_bringup/bin'
[5.705s] Level 1:colcon.colcon_core.environment:checking '/home/luigi/ros2_ws/install/my_robot_bringup/lib/pkgconfig/my_robot_bringup.pc'
[5.705s] Level 1:colcon.colcon_core.environment:checking '/home/luigi/ros2_ws/install/my_robot_bringup/lib/python3.12/site-packages'
[5.706s] Level 1:colcon.colcon_core.environment:checking '/home/luigi/ros2_ws/install/my_robot_bringup/bin'
[5.710s] INFO:colcon.colcon_core.shell:Creating package script '/home/luigi/ros2_ws/install/my_robot_bringup/share/my_robot_bringup/package.ps1'
[5.717s] INFO:colcon.colcon_core.shell:Creating package descriptor '/home/luigi/ros2_ws/install/my_robot_bringup/share/my_robot_bringup/package.dsv'
[5.721s] INFO:colcon.colcon_core.shell:Creating package script '/home/luigi/ros2_ws/install/my_robot_bringup/share/my_robot_bringup/package.sh'
[5.725s] INFO:colcon.colcon_core.shell:Creating package script '/home/luigi/ros2_ws/install/my_robot_bringup/share/my_robot_bringup/package.bash'
[5.741s] INFO:colcon.colcon_core.shell:Creating package script '/home/luigi/ros2_ws/install/my_robot_bringup/share/my_robot_bringup/package.zsh'
[5.747s] Level 1:colcon.colcon_core.environment:create_file_with_runtime_dependencies(/home/luigi/ros2_ws/install/my_robot_bringup/share/colcon-core/packages/my_robot_bringup)
[6.461s] DEBUG:colcon.colcon_core.event_handler.log_command:Invoked command in '/home/luigi/ros2_ws/build/my_robot_description' returned '0': CMAKE_PREFIX_PATH=${CMAKE_PREFIX_PATH}:/home/luigi/ros2_ws/install/my_robot_control:/home/luigi/ros2_ws/install/my_py_pkg:/opt/ros/jazzy DEBUGINFOD_URLS=https://debuginfod.ubuntu.com /usr/bin/cmake --build /home/luigi/ros2_ws/build/my_robot_description -- -j5 -l5
[6.479s] DEBUG:colcon.colcon_core.event_handler.log_command:Invoking command in '/home/luigi/ros2_ws/build/my_robot_description': CMAKE_PREFIX_PATH=${CMAKE_PREFIX_PATH}:/home/luigi/ros2_ws/install/my_robot_control:/home/luigi/ros2_ws/install/my_py_pkg:/opt/ros/jazzy DEBUGINFOD_URLS=https://debuginfod.ubuntu.com /usr/bin/cmake --install /home/luigi/ros2_ws/build/my_robot_description
[6.557s] Level 1:colcon.colcon_core.environment:create_environment_scripts_only(my_robot_description)
[6.558s] Level 1:colcon.colcon_core.environment:checking '/home/luigi/ros2_ws/install/my_robot_description' for CMake module files
[6.559s] Level 1:colcon.colcon_core.environment:checking '/home/luigi/ros2_ws/install/my_robot_description' for CMake config files
[6.559s] Level 1:colcon.colcon_core.shell:create_environment_hook('my_robot_description', 'cmake_prefix_path')
[6.560s] INFO:colcon.colcon_core.shell:Creating environment hook '/home/luigi/ros2_ws/install/my_robot_description/share/my_robot_description/hook/cmake_prefix_path.ps1'
[6.568s] DEBUG:colcon.colcon_core.event_handler.log_command:Invoked command in '/home/luigi/ros2_ws/build/my_robot_description' returned '0': CMAKE_PREFIX_PATH=${CMAKE_PREFIX_PATH}:/home/luigi/ros2_ws/install/my_robot_control:/home/luigi/ros2_ws/install/my_py_pkg:/opt/ros/jazzy DEBUGINFOD_URLS=https://debuginfod.ubuntu.com /usr/bin/cmake --install /home/luigi/ros2_ws/build/my_robot_description
[6.576s] INFO:colcon.colcon_core.shell:Creating environment descriptor '/home/luigi/ros2_ws/install/my_robot_description/share/my_robot_description/hook/cmake_prefix_path.dsv'
[6.580s] INFO:colcon.colcon_core.shell:Creating environment hook '/home/luigi/ros2_ws/install/my_robot_description/share/my_robot_description/hook/cmake_prefix_path.sh'
[6.584s] Level 1:colcon.colcon_core.environment:checking '/home/luigi/ros2_ws/install/my_robot_description/bin'
[6.585s] Level 1:colcon.colcon_core.environment:checking '/home/luigi/ros2_ws/install/my_robot_description/lib/pkgconfig/my_robot_description.pc'
[6.585s] Level 1:colcon.colcon_core.environment:checking '/home/luigi/ros2_ws/install/my_robot_description/lib/python3.12/site-packages'
[6.586s] Level 1:colcon.colcon_core.environment:checking '/home/luigi/ros2_ws/install/my_robot_description/bin'
[6.587s] INFO:colcon.colcon_core.shell:Creating package script '/home/luigi/ros2_ws/install/my_robot_description/share/my_robot_description/package.ps1'
[6.588s] INFO:colcon.colcon_core.shell:Creating package descriptor '/home/luigi/ros2_ws/install/my_robot_description/share/my_robot_description/package.dsv'
[6.590s] INFO:colcon.colcon_core.shell:Creating package script '/home/luigi/ros2_ws/install/my_robot_description/share/my_robot_description/package.sh'
[6.594s] INFO:colcon.colcon_core.shell:Creating package script '/home/luigi/ros2_ws/install/my_robot_description/share/my_robot_description/package.bash'
[6.598s] INFO:colcon.colcon_core.shell:Creating package script '/home/luigi/ros2_ws/install/my_robot_description/share/my_robot_description/package.zsh'
[6.601s] Level 1:colcon.colcon_core.environment:create_file_with_runtime_dependencies(/home/luigi/ros2_ws/install/my_robot_description/share/colcon-core/packages/my_robot_description)
[6.603s] Level 1:colcon.colcon_core.environment:create_environment_scripts_only(my_robot_description)
[6.604s] Level 1:colcon.colcon_core.environment:checking '/home/luigi/ros2_ws/install/my_robot_description' for CMake module files
[6.605s] Level 1:colcon.colcon_core.environment:checking '/home/luigi/ros2_ws/install/my_robot_description' for CMake config files
[6.605s] Level 1:colcon.colcon_core.shell:create_environment_hook('my_robot_description', 'cmake_prefix_path')
[6.606s] INFO:colcon.colcon_core.shell:Creating environment hook '/home/luigi/ros2_ws/install/my_robot_description/share/my_robot_description/hook/cmake_prefix_path.ps1'
[6.614s] INFO:colcon.colcon_core.shell:Creating environment descriptor '/home/luigi/ros2_ws/install/my_robot_description/share/my_robot_description/hook/cmake_prefix_path.dsv'
[6.615s] INFO:colcon.colcon_core.shell:Creating environment hook '/home/luigi/ros2_ws/install/my_robot_description/share/my_robot_description/hook/cmake_prefix_path.sh'
[6.620s] Level 1:colcon.colcon_core.environment:checking '/home/luigi/ros2_ws/install/my_robot_description/bin'
[6.621s] Level 1:colcon.colcon_core.environment:checking '/home/luigi/ros2_ws/install/my_robot_description/lib/pkgconfig/my_robot_description.pc'
[6.621s] Level 1:colcon.colcon_core.environment:checking '/home/luigi/ros2_ws/install/my_robot_description/lib/python3.12/site-packages'
[6.622s] Level 1:colcon.colcon_core.environment:checking '/home/luigi/ros2_ws/install/my_robot_description/bin'
[6.622s] INFO:colcon.colcon_core.shell:Creating package script '/home/luigi/ros2_ws/install/my_robot_description/share/my_robot_description/package.ps1'
[6.624s] INFO:colcon.colcon_core.shell:Creating package descriptor '/home/luigi/ros2_ws/install/my_robot_description/share/my_robot_description/package.dsv'
[6.627s] INFO:colcon.colcon_core.shell:Creating package script '/home/luigi/ros2_ws/install/my_robot_description/share/my_robot_description/package.sh'
[6.628s] INFO:colcon.colcon_core.shell:Creating package script '/home/luigi/ros2_ws/install/my_robot_description/share/my_robot_description/package.bash'
[6.631s] INFO:colcon.colcon_core.shell:Creating package script '/home/luigi/ros2_ws/install/my_robot_description/share/my_robot_description/package.zsh'
[6.635s] Level 1:colcon.colcon_core.environment:create_file_with_runtime_dependencies(/home/luigi/ros2_ws/install/my_robot_description/share/colcon-core/packages/my_robot_description)
[7.650s] DEBUG:colcon.colcon_core.event_handler.log_command:Invoking command in '/home/luigi/ros2_ws/src/my_robot_control': DEBUGINFOD_URLS=https://debuginfod.ubuntu.com PYTHONPATH=/home/luigi/ros2_ws/build/my_robot_control/prefix_override:/usr/lib/python3/dist-packages/colcon_core/task/python/colcon_distutils_commands:/home/luigi/ros2_ws/install/my_robot_control/lib/python3.12/site-packages:${PYTHONPATH} /usr/bin/python3 -W ignore:setup.py install is deprecated -W ignore:easy_install command is deprecated setup.py egg_info --egg-base ../../build/my_robot_control build --build-base /home/luigi/ros2_ws/build/my_robot_control/build install --record /home/luigi/ros2_ws/build/my_robot_control/install.log --single-version-externally-managed install_data
[7.693s] DEBUG:colcon.colcon_core.event_handler.log_command:Invoking command in '/home/luigi/ros2_ws/src/my_py_pkg': DEBUGINFOD_URLS=https://debuginfod.ubuntu.com PYTHONPATH=/home/luigi/ros2_ws/build/my_py_pkg/prefix_override:/usr/lib/python3/dist-packages/colcon_core/task/python/colcon_distutils_commands:/home/luigi/ros2_ws/install/my_py_pkg/lib/python3.12/site-packages:${PYTHONPATH} /usr/bin/python3 -W ignore:setup.py install is deprecated -W ignore:easy_install command is deprecated setup.py egg_info --egg-base ../../build/my_py_pkg build --build-base /home/luigi/ros2_ws/build/my_py_pkg/build install --record /home/luigi/ros2_ws/build/my_py_pkg/install.log --single-version-externally-managed install_data
[9.861s] Level 1:colcon.colcon_core.environment:checking '/home/luigi/ros2_ws/install/my_robot_control' for CMake module files
[9.864s] Level 1:colcon.colcon_core.environment:checking '/home/luigi/ros2_ws/install/my_robot_control' for CMake config files
[9.865s] Level 1:colcon.colcon_core.environment:checking '/home/luigi/ros2_ws/install/my_robot_control/lib'
[9.865s] Level 1:colcon.colcon_core.environment:checking '/home/luigi/ros2_ws/install/my_robot_control/bin'
[9.865s] Level 1:colcon.colcon_core.environment:checking '/home/luigi/ros2_ws/install/my_robot_control/lib/pkgconfig/my_robot_control.pc'
[9.875s] DEBUG:colcon.colcon_core.event_handler.log_command:Invoked command in '/home/luigi/ros2_ws/src/my_robot_control' returned '0': DEBUGINFOD_URLS=https://debuginfod.ubuntu.com PYTHONPATH=/home/luigi/ros2_ws/build/my_robot_control/prefix_override:/usr/lib/python3/dist-packages/colcon_core/task/python/colcon_distutils_commands:/home/luigi/ros2_ws/install/my_robot_control/lib/python3.12/site-packages:${PYTHONPATH} /usr/bin/python3 -W ignore:setup.py install is deprecated -W ignore:easy_install command is deprecated setup.py egg_info --egg-base ../../build/my_robot_control build --build-base /home/luigi/ros2_ws/build/my_robot_control/build install --record /home/luigi/ros2_ws/build/my_robot_control/install.log --single-version-externally-managed install_data
[9.875s] Level 1:colcon.colcon_core.environment:checking '/home/luigi/ros2_ws/install/my_robot_control/lib/python3.12/site-packages'
[9.876s] Level 1:colcon.colcon_core.shell:create_environment_hook('my_robot_control', 'pythonpath')
[9.876s] INFO:colcon.colcon_core.shell:Creating environment hook '/home/luigi/ros2_ws/install/my_robot_control/share/my_robot_control/hook/pythonpath.ps1'
[9.885s] INFO:colcon.colcon_core.shell:Creating environment descriptor '/home/luigi/ros2_ws/install/my_robot_control/share/my_robot_control/hook/pythonpath.dsv'
[9.894s] INFO:colcon.colcon_core.shell:Creating environment hook '/home/luigi/ros2_ws/install/my_robot_control/share/my_robot_control/hook/pythonpath.sh'
[9.898s] Level 1:colcon.colcon_core.environment:checking '/home/luigi/ros2_ws/install/my_robot_control/bin'
[9.898s] Level 1:colcon.colcon_core.environment:create_environment_scripts_only(my_robot_control)
[9.899s] INFO:colcon.colcon_core.shell:Creating package script '/home/luigi/ros2_ws/install/my_robot_control/share/my_robot_control/package.ps1'
[9.901s] INFO:colcon.colcon_core.shell:Creating package descriptor '/home/luigi/ros2_ws/install/my_robot_control/share/my_robot_control/package.dsv'
[9.904s] INFO:colcon.colcon_core.shell:Creating package script '/home/luigi/ros2_ws/install/my_robot_control/share/my_robot_control/package.sh'
[9.907s] INFO:colcon.colcon_core.shell:Creating package script '/home/luigi/ros2_ws/install/my_robot_control/share/my_robot_control/package.bash'
[9.910s] INFO:colcon.colcon_core.shell:Creating package script '/home/luigi/ros2_ws/install/my_robot_control/share/my_robot_control/package.zsh'
[9.912s] Level 1:colcon.colcon_core.environment:create_file_with_runtime_dependencies(/home/luigi/ros2_ws/install/my_robot_control/share/colcon-core/packages/my_robot_control)
[9.925s] Level 1:colcon.colcon_core.environment:checking '/home/luigi/ros2_ws/install/my_py_pkg' for CMake module files
[9.926s] Level 1:colcon.colcon_core.environment:checking '/home/luigi/ros2_ws/install/my_py_pkg' for CMake config files
[9.927s] Level 1:colcon.colcon_core.environment:checking '/home/luigi/ros2_ws/install/my_py_pkg/lib'
[9.927s] Level 1:colcon.colcon_core.environment:checking '/home/luigi/ros2_ws/install/my_py_pkg/bin'
[9.927s] Level 1:colcon.colcon_core.environment:checking '/home/luigi/ros2_ws/install/my_py_pkg/lib/pkgconfig/my_py_pkg.pc'
[9.927s] Level 1:colcon.colcon_core.environment:checking '/home/luigi/ros2_ws/install/my_py_pkg/lib/python3.12/site-packages'
[9.927s] Level 1:colcon.colcon_core.shell:create_environment_hook('my_py_pkg', 'pythonpath')
[9.928s] INFO:colcon.colcon_core.shell:Creating environment hook '/home/luigi/ros2_ws/install/my_py_pkg/share/my_py_pkg/hook/pythonpath.ps1'
[9.928s] INFO:colcon.colcon_core.shell:Creating environment descriptor '/home/luigi/ros2_ws/install/my_py_pkg/share/my_py_pkg/hook/pythonpath.dsv'
[9.940s] INFO:colcon.colcon_core.shell:Creating environment hook '/home/luigi/ros2_ws/install/my_py_pkg/share/my_py_pkg/hook/pythonpath.sh'
[9.951s] Level 1:colcon.colcon_core.environment:checking '/home/luigi/ros2_ws/install/my_py_pkg/bin'
[9.951s] Level 1:colcon.colcon_core.environment:create_environment_scripts_only(my_py_pkg)
[9.951s] INFO:colcon.colcon_core.shell:Creating package script '/home/luigi/ros2_ws/install/my_py_pkg/share/my_py_pkg/package.ps1'
[9.953s] INFO:colcon.colcon_core.shell:Creating package descriptor '/home/luigi/ros2_ws/install/my_py_pkg/share/my_py_pkg/package.dsv'
[9.955s] INFO:colcon.colcon_core.shell:Creating package script '/home/luigi/ros2_ws/install/my_py_pkg/share/my_py_pkg/package.sh'
[9.942s] DEBUG:colcon.colcon_core.event_handler.log_command:Invoked command in '/home/luigi/ros2_ws/src/my_py_pkg' returned '0': DEBUGINFOD_URLS=https://debuginfod.ubuntu.com PYTHONPATH=/home/luigi/ros2_ws/build/my_py_pkg/prefix_override:/usr/lib/python3/dist-packages/colcon_core/task/python/colcon_distutils_commands:/home/luigi/ros2_ws/install/my_py_pkg/lib/python3.12/site-packages:${PYTHONPATH} /usr/bin/python3 -W ignore:setup.py install is deprecated -W ignore:easy_install command is deprecated setup.py egg_info --egg-base ../../build/my_py_pkg build --build-base /home/luigi/ros2_ws/build/my_py_pkg/build install --record /home/luigi/ros2_ws/build/my_py_pkg/install.log --single-version-externally-managed install_data
[9.968s] INFO:colcon.colcon_core.shell:Creating package script '/home/luigi/ros2_ws/install/my_py_pkg/share/my_py_pkg/package.bash'
[9.969s] INFO:colcon.colcon_core.shell:Creating package script '/home/luigi/ros2_ws/install/my_py_pkg/share/my_py_pkg/package.zsh'
[9.972s] Level 1:colcon.colcon_core.environment:create_file_with_runtime_dependencies(/home/luigi/ros2_ws/install/my_py_pkg/share/colcon-core/packages/my_py_pkg)
[9.977s] DEBUG:colcon.colcon_parallel_executor.executor.parallel:closing loop
[9.982s] DEBUG:colcon.colcon_parallel_executor.executor.parallel:loop closed
[9.982s] DEBUG:colcon.colcon_parallel_executor.executor.parallel:run_until_complete finished with '0'
[9.982s] DEBUG:colcon.colcon_core.event_reactor:joining thread
[10.060s] INFO:colcon.colcon_core.plugin_system:Skipping extension 'colcon_notification.desktop_notification.terminal_notifier': Not used on non-Darwin systems
[10.060s] INFO:colcon.colcon_core.plugin_system:Skipping extension 'colcon_notification.desktop_notification.win32': Not used on non-Windows systems
[10.061s] INFO:colcon.colcon_notification.desktop_notification:Sending desktop notification using 'notify2'
[10.140s] DEBUG:colcon.colcon_core.event_reactor:joined thread
[10.141s] INFO:colcon.colcon_core.shell:Creating prefix script '/home/luigi/ros2_ws/install/local_setup.ps1'
[10.167s] INFO:colcon.colcon_core.shell:Creating prefix util module '/home/luigi/ros2_ws/install/_local_setup_util_ps1.py'
[10.177s] INFO:colcon.colcon_core.shell:Creating prefix chain script '/home/luigi/ros2_ws/install/setup.ps1'
[10.190s] INFO:colcon.colcon_core.shell:Creating prefix script '/home/luigi/ros2_ws/install/local_setup.sh'
[10.202s] INFO:colcon.colcon_core.shell:Creating prefix util module '/home/luigi/ros2_ws/install/_local_setup_util_sh.py'
[10.204s] INFO:colcon.colcon_core.shell:Creating prefix chain script '/home/luigi/ros2_ws/install/setup.sh'
[10.218s] INFO:colcon.colcon_core.shell:Creating prefix script '/home/luigi/ros2_ws/install/local_setup.bash'
[10.223s] INFO:colcon.colcon_core.shell:Creating prefix chain script '/home/luigi/ros2_ws/install/setup.bash'
[10.232s] INFO:colcon.colcon_core.shell:Creating prefix script '/home/luigi/ros2_ws/install/local_setup.zsh'
[10.246s] INFO:colcon.colcon_core.shell:Creating prefix chain script '/home/luigi/ros2_ws/install/setup.zsh'
