[6.595s] Invoking command in '/home/luigi/ros2_ws/src/my_py_pkg': DEBUGINFOD_URLS=https://debuginfod.ubuntu.com PYTHONPATH=/home/luigi/ros2_ws/build/my_py_pkg/prefix_override:/usr/lib/python3/dist-packages/colcon_core/task/python/colcon_distutils_commands:/home/luigi/ros2_ws/install/my_py_pkg/lib/python3.12/site-packages:${PYTHONPATH} /usr/bin/python3 -W ignore:setup.py install is deprecated -W ignore:easy_install command is deprecated setup.py egg_info --egg-base ../../build/my_py_pkg build --build-base /home/luigi/ros2_ws/build/my_py_pkg/build install --record /home/luigi/ros2_ws/build/my_py_pkg/install.log --single-version-externally-managed install_data
[7.776s] running egg_info
[7.873s] writing ../../build/my_py_pkg/my_py_pkg.egg-info/PKG-INFO
[7.873s] writing dependency_links to ../../build/my_py_pkg/my_py_pkg.egg-info/dependency_links.txt
[7.874s] writing entry points to ../../build/my_py_pkg/my_py_pkg.egg-info/entry_points.txt
[7.874s] writing requirements to ../../build/my_py_pkg/my_py_pkg.egg-info/requires.txt
[7.899s] writing top-level names to ../../build/my_py_pkg/my_py_pkg.egg-info/top_level.txt
[8.085s] reading manifest file '../../build/my_py_pkg/my_py_pkg.egg-info/SOURCES.txt'
[8.085s] writing manifest file '../../build/my_py_pkg/my_py_pkg.egg-info/SOURCES.txt'
[8.085s] running build
[8.085s] running build_py
[8.085s] running install
[8.097s] running install_lib
[8.154s] running install_data
[8.154s] running install_egg_info
[8.241s] removing '/home/luigi/ros2_ws/install/my_py_pkg/lib/python3.12/site-packages/my_py_pkg-0.0.0-py3.12.egg-info' (and everything under it)
[8.262s] Copying ../../build/my_py_pkg/my_py_pkg.egg-info to /home/luigi/ros2_ws/install/my_py_pkg/lib/python3.12/site-packages/my_py_pkg-0.0.0-py3.12.egg-info
[8.263s] running install_scripts
[8.654s] Installing add_two_ints_client_no_oop script to /home/luigi/ros2_ws/install/my_py_pkg/lib/my_py_pkg
[8.654s] Installing add_two_ints_server script to /home/luigi/ros2_ws/install/my_py_pkg/lib/my_py_pkg
[8.656s] writing list of installed files to '/home/luigi/ros2_ws/build/my_py_pkg/install.log'
[8.844s] Invoked command in '/home/luigi/ros2_ws/src/my_py_pkg' returned '0': DEBUGINFOD_URLS=https://debuginfod.ubuntu.com PYTHONPATH=/home/luigi/ros2_ws/build/my_py_pkg/prefix_override:/usr/lib/python3/dist-packages/colcon_core/task/python/colcon_distutils_commands:/home/luigi/ros2_ws/install/my_py_pkg/lib/python3.12/site-packages:${PYTHONPATH} /usr/bin/python3 -W ignore:setup.py install is deprecated -W ignore:easy_install command is deprecated setup.py egg_info --egg-base ../../build/my_py_pkg build --build-base /home/luigi/ros2_ws/build/my_py_pkg/build install --record /home/luigi/ros2_ws/build/my_py_pkg/install.log --single-version-externally-managed install_data
