/home/luigi/ros2_ws/install/my_py_pkg/lib/python3.12/site-packages/my_py_pkg/add_two_ints_client_no_oop.py
/home/luigi/ros2_ws/install/my_py_pkg/lib/python3.12/site-packages/my_py_pkg/simple_subscriber.py
/home/luigi/ros2_ws/install/my_py_pkg/lib/python3.12/site-packages/my_py_pkg/simple_publisher.py
/home/luigi/ros2_ws/install/my_py_pkg/lib/python3.12/site-packages/my_py_pkg/robot_news_station.py
/home/luigi/ros2_ws/install/my_py_pkg/lib/python3.12/site-packages/my_py_pkg/__init__.py
/home/luigi/ros2_ws/install/my_py_pkg/lib/python3.12/site-packages/my_py_pkg/my_first_node_class.py
/home/luigi/ros2_ws/install/my_py_pkg/lib/python3.12/site-packages/my_py_pkg/my_first_node.py
/home/luigi/ros2_ws/install/my_py_pkg/lib/python3.12/site-packages/my_py_pkg/add_two_ints_server.py
/home/luigi/ros2_ws/install/my_py_pkg/lib/python3.12/site-packages/my_py_pkg/smart_phone.py
/home/luigi/ros2_ws/install/my_py_pkg/lib/python3.12/site-packages/my_py_pkg/__pycache__/add_two_ints_client_no_oop.cpython-312.pyc
/home/luigi/ros2_ws/install/my_py_pkg/lib/python3.12/site-packages/my_py_pkg/__pycache__/simple_subscriber.cpython-312.pyc
/home/luigi/ros2_ws/install/my_py_pkg/lib/python3.12/site-packages/my_py_pkg/__pycache__/simple_publisher.cpython-312.pyc
/home/luigi/ros2_ws/install/my_py_pkg/lib/python3.12/site-packages/my_py_pkg/__pycache__/robot_news_station.cpython-312.pyc
/home/luigi/ros2_ws/install/my_py_pkg/lib/python3.12/site-packages/my_py_pkg/__pycache__/__init__.cpython-312.pyc
/home/luigi/ros2_ws/install/my_py_pkg/lib/python3.12/site-packages/my_py_pkg/__pycache__/my_first_node_class.cpython-312.pyc
/home/luigi/ros2_ws/install/my_py_pkg/lib/python3.12/site-packages/my_py_pkg/__pycache__/my_first_node.cpython-312.pyc
/home/luigi/ros2_ws/install/my_py_pkg/lib/python3.12/site-packages/my_py_pkg/__pycache__/add_two_ints_server.cpython-312.pyc
/home/luigi/ros2_ws/install/my_py_pkg/lib/python3.12/site-packages/my_py_pkg/__pycache__/smart_phone.cpython-312.pyc
/home/luigi/ros2_ws/install/my_py_pkg/share/ament_index/resource_index/packages/my_py_pkg
/home/luigi/ros2_ws/install/my_py_pkg/share/my_py_pkg/package.xml
/home/luigi/ros2_ws/install/my_py_pkg/lib/python3.12/site-packages/my_py_pkg-0.0.0-py3.12.egg-info/PKG-INFO
/home/luigi/ros2_ws/install/my_py_pkg/lib/python3.12/site-packages/my_py_pkg-0.0.0-py3.12.egg-info/dependency_links.txt
/home/luigi/ros2_ws/install/my_py_pkg/lib/python3.12/site-packages/my_py_pkg-0.0.0-py3.12.egg-info/requires.txt
/home/luigi/ros2_ws/install/my_py_pkg/lib/python3.12/site-packages/my_py_pkg-0.0.0-py3.12.egg-info/zip-safe
/home/luigi/ros2_ws/install/my_py_pkg/lib/python3.12/site-packages/my_py_pkg-0.0.0-py3.12.egg-info/entry_points.txt
/home/luigi/ros2_ws/install/my_py_pkg/lib/python3.12/site-packages/my_py_pkg-0.0.0-py3.12.egg-info/SOURCES.txt
/home/luigi/ros2_ws/install/my_py_pkg/lib/python3.12/site-packages/my_py_pkg-0.0.0-py3.12.egg-info/top_level.txt
/home/luigi/ros2_ws/install/my_py_pkg/lib/my_py_pkg/add_two_ints_client_no_oop
/home/luigi/ros2_ws/install/my_py_pkg/lib/my_py_pkg/add_two_ints_server
