[0.442s] DEBUG:colcon:Command line arguments: ['/usr/bin/colcon', 'build']
[0.442s] DEBUG:colcon:Parsed command line arguments: Namespace(log_base=None, log_level=None, verb_name='build', build_base='build', install_base='install', merge_install=False, symlink_install=False, test_result_base=None, continue_on_error=False, executor='parallel', parallel_workers=3, event_handlers=None, ignore_user_meta=False, metas=['./colcon.meta'], base_paths=['.'], packages_ignore=None, packages_ignore_regex=None, paths=None, packages_up_to=None, packages_up_to_regex=None, packages_above=None, packages_above_and_dependencies=None, packages_above_depth=None, packages_select_by_dep=None, packages_skip_by_dep=None, packages_skip_up_to=None, packages_select_build_failed=False, packages_skip_build_finished=False, packages_select_test_failures=False, packages_skip_test_passed=False, packages_select=None, packages_skip=None, packages_select_regex=None, packages_skip_regex=None, packages_start=None, packages_end=None, allow_overriding=[], cmake_args=None, cmake_target=None, cmake_target_skip_unavailable=False, cmake_clean_cache=False, cmake_clean_first=False, cmake_force_configure=False, ament_cmake_args=None, catkin_cmake_args=None, catkin_skip_building_tests=False, mixin_files=None, mixin=None, verb_parser=<colcon_mixin.mixin.mixin_argument.MixinArgumentDecorator object at 0x7f3e77377dd0>, verb_extension=<colcon_core.verb.build.BuildVerb object at 0x7f3e775762a0>, main=<bound method BuildVerb.main of <colcon_core.verb.build.BuildVerb object at 0x7f3e775762a0>>, mixin_verb=('build',))
[0.612s] Level 1:colcon.colcon_core.package_discovery:discover_packages(colcon_meta) check parameters
[0.612s] Level 1:colcon.colcon_core.package_discovery:discover_packages(recursive) check parameters
[0.612s] Level 1:colcon.colcon_core.package_discovery:discover_packages(ignore) check parameters
[0.612s] Level 1:colcon.colcon_core.package_discovery:discover_packages(path) check parameters
[0.612s] Level 1:colcon.colcon_core.package_discovery:discover_packages(colcon_meta) discover
[0.613s] Level 1:colcon.colcon_core.package_discovery:discover_packages(recursive) discover
[0.613s] INFO:colcon.colcon_core.package_discovery:Crawling recursively for packages in '/home/luigi/ros2_ws/src/my_robot_description'
[0.613s] Level 1:colcon.colcon_core.package_identification:_identify(.) by extensions ['ignore', 'ignore_ament_install']
[0.613s] Level 1:colcon.colcon_core.package_identification:_identify(.) by extension 'ignore'
[0.613s] Level 1:colcon.colcon_core.package_identification:_identify(.) by extension 'ignore_ament_install'
[0.613s] Level 1:colcon.colcon_core.package_identification:_identify(.) by extensions ['colcon_pkg']
[0.613s] Level 1:colcon.colcon_core.package_identification:_identify(.) by extension 'colcon_pkg'
[0.613s] Level 1:colcon.colcon_core.package_identification:_identify(.) by extensions ['colcon_meta']
[0.613s] Level 1:colcon.colcon_core.package_identification:_identify(.) by extension 'colcon_meta'
[0.613s] Level 1:colcon.colcon_core.package_identification:_identify(.) by extensions ['ros']
[0.613s] Level 1:colcon.colcon_core.package_identification:_identify(.) by extension 'ros'
[0.693s] DEBUG:colcon.colcon_core.package_identification:Package '.' with type 'ros.ament_cmake' and name 'my_robot_description'
[0.693s] Level 1:colcon.colcon_core.package_discovery:discover_packages(recursive) using defaults
[0.693s] Level 1:colcon.colcon_core.package_discovery:discover_packages(ignore) discover
[0.693s] Level 1:colcon.colcon_core.package_discovery:discover_packages(ignore) using defaults
[0.693s] Level 1:colcon.colcon_core.package_discovery:discover_packages(path) discover
[0.693s] Level 1:colcon.colcon_core.package_discovery:discover_packages(path) using defaults
[0.747s] Level 1:colcon.colcon_core.package_discovery:discover_packages(prefix_path) check parameters
[0.747s] Level 1:colcon.colcon_core.package_discovery:discover_packages(prefix_path) discover
[0.769s] DEBUG:colcon.colcon_installed_package_information.package_discovery:Found 3 installed packages in /home/luigi/ros2_ws/install
[0.771s] DEBUG:colcon.colcon_installed_package_information.package_discovery:Found 319 installed packages in /opt/ros/jazzy
[0.772s] Level 1:colcon.colcon_core.package_discovery:discover_packages(prefix_path) using defaults
[0.836s] Level 5:colcon.colcon_core.verb:set package 'my_robot_description' build argument 'cmake_args' from command line to 'None'
[0.836s] Level 5:colcon.colcon_core.verb:set package 'my_robot_description' build argument 'cmake_target' from command line to 'None'
[0.836s] Level 5:colcon.colcon_core.verb:set package 'my_robot_description' build argument 'cmake_target_skip_unavailable' from command line to 'False'
[0.836s] Level 5:colcon.colcon_core.verb:set package 'my_robot_description' build argument 'cmake_clean_cache' from command line to 'False'
[0.836s] Level 5:colcon.colcon_core.verb:set package 'my_robot_description' build argument 'cmake_clean_first' from command line to 'False'
[0.836s] Level 5:colcon.colcon_core.verb:set package 'my_robot_description' build argument 'cmake_force_configure' from command line to 'False'
[0.836s] Level 5:colcon.colcon_core.verb:set package 'my_robot_description' build argument 'ament_cmake_args' from command line to 'None'
[0.836s] Level 5:colcon.colcon_core.verb:set package 'my_robot_description' build argument 'catkin_cmake_args' from command line to 'None'
[0.836s] Level 5:colcon.colcon_core.verb:set package 'my_robot_description' build argument 'catkin_skip_building_tests' from command line to 'False'
[0.836s] DEBUG:colcon.colcon_core.verb:Building package 'my_robot_description' with the following arguments: {'ament_cmake_args': None, 'build_base': '/home/luigi/ros2_ws/src/my_robot_description/build/my_robot_description', 'catkin_cmake_args': None, 'catkin_skip_building_tests': False, 'cmake_args': None, 'cmake_clean_cache': False, 'cmake_clean_first': False, 'cmake_force_configure': False, 'cmake_target': None, 'cmake_target_skip_unavailable': False, 'install_base': '/home/luigi/ros2_ws/src/my_robot_description/install/my_robot_description', 'merge_install': False, 'path': '/home/luigi/ros2_ws/src/my_robot_description', 'symlink_install': False, 'test_result_base': None}
[0.836s] INFO:colcon.colcon_core.executor:Executing jobs using 'parallel' executor
[0.843s] DEBUG:colcon.colcon_parallel_executor.executor.parallel:run_until_complete
[0.843s] INFO:colcon.colcon_ros.task.ament_cmake.build:Building ROS package in '/home/luigi/ros2_ws/src/my_robot_description' with build type 'ament_cmake'
[0.843s] INFO:colcon.colcon_cmake.task.cmake.build:Building CMake package in '/home/luigi/ros2_ws/src/my_robot_description'
[0.868s] INFO:colcon.colcon_core.plugin_system:Skipping extension 'colcon_core.shell.bat': Not used on non-Windows systems
[0.868s] INFO:colcon.colcon_core.shell:Skip shell extension 'powershell' for command environment: Not usable outside of PowerShell
[0.868s] DEBUG:colcon.colcon_core.shell:Skip shell extension 'dsv' for command environment
[0.892s] DEBUG:colcon.colcon_core.event_handler.log_command:Invoking command in '/home/luigi/ros2_ws/src/my_robot_description/build/my_robot_description': CMAKE_PREFIX_PATH=${CMAKE_PREFIX_PATH}:/home/luigi/ros2_ws/install/my_py_pkg:/opt/ros/jazzy DEBUGINFOD_URLS=https://debuginfod.ubuntu.com /usr/bin/cmake /home/luigi/ros2_ws/src/my_robot_description -DCMAKE_INSTALL_PREFIX=/home/luigi/ros2_ws/src/my_robot_description/install/my_robot_description
[3.466s] DEBUG:colcon.colcon_core.event_handler.log_command:Invoked command in '/home/luigi/ros2_ws/src/my_robot_description/build/my_robot_description' returned '0': CMAKE_PREFIX_PATH=${CMAKE_PREFIX_PATH}:/home/luigi/ros2_ws/install/my_py_pkg:/opt/ros/jazzy DEBUGINFOD_URLS=https://debuginfod.ubuntu.com /usr/bin/cmake /home/luigi/ros2_ws/src/my_robot_description -DCMAKE_INSTALL_PREFIX=/home/luigi/ros2_ws/src/my_robot_description/install/my_robot_description
[3.466s] DEBUG:colcon.colcon_core.event_handler.log_command:Invoking command in '/home/luigi/ros2_ws/src/my_robot_description/build/my_robot_description': CMAKE_PREFIX_PATH=${CMAKE_PREFIX_PATH}:/home/luigi/ros2_ws/install/my_py_pkg:/opt/ros/jazzy DEBUGINFOD_URLS=https://debuginfod.ubuntu.com /usr/bin/cmake --build /home/luigi/ros2_ws/src/my_robot_description/build/my_robot_description -- -j3 -l3
[3.555s] DEBUG:colcon.colcon_core.event_handler.log_command:Invoked command in '/home/luigi/ros2_ws/src/my_robot_description/build/my_robot_description' returned '0': CMAKE_PREFIX_PATH=${CMAKE_PREFIX_PATH}:/home/luigi/ros2_ws/install/my_py_pkg:/opt/ros/jazzy DEBUGINFOD_URLS=https://debuginfod.ubuntu.com /usr/bin/cmake --build /home/luigi/ros2_ws/src/my_robot_description/build/my_robot_description -- -j3 -l3
[3.575s] DEBUG:colcon.colcon_core.event_handler.log_command:Invoking command in '/home/luigi/ros2_ws/src/my_robot_description/build/my_robot_description': CMAKE_PREFIX_PATH=${CMAKE_PREFIX_PATH}:/home/luigi/ros2_ws/install/my_py_pkg:/opt/ros/jazzy DEBUGINFOD_URLS=https://debuginfod.ubuntu.com /usr/bin/cmake --install /home/luigi/ros2_ws/src/my_robot_description/build/my_robot_description
[3.601s] Level 1:colcon.colcon_core.environment:create_environment_scripts_only(my_robot_description)
[3.603s] DEBUG:colcon.colcon_core.event_handler.log_command:Invoked command in '/home/luigi/ros2_ws/src/my_robot_description/build/my_robot_description' returned '0': CMAKE_PREFIX_PATH=${CMAKE_PREFIX_PATH}:/home/luigi/ros2_ws/install/my_py_pkg:/opt/ros/jazzy DEBUGINFOD_URLS=https://debuginfod.ubuntu.com /usr/bin/cmake --install /home/luigi/ros2_ws/src/my_robot_description/build/my_robot_description
[3.618s] Level 1:colcon.colcon_core.environment:checking '/home/luigi/ros2_ws/src/my_robot_description/install/my_robot_description' for CMake module files
[3.621s] Level 1:colcon.colcon_core.environment:checking '/home/luigi/ros2_ws/src/my_robot_description/install/my_robot_description' for CMake config files
[3.622s] Level 1:colcon.colcon_core.shell:create_environment_hook('my_robot_description', 'cmake_prefix_path')
[3.622s] INFO:colcon.colcon_core.shell:Creating environment hook '/home/luigi/ros2_ws/src/my_robot_description/install/my_robot_description/share/my_robot_description/hook/cmake_prefix_path.ps1'
[3.624s] INFO:colcon.colcon_core.shell:Creating environment descriptor '/home/luigi/ros2_ws/src/my_robot_description/install/my_robot_description/share/my_robot_description/hook/cmake_prefix_path.dsv'
[3.626s] INFO:colcon.colcon_core.shell:Creating environment hook '/home/luigi/ros2_ws/src/my_robot_description/install/my_robot_description/share/my_robot_description/hook/cmake_prefix_path.sh'
[3.628s] Level 1:colcon.colcon_core.environment:checking '/home/luigi/ros2_ws/src/my_robot_description/install/my_robot_description/bin'
[3.628s] Level 1:colcon.colcon_core.environment:checking '/home/luigi/ros2_ws/src/my_robot_description/install/my_robot_description/lib/pkgconfig/my_robot_description.pc'
[3.628s] Level 1:colcon.colcon_core.environment:checking '/home/luigi/ros2_ws/src/my_robot_description/install/my_robot_description/lib/python3.12/site-packages'
[3.629s] Level 1:colcon.colcon_core.environment:checking '/home/luigi/ros2_ws/src/my_robot_description/install/my_robot_description/bin'
[3.629s] INFO:colcon.colcon_core.shell:Creating package script '/home/luigi/ros2_ws/src/my_robot_description/install/my_robot_description/share/my_robot_description/package.ps1'
[3.631s] INFO:colcon.colcon_core.shell:Creating package descriptor '/home/luigi/ros2_ws/src/my_robot_description/install/my_robot_description/share/my_robot_description/package.dsv'
[3.634s] INFO:colcon.colcon_core.shell:Creating package script '/home/luigi/ros2_ws/src/my_robot_description/install/my_robot_description/share/my_robot_description/package.sh'
[3.636s] INFO:colcon.colcon_core.shell:Creating package script '/home/luigi/ros2_ws/src/my_robot_description/install/my_robot_description/share/my_robot_description/package.bash'
[3.638s] INFO:colcon.colcon_core.shell:Creating package script '/home/luigi/ros2_ws/src/my_robot_description/install/my_robot_description/share/my_robot_description/package.zsh'
[3.640s] Level 1:colcon.colcon_core.environment:create_file_with_runtime_dependencies(/home/luigi/ros2_ws/src/my_robot_description/install/my_robot_description/share/colcon-core/packages/my_robot_description)
[3.640s] Level 1:colcon.colcon_core.environment:create_environment_scripts_only(my_robot_description)
[3.640s] Level 1:colcon.colcon_core.environment:checking '/home/luigi/ros2_ws/src/my_robot_description/install/my_robot_description' for CMake module files
[3.641s] Level 1:colcon.colcon_core.environment:checking '/home/luigi/ros2_ws/src/my_robot_description/install/my_robot_description' for CMake config files
[3.641s] Level 1:colcon.colcon_core.shell:create_environment_hook('my_robot_description', 'cmake_prefix_path')
[3.641s] INFO:colcon.colcon_core.shell:Creating environment hook '/home/luigi/ros2_ws/src/my_robot_description/install/my_robot_description/share/my_robot_description/hook/cmake_prefix_path.ps1'
[3.642s] INFO:colcon.colcon_core.shell:Creating environment descriptor '/home/luigi/ros2_ws/src/my_robot_description/install/my_robot_description/share/my_robot_description/hook/cmake_prefix_path.dsv'
[3.643s] INFO:colcon.colcon_core.shell:Creating environment hook '/home/luigi/ros2_ws/src/my_robot_description/install/my_robot_description/share/my_robot_description/hook/cmake_prefix_path.sh'
[3.644s] Level 1:colcon.colcon_core.environment:checking '/home/luigi/ros2_ws/src/my_robot_description/install/my_robot_description/bin'
[3.644s] Level 1:colcon.colcon_core.environment:checking '/home/luigi/ros2_ws/src/my_robot_description/install/my_robot_description/lib/pkgconfig/my_robot_description.pc'
[3.644s] Level 1:colcon.colcon_core.environment:checking '/home/luigi/ros2_ws/src/my_robot_description/install/my_robot_description/lib/python3.12/site-packages'
[3.645s] Level 1:colcon.colcon_core.environment:checking '/home/luigi/ros2_ws/src/my_robot_description/install/my_robot_description/bin'
[3.645s] INFO:colcon.colcon_core.shell:Creating package script '/home/luigi/ros2_ws/src/my_robot_description/install/my_robot_description/share/my_robot_description/package.ps1'
[3.646s] INFO:colcon.colcon_core.shell:Creating package descriptor '/home/luigi/ros2_ws/src/my_robot_description/install/my_robot_description/share/my_robot_description/package.dsv'
[3.647s] INFO:colcon.colcon_core.shell:Creating package script '/home/luigi/ros2_ws/src/my_robot_description/install/my_robot_description/share/my_robot_description/package.sh'
[3.647s] INFO:colcon.colcon_core.shell:Creating package script '/home/luigi/ros2_ws/src/my_robot_description/install/my_robot_description/share/my_robot_description/package.bash'
[3.648s] INFO:colcon.colcon_core.shell:Creating package script '/home/luigi/ros2_ws/src/my_robot_description/install/my_robot_description/share/my_robot_description/package.zsh'
[3.649s] Level 1:colcon.colcon_core.environment:create_file_with_runtime_dependencies(/home/luigi/ros2_ws/src/my_robot_description/install/my_robot_description/share/colcon-core/packages/my_robot_description)
[3.649s] DEBUG:colcon.colcon_parallel_executor.executor.parallel:closing loop
[3.650s] DEBUG:colcon.colcon_parallel_executor.executor.parallel:loop closed
[3.650s] DEBUG:colcon.colcon_parallel_executor.executor.parallel:run_until_complete finished with '0'
[3.650s] DEBUG:colcon.colcon_core.event_reactor:joining thread
[3.694s] INFO:colcon.colcon_core.plugin_system:Skipping extension 'colcon_notification.desktop_notification.terminal_notifier': Not used on non-Darwin systems
[3.694s] INFO:colcon.colcon_core.plugin_system:Skipping extension 'colcon_notification.desktop_notification.win32': Not used on non-Windows systems
[3.694s] INFO:colcon.colcon_notification.desktop_notification:Sending desktop notification using 'notify2'
[3.808s] DEBUG:colcon.colcon_core.event_reactor:joined thread
[3.809s] INFO:colcon.colcon_core.shell:Creating prefix script '/home/luigi/ros2_ws/src/my_robot_description/install/local_setup.ps1'
[3.811s] INFO:colcon.colcon_core.shell:Creating prefix util module '/home/luigi/ros2_ws/src/my_robot_description/install/_local_setup_util_ps1.py'
[3.814s] INFO:colcon.colcon_core.shell:Creating prefix chain script '/home/luigi/ros2_ws/src/my_robot_description/install/setup.ps1'
[3.816s] INFO:colcon.colcon_core.shell:Creating prefix script '/home/luigi/ros2_ws/src/my_robot_description/install/local_setup.sh'
[3.819s] INFO:colcon.colcon_core.shell:Creating prefix util module '/home/luigi/ros2_ws/src/my_robot_description/install/_local_setup_util_sh.py'
[3.820s] INFO:colcon.colcon_core.shell:Creating prefix chain script '/home/luigi/ros2_ws/src/my_robot_description/install/setup.sh'
[3.823s] INFO:colcon.colcon_core.shell:Creating prefix script '/home/luigi/ros2_ws/src/my_robot_description/install/local_setup.bash'
[3.825s] INFO:colcon.colcon_core.shell:Creating prefix chain script '/home/luigi/ros2_ws/src/my_robot_description/install/setup.bash'
[3.828s] INFO:colcon.colcon_core.shell:Creating prefix script '/home/luigi/ros2_ws/src/my_robot_description/install/local_setup.zsh'
[3.830s] INFO:colcon.colcon_core.shell:Creating prefix chain script '/home/luigi/ros2_ws/src/my_robot_description/install/setup.zsh'
