[0.622s] Invoking command in '/home/luigi/ros2_ws/build/my_robot_bringup': CMAKE_PREFIX_PATH=${CMAKE_PREFIX_PATH}:/home/luigi/ros2_ws/install/my_robot_control:/home/luigi/ros2_ws/install/my_py_pkg:/opt/ros/jazzy DEBUGINFOD_URLS=https://debuginfod.ubuntu.com /usr/bin/cmake /home/luigi/ros2_ws/src/my_robot_bringup -DCMAKE_INSTALL_PREFIX=/home/luigi/ros2_ws/install/my_robot_bringup
[1.149s] -- The C compiler identification is GNU 13.3.0
[1.313s] -- The CXX compiler identification is GNU 13.3.0
[1.475s] -- Detecting C compiler ABI info
[1.915s] -- Detecting C compiler ABI info - done
[1.966s] -- Check for working C compiler: /usr/bin/cc - skipped
[1.973s] -- Detecting C compile features
[1.976s] -- Detecting C compile features - done
[2.029s] -- Detecting CXX compiler ABI info
[2.526s] -- Detecting CXX compiler ABI info - done
[2.537s] -- Check for working CXX compiler: /usr/bin/c++ - skipped
[2.537s] -- Detecting CXX compile features
[2.538s] -- Detecting CXX compile features - done
[2.741s] -- Found ament_cmake: 2.5.4 (/opt/ros/jazzy/share/ament_cmake/cmake)
[3.310s] -- Found Python3: /usr/bin/python3 (found version "3.12.3") found components: Interpreter 
[4.094s] -- Configuring done (3.4s)
[4.100s] -- Generating done (0.0s)
[4.103s] -- Build files have been written to: /home/luigi/ros2_ws/build/my_robot_bringup
[4.130s] Invoked command in '/home/luigi/ros2_ws/build/my_robot_bringup' returned '0': CMAKE_PREFIX_PATH=${CMAKE_PREFIX_PATH}:/home/luigi/ros2_ws/install/my_robot_control:/home/luigi/ros2_ws/install/my_py_pkg:/opt/ros/jazzy DEBUGINFOD_URLS=https://debuginfod.ubuntu.com /usr/bin/cmake /home/luigi/ros2_ws/src/my_robot_bringup -DCMAKE_INSTALL_PREFIX=/home/luigi/ros2_ws/install/my_robot_bringup
[4.131s] Invoking command in '/home/luigi/ros2_ws/build/my_robot_bringup': CMAKE_PREFIX_PATH=${CMAKE_PREFIX_PATH}:/home/luigi/ros2_ws/install/my_robot_control:/home/luigi/ros2_ws/install/my_py_pkg:/opt/ros/jazzy DEBUGINFOD_URLS=https://debuginfod.ubuntu.com /usr/bin/cmake --build /home/luigi/ros2_ws/build/my_robot_bringup -- -j5 -l5
[4.271s] Invoked command in '/home/luigi/ros2_ws/build/my_robot_bringup' returned '0': CMAKE_PREFIX_PATH=${CMAKE_PREFIX_PATH}:/home/luigi/ros2_ws/install/my_robot_control:/home/luigi/ros2_ws/install/my_py_pkg:/opt/ros/jazzy DEBUGINFOD_URLS=https://debuginfod.ubuntu.com /usr/bin/cmake --build /home/luigi/ros2_ws/build/my_robot_bringup -- -j5 -l5
[4.305s] Invoking command in '/home/luigi/ros2_ws/build/my_robot_bringup': CMAKE_PREFIX_PATH=${CMAKE_PREFIX_PATH}:/home/luigi/ros2_ws/install/my_robot_control:/home/luigi/ros2_ws/install/my_py_pkg:/opt/ros/jazzy DEBUGINFOD_URLS=https://debuginfod.ubuntu.com /usr/bin/cmake --install /home/luigi/ros2_ws/build/my_robot_bringup
[4.334s] -- Install configuration: ""
[4.334s] -- Installing: /home/luigi/ros2_ws/install/my_robot_bringup/share/my_robot_bringup//launch
[4.335s] -- Installing: /home/luigi/ros2_ws/install/my_robot_bringup/share/my_robot_bringup//launch/my_robot_gazebo.launch.xml
[4.336s] -- Installing: /home/luigi/ros2_ws/install/my_robot_bringup/share/my_robot_bringup//launch/gazebo.launch.xml
[4.338s] -- Installing: /home/luigi/ros2_ws/install/my_robot_bringup/share/my_robot_bringup//config
[4.338s] -- Installing: /home/luigi/ros2_ws/install/my_robot_bringup/share/my_robot_bringup//config/gazebo_bridge.yaml
[4.338s] -- Installing: /home/luigi/ros2_ws/install/my_robot_bringup/share/my_robot_bringup//worlds
[4.338s] -- Installing: /home/luigi/ros2_ws/install/my_robot_bringup/share/my_robot_bringup//worlds/test_world.sdf
[4.342s] -- Installing: /home/luigi/ros2_ws/install/my_robot_bringup/share/ament_index/resource_index/package_run_dependencies/my_robot_bringup
[4.349s] -- Installing: /home/luigi/ros2_ws/install/my_robot_bringup/share/ament_index/resource_index/parent_prefix_path/my_robot_bringup
[4.349s] -- Installing: /home/luigi/ros2_ws/install/my_robot_bringup/share/my_robot_bringup/environment/ament_prefix_path.sh
[4.349s] -- Installing: /home/luigi/ros2_ws/install/my_robot_bringup/share/my_robot_bringup/environment/ament_prefix_path.dsv
[4.350s] -- Installing: /home/luigi/ros2_ws/install/my_robot_bringup/share/my_robot_bringup/environment/path.sh
[4.350s] -- Installing: /home/luigi/ros2_ws/install/my_robot_bringup/share/my_robot_bringup/environment/path.dsv
[4.350s] -- Installing: /home/luigi/ros2_ws/install/my_robot_bringup/share/my_robot_bringup/local_setup.bash
[4.351s] -- Installing: /home/luigi/ros2_ws/install/my_robot_bringup/share/my_robot_bringup/local_setup.sh
[4.351s] -- Installing: /home/luigi/ros2_ws/install/my_robot_bringup/share/my_robot_bringup/local_setup.zsh
[4.351s] -- Installing: /home/luigi/ros2_ws/install/my_robot_bringup/share/my_robot_bringup/local_setup.dsv
[4.352s] -- Installing: /home/luigi/ros2_ws/install/my_robot_bringup/share/my_robot_bringup/package.dsv
[4.358s] -- Installing: /home/luigi/ros2_ws/install/my_robot_bringup/share/ament_index/resource_index/packages/my_robot_bringup
[4.358s] -- Installing: /home/luigi/ros2_ws/install/my_robot_bringup/share/my_robot_bringup/cmake/my_robot_bringupConfig.cmake
[4.363s] -- Installing: /home/luigi/ros2_ws/install/my_robot_bringup/share/my_robot_bringup/cmake/my_robot_bringupConfig-version.cmake
[4.363s] -- Installing: /home/luigi/ros2_ws/install/my_robot_bringup/share/my_robot_bringup/package.xml
[4.380s] Invoked command in '/home/luigi/ros2_ws/build/my_robot_bringup' returned '0': CMAKE_PREFIX_PATH=${CMAKE_PREFIX_PATH}:/home/luigi/ros2_ws/install/my_robot_control:/home/luigi/ros2_ws/install/my_py_pkg:/opt/ros/jazzy DEBUGINFOD_URLS=https://debuginfod.ubuntu.com /usr/bin/cmake --install /home/luigi/ros2_ws/build/my_robot_bringup
