[0.066s] Invoking command in '/home/luigi/ros2_ws/build/my_cpp_pkg': CMAKE_PREFIX_PATH=${CMAKE_PREFIX_PATH}:/home/luigi/ros2_ws/install/my_robot_control:/home/luigi/ros2_ws/install/my_py_pkg:/opt/ros/jazzy DEBUGINFOD_URLS=https://debuginfod.ubuntu.com /usr/bin/cmake /home/luigi/ros2_ws/src/my_cpp_pkg -DCMAKE_INSTALL_PREFIX=/home/luigi/ros2_ws/install/my_cpp_pkg
[1.167s] -- The C compiler identification is GNU 13.3.0
[1.343s] -- The CXX compiler identification is GNU 13.3.0
[1.496s] -- Detecting C compiler ABI info
[1.965s] -- Detecting C compiler ABI info - done
[2.010s] -- Check for working C compiler: /usr/bin/cc - skipped
[2.010s] -- Detecting C compile features
[2.012s] -- Detecting C compile features - done
[2.047s] -- Detecting CXX compiler ABI info
[2.549s] -- Detecting CXX compiler ABI info - done
[2.560s] -- Check for working CXX compiler: /usr/bin/c++ - skipped
[2.562s] -- Detecting CXX compile features
[2.563s] -- Detecting CXX compile features - done
[2.765s] -- Found ament_cmake: 2.5.4 (/opt/ros/jazzy/share/ament_cmake/cmake)
[3.194s] -- Found Python3: /usr/bin/python3 (found version "3.12.3") found components: Interpreter 
[3.879s] -- Found rclcpp: 28.1.12 (/opt/ros/jazzy/share/rclcpp/cmake)
[4.284s] -- Found rosidl_generator_c: 4.6.6 (/opt/ros/jazzy/share/rosidl_generator_c/cmake)
[4.357s] -- Found rosidl_generator_cpp: 4.6.6 (/opt/ros/jazzy/share/rosidl_generator_cpp/cmake)
[4.486s] -- Using all available rosidl_typesupport_c: rosidl_typesupport_fastrtps_c;rosidl_typesupport_introspection_c
[4.597s] -- Using all available rosidl_typesupport_cpp: rosidl_typesupport_fastrtps_cpp;rosidl_typesupport_introspection_cpp
[5.055s] -- Found rmw_implementation_cmake: 7.3.2 (/opt/ros/jazzy/share/rmw_implementation_cmake/cmake)
[5.079s] -- Found rmw_fastrtps_cpp: 8.4.3 (/opt/ros/jazzy/share/rmw_fastrtps_cpp/cmake)
[5.507s] -- Found OpenSSL: /usr/lib/x86_64-linux-gnu/libcrypto.so (found version "3.0.13")  
[5.555s] -- Found FastRTPS: /opt/ros/jazzy/include (Required is at least version "2.13") 
[5.616s] -- Using RMW implementation 'rmw_fastrtps_cpp' as default
[6.061s] -- Configuring done (6.0s)
[6.081s] -- Generating done (0.0s)
[6.088s] -- Build files have been written to: /home/luigi/ros2_ws/build/my_cpp_pkg
[6.108s] Invoked command in '/home/luigi/ros2_ws/build/my_cpp_pkg' returned '0': CMAKE_PREFIX_PATH=${CMAKE_PREFIX_PATH}:/home/luigi/ros2_ws/install/my_robot_control:/home/luigi/ros2_ws/install/my_py_pkg:/opt/ros/jazzy DEBUGINFOD_URLS=https://debuginfod.ubuntu.com /usr/bin/cmake /home/luigi/ros2_ws/src/my_cpp_pkg -DCMAKE_INSTALL_PREFIX=/home/luigi/ros2_ws/install/my_cpp_pkg
[6.109s] Invoking command in '/home/luigi/ros2_ws/build/my_cpp_pkg': CMAKE_PREFIX_PATH=${CMAKE_PREFIX_PATH}:/home/luigi/ros2_ws/install/my_robot_control:/home/luigi/ros2_ws/install/my_py_pkg:/opt/ros/jazzy DEBUGINFOD_URLS=https://debuginfod.ubuntu.com /usr/bin/cmake --build /home/luigi/ros2_ws/build/my_cpp_pkg -- -j5 -l5
[6.274s] [ 50%] [32mBuilding CXX object CMakeFiles/cpp_node.dir/src/my_first_node.cpp.o[0m
[13.245s] [100%] [32m[1mLinking CXX executable cpp_node[0m
[13.745s] [100%] Built target cpp_node
[13.794s] Invoked command in '/home/luigi/ros2_ws/build/my_cpp_pkg' returned '0': CMAKE_PREFIX_PATH=${CMAKE_PREFIX_PATH}:/home/luigi/ros2_ws/install/my_robot_control:/home/luigi/ros2_ws/install/my_py_pkg:/opt/ros/jazzy DEBUGINFOD_URLS=https://debuginfod.ubuntu.com /usr/bin/cmake --build /home/luigi/ros2_ws/build/my_cpp_pkg -- -j5 -l5
[13.795s] Invoking command in '/home/luigi/ros2_ws/build/my_cpp_pkg': CMAKE_PREFIX_PATH=${CMAKE_PREFIX_PATH}:/home/luigi/ros2_ws/install/my_robot_control:/home/luigi/ros2_ws/install/my_py_pkg:/opt/ros/jazzy DEBUGINFOD_URLS=https://debuginfod.ubuntu.com /usr/bin/cmake --install /home/luigi/ros2_ws/build/my_cpp_pkg
[13.817s] -- Install configuration: ""
[13.818s] -- Installing: /home/luigi/ros2_ws/install/my_cpp_pkg/lib/my_cpp_pkg/cpp_node
[13.820s] -- Set non-toolchain portion of runtime path of "/home/luigi/ros2_ws/install/my_cpp_pkg/lib/my_cpp_pkg/cpp_node" to ""
[13.821s] -- Installing: /home/luigi/ros2_ws/install/my_cpp_pkg/share/ament_index/resource_index/package_run_dependencies/my_cpp_pkg
[13.822s] -- Installing: /home/luigi/ros2_ws/install/my_cpp_pkg/share/ament_index/resource_index/parent_prefix_path/my_cpp_pkg
[13.823s] -- Installing: /home/luigi/ros2_ws/install/my_cpp_pkg/share/my_cpp_pkg/environment/ament_prefix_path.sh
[13.824s] -- Installing: /home/luigi/ros2_ws/install/my_cpp_pkg/share/my_cpp_pkg/environment/ament_prefix_path.dsv
[13.825s] -- Installing: /home/luigi/ros2_ws/install/my_cpp_pkg/share/my_cpp_pkg/environment/path.sh
[13.825s] -- Installing: /home/luigi/ros2_ws/install/my_cpp_pkg/share/my_cpp_pkg/environment/path.dsv
[13.827s] -- Installing: /home/luigi/ros2_ws/install/my_cpp_pkg/share/my_cpp_pkg/local_setup.bash
[13.827s] -- Installing: /home/luigi/ros2_ws/install/my_cpp_pkg/share/my_cpp_pkg/local_setup.sh
[13.827s] -- Installing: /home/luigi/ros2_ws/install/my_cpp_pkg/share/my_cpp_pkg/local_setup.zsh
[13.830s] -- Installing: /home/luigi/ros2_ws/install/my_cpp_pkg/share/my_cpp_pkg/local_setup.dsv
[13.830s] -- Installing: /home/luigi/ros2_ws/install/my_cpp_pkg/share/my_cpp_pkg/package.dsv
[13.830s] -- Installing: /home/luigi/ros2_ws/install/my_cpp_pkg/share/ament_index/resource_index/packages/my_cpp_pkg
[13.830s] -- Installing: /home/luigi/ros2_ws/install/my_cpp_pkg/share/my_cpp_pkg/cmake/my_cpp_pkgConfig.cmake
[13.830s] -- Installing: /home/luigi/ros2_ws/install/my_cpp_pkg/share/my_cpp_pkg/cmake/my_cpp_pkgConfig-version.cmake
[13.830s] -- Installing: /home/luigi/ros2_ws/install/my_cpp_pkg/share/my_cpp_pkg/package.xml
[13.835s] Invoked command in '/home/luigi/ros2_ws/build/my_cpp_pkg' returned '0': CMAKE_PREFIX_PATH=${CMAKE_PREFIX_PATH}:/home/luigi/ros2_ws/install/my_robot_control:/home/luigi/ros2_ws/install/my_py_pkg:/opt/ros/jazzy DEBUGINFOD_URLS=https://debuginfod.ubuntu.com /usr/bin/cmake --install /home/luigi/ros2_ws/build/my_cpp_pkg
