[0.049s] Invoking command in '/home/luigi/ros2_ws/src/my_robot_description/build/my_robot_description': CMAKE_PREFIX_PATH=${CMAKE_PREFIX_PATH}:/home/luigi/ros2_ws/install/my_py_pkg:/opt/ros/jazzy DEBUGINFOD_URLS=https://debuginfod.ubuntu.com /usr/bin/cmake /home/luigi/ros2_ws/src/my_robot_description -DCMAKE_INSTALL_PREFIX=/home/luigi/ros2_ws/src/my_robot_description/install/my_robot_description
[0.602s] -- The C compiler identification is GNU 13.3.0
[0.921s] -- The CXX compiler identification is GNU 13.3.0
[0.988s] -- Detecting C compiler ABI info
[1.233s] -- Detecting C compiler ABI info - done
[1.248s] -- Check for working C compiler: /usr/bin/cc - skipped
[1.249s] -- Detecting C compile features
[1.250s] -- Detecting C compile features - done
[1.278s] -- Detecting CXX compiler ABI info
[1.520s] -- Detecting CXX compiler ABI info - done
[1.537s] -- Check for working CXX compiler: /usr/bin/c++ - skipped
[1.538s] -- Detecting CXX compile features
[1.541s] -- Detecting CXX compile features - done
[1.658s] -- Found ament_cmake: 2.5.4 (/opt/ros/jazzy/share/ament_cmake/cmake)
[1.941s] -- Found Python3: /usr/bin/python3 (found version "3.12.3") found components: Interpreter 
[2.320s] -- Found ament_lint_auto: 0.17.3 (/opt/ros/jazzy/share/ament_lint_auto/cmake)
[2.561s] -- Added test 'cppcheck' to perform static code analysis on C / C++ code
[2.561s] -- Configured cppcheck include dirs: 
[2.561s] -- Configured cppcheck exclude dirs and/or files: 
[2.568s] -- Added test 'lint_cmake' to check CMake code style
[2.581s] -- Added test 'uncrustify' to check C / C++ code style
[2.581s] -- Configured uncrustify additional arguments: 
[2.584s] -- Added test 'xmllint' to check XML markup files
[2.592s] -- Configuring done (2.4s)
[2.600s] -- Generating done (0.0s)
[2.605s] -- Build files have been written to: /home/luigi/ros2_ws/src/my_robot_description/build/my_robot_description
[2.622s] Invoked command in '/home/luigi/ros2_ws/src/my_robot_description/build/my_robot_description' returned '0': CMAKE_PREFIX_PATH=${CMAKE_PREFIX_PATH}:/home/luigi/ros2_ws/install/my_py_pkg:/opt/ros/jazzy DEBUGINFOD_URLS=https://debuginfod.ubuntu.com /usr/bin/cmake /home/luigi/ros2_ws/src/my_robot_description -DCMAKE_INSTALL_PREFIX=/home/luigi/ros2_ws/src/my_robot_description/install/my_robot_description
[2.623s] Invoking command in '/home/luigi/ros2_ws/src/my_robot_description/build/my_robot_description': CMAKE_PREFIX_PATH=${CMAKE_PREFIX_PATH}:/home/luigi/ros2_ws/install/my_py_pkg:/opt/ros/jazzy DEBUGINFOD_URLS=https://debuginfod.ubuntu.com /usr/bin/cmake --build /home/luigi/ros2_ws/src/my_robot_description/build/my_robot_description -- -j3 -l3
[2.711s] Invoked command in '/home/luigi/ros2_ws/src/my_robot_description/build/my_robot_description' returned '0': CMAKE_PREFIX_PATH=${CMAKE_PREFIX_PATH}:/home/luigi/ros2_ws/install/my_py_pkg:/opt/ros/jazzy DEBUGINFOD_URLS=https://debuginfod.ubuntu.com /usr/bin/cmake --build /home/luigi/ros2_ws/src/my_robot_description/build/my_robot_description -- -j3 -l3
[2.732s] Invoking command in '/home/luigi/ros2_ws/src/my_robot_description/build/my_robot_description': CMAKE_PREFIX_PATH=${CMAKE_PREFIX_PATH}:/home/luigi/ros2_ws/install/my_py_pkg:/opt/ros/jazzy DEBUGINFOD_URLS=https://debuginfod.ubuntu.com /usr/bin/cmake --install /home/luigi/ros2_ws/src/my_robot_description/build/my_robot_description
[2.747s] -- Install configuration: ""
[2.747s] -- Installing: /home/luigi/ros2_ws/src/my_robot_description/install/my_robot_description/share/my_robot_description//urdf
[2.748s] -- Installing: /home/luigi/ros2_ws/src/my_robot_description/install/my_robot_description/share/my_robot_description//urdf/my_robot.urdf.xacro
[2.749s] -- Installing: /home/luigi/ros2_ws/src/my_robot_description/install/my_robot_description/share/my_robot_description//urdf/mobile_base_gazebo.xacro
[2.749s] -- Installing: /home/luigi/ros2_ws/src/my_robot_description/install/my_robot_description/share/my_robot_description//urdf/common_proporties.xacro
[2.749s] -- Installing: /home/luigi/ros2_ws/src/my_robot_description/install/my_robot_description/share/my_robot_description//urdf/mobile_base.xacro
[2.749s] -- Installing: /home/luigi/ros2_ws/src/my_robot_description/install/my_robot_description/share/my_robot_description//launch
[2.749s] -- Installing: /home/luigi/ros2_ws/src/my_robot_description/install/my_robot_description/share/my_robot_description//launch/display.launch.xml
[2.749s] -- Installing: /home/luigi/ros2_ws/src/my_robot_description/install/my_robot_description/share/my_robot_description//rviz
[2.750s] -- Installing: /home/luigi/ros2_ws/src/my_robot_description/install/my_robot_description/share/my_robot_description//rviz/urdf_config.rviz
[2.750s] -- Installing: /home/luigi/ros2_ws/src/my_robot_description/install/my_robot_description/share/ament_index/resource_index/package_run_dependencies/my_robot_description
[2.751s] -- Installing: /home/luigi/ros2_ws/src/my_robot_description/install/my_robot_description/share/ament_index/resource_index/parent_prefix_path/my_robot_description
[2.751s] -- Installing: /home/luigi/ros2_ws/src/my_robot_description/install/my_robot_description/share/my_robot_description/environment/ament_prefix_path.sh
[2.752s] -- Installing: /home/luigi/ros2_ws/src/my_robot_description/install/my_robot_description/share/my_robot_description/environment/ament_prefix_path.dsv
[2.752s] -- Installing: /home/luigi/ros2_ws/src/my_robot_description/install/my_robot_description/share/my_robot_description/environment/path.sh
[2.752s] -- Installing: /home/luigi/ros2_ws/src/my_robot_description/install/my_robot_description/share/my_robot_description/environment/path.dsv
[2.752s] -- Installing: /home/luigi/ros2_ws/src/my_robot_description/install/my_robot_description/share/my_robot_description/local_setup.bash
[2.752s] -- Installing: /home/luigi/ros2_ws/src/my_robot_description/install/my_robot_description/share/my_robot_description/local_setup.sh
[2.753s] -- Installing: /home/luigi/ros2_ws/src/my_robot_description/install/my_robot_description/share/my_robot_description/local_setup.zsh
[2.753s] -- Installing: /home/luigi/ros2_ws/src/my_robot_description/install/my_robot_description/share/my_robot_description/local_setup.dsv
[2.754s] -- Installing: /home/luigi/ros2_ws/src/my_robot_description/install/my_robot_description/share/my_robot_description/package.dsv
[2.755s] -- Installing: /home/luigi/ros2_ws/src/my_robot_description/install/my_robot_description/share/ament_index/resource_index/packages/my_robot_description
[2.755s] -- Installing: /home/luigi/ros2_ws/src/my_robot_description/install/my_robot_description/share/my_robot_description/cmake/my_robot_descriptionConfig.cmake
[2.755s] -- Installing: /home/luigi/ros2_ws/src/my_robot_description/install/my_robot_description/share/my_robot_description/cmake/my_robot_descriptionConfig-version.cmake
[2.755s] -- Installing: /home/luigi/ros2_ws/src/my_robot_description/install/my_robot_description/share/my_robot_description/package.xml
[2.760s] Invoked command in '/home/luigi/ros2_ws/src/my_robot_description/build/my_robot_description' returned '0': CMAKE_PREFIX_PATH=${CMAKE_PREFIX_PATH}:/home/luigi/ros2_ws/install/my_py_pkg:/opt/ros/jazzy DEBUGINFOD_URLS=https://debuginfod.ubuntu.com /usr/bin/cmake --install /home/luigi/ros2_ws/src/my_robot_description/build/my_robot_description
