[9.222s] Invoking command in '/home/luigi/ros2_ws/src/my_robot_control': DEBUGINFOD_URLS=https://debuginfod.ubuntu.com PYTHONPATH=/home/luigi/ros2_ws/build/my_robot_control/prefix_override:/usr/lib/python3/dist-packages/colcon_core/task/python/colcon_distutils_commands:/home/luigi/ros2_ws/install/my_robot_control/lib/python3.12/site-packages:${PYTHONPATH} /usr/bin/python3 -W ignore:setup.py install is deprecated -W ignore:easy_install command is deprecated setup.py egg_info --egg-base ../../build/my_robot_control build --build-base /home/luigi/ros2_ws/build/my_robot_control/build install --record /home/luigi/ros2_ws/build/my_robot_control/install.log --single-version-externally-managed install_data
[10.997s] running egg_info
[10.998s] creating ../../build/my_robot_control/my_robot_control.egg-info
[11.127s] writing ../../build/my_robot_control/my_robot_control.egg-info/PKG-INFO
[11.129s] writing dependency_links to ../../build/my_robot_control/my_robot_control.egg-info/dependency_links.txt
[11.142s] writing entry points to ../../build/my_robot_control/my_robot_control.egg-info/entry_points.txt
[11.142s] writing requirements to ../../build/my_robot_control/my_robot_control.egg-info/requires.txt
[11.144s] writing top-level names to ../../build/my_robot_control/my_robot_control.egg-info/top_level.txt
[11.144s] writing manifest file '../../build/my_robot_control/my_robot_control.egg-info/SOURCES.txt'
[11.335s] reading manifest file '../../build/my_robot_control/my_robot_control.egg-info/SOURCES.txt'
[11.336s] writing manifest file '../../build/my_robot_control/my_robot_control.egg-info/SOURCES.txt'
[11.337s] running build
[11.338s] running build_py
[11.339s] creating /home/luigi/ros2_ws/build/my_robot_control/build
[11.341s] creating /home/luigi/ros2_ws/build/my_robot_control/build/lib
[11.342s] creating /home/luigi/ros2_ws/build/my_robot_control/build/lib/my_robot_control
[11.344s] copying my_robot_control/dynamic_obstacles.py -> /home/luigi/ros2_ws/build/my_robot_control/build/lib/my_robot_control
[11.345s] copying my_robot_control/camera_follower.py -> /home/luigi/ros2_ws/build/my_robot_control/build/lib/my_robot_control
[11.345s] copying my_robot_control/__init__.py -> /home/luigi/ros2_ws/build/my_robot_control/build/lib/my_robot_control
[11.346s] running install
[11.369s] running install_lib
[11.472s] creating /home/luigi/ros2_ws/install/my_robot_control/lib/python3.12/site-packages/my_robot_control
[11.474s] copying /home/luigi/ros2_ws/build/my_robot_control/build/lib/my_robot_control/dynamic_obstacles.py -> /home/luigi/ros2_ws/install/my_robot_control/lib/python3.12/site-packages/my_robot_control
[11.474s] copying /home/luigi/ros2_ws/build/my_robot_control/build/lib/my_robot_control/camera_follower.py -> /home/luigi/ros2_ws/install/my_robot_control/lib/python3.12/site-packages/my_robot_control
[11.477s] copying /home/luigi/ros2_ws/build/my_robot_control/build/lib/my_robot_control/__init__.py -> /home/luigi/ros2_ws/install/my_robot_control/lib/python3.12/site-packages/my_robot_control
[11.481s] byte-compiling /home/luigi/ros2_ws/install/my_robot_control/lib/python3.12/site-packages/my_robot_control/dynamic_obstacles.py to dynamic_obstacles.cpython-312.pyc
[11.482s] byte-compiling /home/luigi/ros2_ws/install/my_robot_control/lib/python3.12/site-packages/my_robot_control/camera_follower.py to camera_follower.cpython-312.pyc
[11.491s] byte-compiling /home/luigi/ros2_ws/install/my_robot_control/lib/python3.12/site-packages/my_robot_control/__init__.py to __init__.cpython-312.pyc
[11.492s] running install_data
[11.498s] creating /home/luigi/ros2_ws/install/my_robot_control/share/ament_index
[11.499s] creating /home/luigi/ros2_ws/install/my_robot_control/share/ament_index/resource_index
[11.499s] creating /home/luigi/ros2_ws/install/my_robot_control/share/ament_index/resource_index/packages
[11.499s] copying resource/my_robot_control -> /home/luigi/ros2_ws/install/my_robot_control/share/ament_index/resource_index/packages
[11.499s] copying package.xml -> /home/luigi/ros2_ws/install/my_robot_control/share/my_robot_control
[11.500s] running install_egg_info
[11.636s] Copying ../../build/my_robot_control/my_robot_control.egg-info to /home/luigi/ros2_ws/install/my_robot_control/lib/python3.12/site-packages/my_robot_control-0.0.0-py3.12.egg-info
[11.644s] running install_scripts
[12.220s] Installing camera_follower script to /home/luigi/ros2_ws/install/my_robot_control/lib/my_robot_control
[12.220s] Installing dynamic_obstacles script to /home/luigi/ros2_ws/install/my_robot_control/lib/my_robot_control
[12.220s] writing list of installed files to '/home/luigi/ros2_ws/build/my_robot_control/install.log'
[12.420s] Invoked command in '/home/luigi/ros2_ws/src/my_robot_control' returned '0': DEBUGINFOD_URLS=https://debuginfod.ubuntu.com PYTHONPATH=/home/luigi/ros2_ws/build/my_robot_control/prefix_override:/usr/lib/python3/dist-packages/colcon_core/task/python/colcon_distutils_commands:/home/luigi/ros2_ws/install/my_robot_control/lib/python3.12/site-packages:${PYTHONPATH} /usr/bin/python3 -W ignore:setup.py install is deprecated -W ignore:easy_install command is deprecated setup.py egg_info --egg-base ../../build/my_robot_control build --build-base /home/luigi/ros2_ws/build/my_robot_control/build install --record /home/luigi/ros2_ws/build/my_robot_control/install.log --single-version-externally-managed install_data
