[0.333s] DEBUG:colcon:Command line arguments: ['/usr/bin/colcon', 'build']
[0.333s] DEBUG:colcon:Parsed command line arguments: Namespace(log_base=None, log_level=None, verb_name='build', build_base='build', install_base='install', merge_install=False, symlink_install=False, test_result_base=None, continue_on_error=False, executor='parallel', parallel_workers=5, event_handlers=None, ignore_user_meta=False, metas=['./colcon.meta'], base_paths=['.'], packages_ignore=None, packages_ignore_regex=None, paths=None, packages_up_to=None, packages_up_to_regex=None, packages_above=None, packages_above_and_dependencies=None, packages_above_depth=None, packages_select_by_dep=None, packages_skip_by_dep=None, packages_skip_up_to=None, packages_select_build_failed=False, packages_skip_build_finished=False, packages_select_test_failures=False, packages_skip_test_passed=False, packages_select=None, packages_skip=None, packages_select_regex=None, packages_skip_regex=None, packages_start=None, packages_end=None, allow_overriding=[], cmake_args=None, cmake_target=None, cmake_target_skip_unavailable=False, cmake_clean_cache=False, cmake_clean_first=False, cmake_force_configure=False, ament_cmake_args=None, catkin_cmake_args=None, catkin_skip_building_tests=False, mixin_files=None, mixin=None, verb_parser=<colcon_mixin.mixin.mixin_argument.MixinArgumentDecorator object at 0x729db171fe00>, verb_extension=<colcon_core.verb.build.BuildVerb object at 0x729db18cc680>, main=<bound method BuildVerb.main of <colcon_core.verb.build.BuildVerb object at 0x729db18cc680>>, mixin_verb=('build',))
[0.477s] Level 1:colcon.colcon_core.package_discovery:discover_packages(colcon_meta) check parameters
[0.478s] Level 1:colcon.colcon_core.package_discovery:discover_packages(recursive) check parameters
[0.478s] Level 1:colcon.colcon_core.package_discovery:discover_packages(ignore) check parameters
[0.478s] Level 1:colcon.colcon_core.package_discovery:discover_packages(path) check parameters
[0.478s] Level 1:colcon.colcon_core.package_discovery:discover_packages(colcon_meta) discover
[0.478s] Level 1:colcon.colcon_core.package_discovery:discover_packages(recursive) discover
[0.478s] INFO:colcon.colcon_core.package_discovery:Crawling recursively for packages in '/home/luigi/ros2_ws'
[0.478s] Level 1:colcon.colcon_core.package_identification:_identify(.) by extensions ['ignore', 'ignore_ament_install']
[0.478s] Level 1:colcon.colcon_core.package_identification:_identify(.) by extension 'ignore'
[0.479s] Level 1:colcon.colcon_core.package_identification:_identify(.) by extension 'ignore_ament_install'
[0.479s] Level 1:colcon.colcon_core.package_identification:_identify(.) by extensions ['colcon_pkg']
[0.479s] Level 1:colcon.colcon_core.package_identification:_identify(.) by extension 'colcon_pkg'
[0.479s] Level 1:colcon.colcon_core.package_identification:_identify(.) by extensions ['colcon_meta']
[0.479s] Level 1:colcon.colcon_core.package_identification:_identify(.) by extension 'colcon_meta'
[0.479s] Level 1:colcon.colcon_core.package_identification:_identify(.) by extensions ['ros']
[0.479s] Level 1:colcon.colcon_core.package_identification:_identify(.) by extension 'ros'
[0.531s] Level 1:colcon.colcon_core.package_identification:_identify(.) by extensions ['cmake', 'python']
[0.531s] Level 1:colcon.colcon_core.package_identification:_identify(.) by extension 'cmake'
[0.531s] Level 1:colcon.colcon_core.package_identification:_identify(.) by extension 'python'
[0.531s] Level 1:colcon.colcon_core.package_identification:_identify(.) by extensions ['python_setup_py']
[0.532s] Level 1:colcon.colcon_core.package_identification:_identify(.) by extension 'python_setup_py'
[0.532s] Level 1:colcon.colcon_core.package_identification:_identify(build) by extensions ['ignore', 'ignore_ament_install']
[0.532s] Level 1:colcon.colcon_core.package_identification:_identify(build) by extension 'ignore'
[0.532s] Level 1:colcon.colcon_core.package_identification:_identify(build) ignored
[0.532s] Level 1:colcon.colcon_core.package_identification:_identify(install) by extensions ['ignore', 'ignore_ament_install']
[0.532s] Level 1:colcon.colcon_core.package_identification:_identify(install) by extension 'ignore'
[0.532s] Level 1:colcon.colcon_core.package_identification:_identify(install) ignored
[0.533s] Level 1:colcon.colcon_core.package_identification:_identify(log) by extensions ['ignore', 'ignore_ament_install']
[0.533s] Level 1:colcon.colcon_core.package_identification:_identify(log) by extension 'ignore'
[0.533s] Level 1:colcon.colcon_core.package_identification:_identify(log) ignored
[0.533s] Level 1:colcon.colcon_core.package_identification:_identify(src) by extensions ['ignore', 'ignore_ament_install']
[0.533s] Level 1:colcon.colcon_core.package_identification:_identify(src) by extension 'ignore'
[0.533s] Level 1:colcon.colcon_core.package_identification:_identify(src) by extension 'ignore_ament_install'
[0.533s] Level 1:colcon.colcon_core.package_identification:_identify(src) by extensions ['colcon_pkg']
[0.533s] Level 1:colcon.colcon_core.package_identification:_identify(src) by extension 'colcon_pkg'
[0.534s] Level 1:colcon.colcon_core.package_identification:_identify(src) by extensions ['colcon_meta']
[0.534s] Level 1:colcon.colcon_core.package_identification:_identify(src) by extension 'colcon_meta'
[0.534s] Level 1:colcon.colcon_core.package_identification:_identify(src) by extensions ['ros']
[0.534s] Level 1:colcon.colcon_core.package_identification:_identify(src) by extension 'ros'
[0.534s] Level 1:colcon.colcon_core.package_identification:_identify(src) by extensions ['cmake', 'python']
[0.534s] Level 1:colcon.colcon_core.package_identification:_identify(src) by extension 'cmake'
[0.534s] Level 1:colcon.colcon_core.package_identification:_identify(src) by extension 'python'
[0.534s] Level 1:colcon.colcon_core.package_identification:_identify(src) by extensions ['python_setup_py']
[0.534s] Level 1:colcon.colcon_core.package_identification:_identify(src) by extension 'python_setup_py'
[0.534s] Level 1:colcon.colcon_core.package_identification:_identify(src/my_cpp_pkg) by extensions ['ignore', 'ignore_ament_install']
[0.534s] Level 1:colcon.colcon_core.package_identification:_identify(src/my_cpp_pkg) by extension 'ignore'
[0.535s] Level 1:colcon.colcon_core.package_identification:_identify(src/my_cpp_pkg) by extension 'ignore_ament_install'
[0.535s] Level 1:colcon.colcon_core.package_identification:_identify(src/my_cpp_pkg) by extensions ['colcon_pkg']
[0.535s] Level 1:colcon.colcon_core.package_identification:_identify(src/my_cpp_pkg) by extension 'colcon_pkg'
[0.535s] Level 1:colcon.colcon_core.package_identification:_identify(src/my_cpp_pkg) by extensions ['colcon_meta']
[0.535s] Level 1:colcon.colcon_core.package_identification:_identify(src/my_cpp_pkg) by extension 'colcon_meta'
[0.535s] Level 1:colcon.colcon_core.package_identification:_identify(src/my_cpp_pkg) by extensions ['ros']
[0.535s] Level 1:colcon.colcon_core.package_identification:_identify(src/my_cpp_pkg) by extension 'ros'
[0.540s] DEBUG:colcon.colcon_core.package_identification:Package 'src/my_cpp_pkg' with type 'ros.ament_cmake' and name 'my_cpp_pkg'
[0.540s] Level 1:colcon.colcon_core.package_identification:_identify(src/my_py_pkg) by extensions ['ignore', 'ignore_ament_install']
[0.540s] Level 1:colcon.colcon_core.package_identification:_identify(src/my_py_pkg) by extension 'ignore'
[0.540s] Level 1:colcon.colcon_core.package_identification:_identify(src/my_py_pkg) by extension 'ignore_ament_install'
[0.541s] Level 1:colcon.colcon_core.package_identification:_identify(src/my_py_pkg) by extensions ['colcon_pkg']
[0.541s] Level 1:colcon.colcon_core.package_identification:_identify(src/my_py_pkg) by extension 'colcon_pkg'
[0.541s] Level 1:colcon.colcon_core.package_identification:_identify(src/my_py_pkg) by extensions ['colcon_meta']
[0.541s] Level 1:colcon.colcon_core.package_identification:_identify(src/my_py_pkg) by extension 'colcon_meta'
[0.541s] Level 1:colcon.colcon_core.package_identification:_identify(src/my_py_pkg) by extensions ['ros']
[0.541s] Level 1:colcon.colcon_core.package_identification:_identify(src/my_py_pkg) by extension 'ros'
[0.542s] DEBUG:colcon.colcon_core.package_identification:Package 'src/my_py_pkg' with type 'ros.ament_python' and name 'my_py_pkg'
[0.542s] Level 1:colcon.colcon_core.package_identification:_identify(src/my_robot_bringup) by extensions ['ignore', 'ignore_ament_install']
[0.542s] Level 1:colcon.colcon_core.package_identification:_identify(src/my_robot_bringup) by extension 'ignore'
[0.542s] Level 1:colcon.colcon_core.package_identification:_identify(src/my_robot_bringup) by extension 'ignore_ament_install'
[0.542s] Level 1:colcon.colcon_core.package_identification:_identify(src/my_robot_bringup) by extensions ['colcon_pkg']
[0.543s] Level 1:colcon.colcon_core.package_identification:_identify(src/my_robot_bringup) by extension 'colcon_pkg'
[0.543s] Level 1:colcon.colcon_core.package_identification:_identify(src/my_robot_bringup) by extensions ['colcon_meta']
[0.543s] Level 1:colcon.colcon_core.package_identification:_identify(src/my_robot_bringup) by extension 'colcon_meta'
[0.543s] Level 1:colcon.colcon_core.package_identification:_identify(src/my_robot_bringup) by extensions ['ros']
[0.543s] Level 1:colcon.colcon_core.package_identification:_identify(src/my_robot_bringup) by extension 'ros'
[0.543s] DEBUG:colcon.colcon_core.package_identification:Package 'src/my_robot_bringup' with type 'ros.ament_cmake' and name 'my_robot_bringup'
[0.544s] Level 1:colcon.colcon_core.package_identification:_identify(src/my_robot_control) by extensions ['ignore', 'ignore_ament_install']
[0.544s] Level 1:colcon.colcon_core.package_identification:_identify(src/my_robot_control) by extension 'ignore'
[0.544s] Level 1:colcon.colcon_core.package_identification:_identify(src/my_robot_control) by extension 'ignore_ament_install'
[0.544s] Level 1:colcon.colcon_core.package_identification:_identify(src/my_robot_control) by extensions ['colcon_pkg']
[0.544s] Level 1:colcon.colcon_core.package_identification:_identify(src/my_robot_control) by extension 'colcon_pkg'
[0.544s] Level 1:colcon.colcon_core.package_identification:_identify(src/my_robot_control) by extensions ['colcon_meta']
[0.544s] Level 1:colcon.colcon_core.package_identification:_identify(src/my_robot_control) by extension 'colcon_meta'
[0.544s] Level 1:colcon.colcon_core.package_identification:_identify(src/my_robot_control) by extensions ['ros']
[0.544s] Level 1:colcon.colcon_core.package_identification:_identify(src/my_robot_control) by extension 'ros'
[0.545s] DEBUG:colcon.colcon_core.package_identification:Package 'src/my_robot_control' with type 'ros.ament_python' and name 'my_robot_control'
[0.545s] Level 1:colcon.colcon_core.package_identification:_identify(src/my_robot_description) by extensions ['ignore', 'ignore_ament_install']
[0.545s] Level 1:colcon.colcon_core.package_identification:_identify(src/my_robot_description) by extension 'ignore'
[0.545s] Level 1:colcon.colcon_core.package_identification:_identify(src/my_robot_description) by extension 'ignore_ament_install'
[0.546s] Level 1:colcon.colcon_core.package_identification:_identify(src/my_robot_description) by extensions ['colcon_pkg']
[0.546s] Level 1:colcon.colcon_core.package_identification:_identify(src/my_robot_description) by extension 'colcon_pkg'
[0.546s] Level 1:colcon.colcon_core.package_identification:_identify(src/my_robot_description) by extensions ['colcon_meta']
[0.546s] Level 1:colcon.colcon_core.package_identification:_identify(src/my_robot_description) by extension 'colcon_meta'
[0.546s] Level 1:colcon.colcon_core.package_identification:_identify(src/my_robot_description) by extensions ['ros']
[0.546s] Level 1:colcon.colcon_core.package_identification:_identify(src/my_robot_description) by extension 'ros'
[0.547s] DEBUG:colcon.colcon_core.package_identification:Package 'src/my_robot_description' with type 'ros.ament_cmake' and name 'my_robot_description'
[0.547s] Level 1:colcon.colcon_core.package_discovery:discover_packages(recursive) using defaults
[0.547s] Level 1:colcon.colcon_core.package_discovery:discover_packages(ignore) discover
[0.547s] Level 1:colcon.colcon_core.package_discovery:discover_packages(ignore) using defaults
[0.547s] Level 1:colcon.colcon_core.package_discovery:discover_packages(path) discover
[0.547s] Level 1:colcon.colcon_core.package_discovery:discover_packages(path) using defaults
[0.604s] Level 1:colcon.colcon_core.package_discovery:discover_packages(prefix_path) check parameters
[0.604s] Level 1:colcon.colcon_core.package_discovery:discover_packages(prefix_path) discover
[0.607s] WARNING:colcon.colcon_ros.prefix_path.ament:The path '/home/luigi/ros2_ws/install/my_robot_description' in the environment variable AMENT_PREFIX_PATH doesn't exist
[0.607s] WARNING:colcon.colcon_ros.prefix_path.ament:The path '/home/luigi/ros2_ws/install/my_robot_control' in the environment variable AMENT_PREFIX_PATH doesn't exist
[0.608s] WARNING:colcon.colcon_ros.prefix_path.ament:The path '/home/luigi/ros2_ws/install/my_robot_bringup' in the environment variable AMENT_PREFIX_PATH doesn't exist
[0.610s] WARNING:colcon.colcon_ros.prefix_path.ament:The path '/home/luigi/ros2_ws/install/my_py_pkg' in the environment variable AMENT_PREFIX_PATH doesn't exist
[0.612s] WARNING:colcon.colcon_ros.prefix_path.ament:The path '/home/luigi/ros2_ws/install/my_cpp_pkg' in the environment variable AMENT_PREFIX_PATH doesn't exist
[0.613s] WARNING:colcon.colcon_ros.prefix_path.catkin:The path '/home/luigi/ros2_ws/install/my_robot_description' in the environment variable CMAKE_PREFIX_PATH doesn't exist
[0.613s] WARNING:colcon.colcon_ros.prefix_path.catkin:The path '/home/luigi/ros2_ws/install/my_robot_bringup' in the environment variable CMAKE_PREFIX_PATH doesn't exist
[0.613s] WARNING:colcon.colcon_ros.prefix_path.catkin:The path '/home/luigi/ros2_ws/install/my_cpp_pkg' in the environment variable CMAKE_PREFIX_PATH doesn't exist
[0.619s] DEBUG:colcon.colcon_installed_package_information.package_discovery:Found 0 installed packages in /home/luigi/ros2_ws/install
[0.628s] DEBUG:colcon.colcon_installed_package_information.package_discovery:Found 319 installed packages in /opt/ros/jazzy
[0.633s] Level 1:colcon.colcon_core.package_discovery:discover_packages(prefix_path) using defaults
[0.836s] Level 5:colcon.colcon_core.verb:set package 'my_cpp_pkg' build argument 'cmake_args' from command line to 'None'
[0.836s] Level 5:colcon.colcon_core.verb:set package 'my_cpp_pkg' build argument 'cmake_target' from command line to 'None'
[0.836s] Level 5:colcon.colcon_core.verb:set package 'my_cpp_pkg' build argument 'cmake_target_skip_unavailable' from command line to 'False'
[0.836s] Level 5:colcon.colcon_core.verb:set package 'my_cpp_pkg' build argument 'cmake_clean_cache' from command line to 'False'
[0.836s] Level 5:colcon.colcon_core.verb:set package 'my_cpp_pkg' build argument 'cmake_clean_first' from command line to 'False'
[0.836s] Level 5:colcon.colcon_core.verb:set package 'my_cpp_pkg' build argument 'cmake_force_configure' from command line to 'False'
[0.836s] Level 5:colcon.colcon_core.verb:set package 'my_cpp_pkg' build argument 'ament_cmake_args' from command line to 'None'
[0.836s] Level 5:colcon.colcon_core.verb:set package 'my_cpp_pkg' build argument 'catkin_cmake_args' from command line to 'None'
[0.836s] Level 5:colcon.colcon_core.verb:set package 'my_cpp_pkg' build argument 'catkin_skip_building_tests' from command line to 'False'
[0.836s] DEBUG:colcon.colcon_core.verb:Building package 'my_cpp_pkg' with the following arguments: {'ament_cmake_args': None, 'build_base': '/home/luigi/ros2_ws/build/my_cpp_pkg', 'catkin_cmake_args': None, 'catkin_skip_building_tests': False, 'cmake_args': None, 'cmake_clean_cache': False, 'cmake_clean_first': False, 'cmake_force_configure': False, 'cmake_target': None, 'cmake_target_skip_unavailable': False, 'install_base': '/home/luigi/ros2_ws/install/my_cpp_pkg', 'merge_install': False, 'path': '/home/luigi/ros2_ws/src/my_cpp_pkg', 'symlink_install': False, 'test_result_base': None}
[0.837s] Level 5:colcon.colcon_core.verb:set package 'my_py_pkg' build argument 'cmake_args' from command line to 'None'
[0.837s] Level 5:colcon.colcon_core.verb:set package 'my_py_pkg' build argument 'cmake_target' from command line to 'None'
[0.837s] Level 5:colcon.colcon_core.verb:set package 'my_py_pkg' build argument 'cmake_target_skip_unavailable' from command line to 'False'
[0.837s] Level 5:colcon.colcon_core.verb:set package 'my_py_pkg' build argument 'cmake_clean_cache' from command line to 'False'
[0.837s] Level 5:colcon.colcon_core.verb:set package 'my_py_pkg' build argument 'cmake_clean_first' from command line to 'False'
[0.837s] Level 5:colcon.colcon_core.verb:set package 'my_py_pkg' build argument 'cmake_force_configure' from command line to 'False'
[0.837s] Level 5:colcon.colcon_core.verb:set package 'my_py_pkg' build argument 'ament_cmake_args' from command line to 'None'
[0.837s] Level 5:colcon.colcon_core.verb:set package 'my_py_pkg' build argument 'catkin_cmake_args' from command line to 'None'
[0.837s] Level 5:colcon.colcon_core.verb:set package 'my_py_pkg' build argument 'catkin_skip_building_tests' from command line to 'False'
[0.838s] DEBUG:colcon.colcon_core.verb:Building package 'my_py_pkg' with the following arguments: {'ament_cmake_args': None, 'build_base': '/home/luigi/ros2_ws/build/my_py_pkg', 'catkin_cmake_args': None, 'catkin_skip_building_tests': False, 'cmake_args': None, 'cmake_clean_cache': False, 'cmake_clean_first': False, 'cmake_force_configure': False, 'cmake_target': None, 'cmake_target_skip_unavailable': False, 'install_base': '/home/luigi/ros2_ws/install/my_py_pkg', 'merge_install': False, 'path': '/home/luigi/ros2_ws/src/my_py_pkg', 'symlink_install': False, 'test_result_base': None}
[0.838s] Level 5:colcon.colcon_core.verb:set package 'my_robot_bringup' build argument 'cmake_args' from command line to 'None'
[0.838s] Level 5:colcon.colcon_core.verb:set package 'my_robot_bringup' build argument 'cmake_target' from command line to 'None'
[0.838s] Level 5:colcon.colcon_core.verb:set package 'my_robot_bringup' build argument 'cmake_target_skip_unavailable' from command line to 'False'
[0.838s] Level 5:colcon.colcon_core.verb:set package 'my_robot_bringup' build argument 'cmake_clean_cache' from command line to 'False'
[0.838s] Level 5:colcon.colcon_core.verb:set package 'my_robot_bringup' build argument 'cmake_clean_first' from command line to 'False'
[0.838s] Level 5:colcon.colcon_core.verb:set package 'my_robot_bringup' build argument 'cmake_force_configure' from command line to 'False'
[0.838s] Level 5:colcon.colcon_core.verb:set package 'my_robot_bringup' build argument 'ament_cmake_args' from command line to 'None'
[0.838s] Level 5:colcon.colcon_core.verb:set package 'my_robot_bringup' build argument 'catkin_cmake_args' from command line to 'None'
[0.838s] Level 5:colcon.colcon_core.verb:set package 'my_robot_bringup' build argument 'catkin_skip_building_tests' from command line to 'False'
[0.838s] DEBUG:colcon.colcon_core.verb:Building package 'my_robot_bringup' with the following arguments: {'ament_cmake_args': None, 'build_base': '/home/luigi/ros2_ws/build/my_robot_bringup', 'catkin_cmake_args': None, 'catkin_skip_building_tests': False, 'cmake_args': None, 'cmake_clean_cache': False, 'cmake_clean_first': False, 'cmake_force_configure': False, 'cmake_target': None, 'cmake_target_skip_unavailable': False, 'install_base': '/home/luigi/ros2_ws/install/my_robot_bringup', 'merge_install': False, 'path': '/home/luigi/ros2_ws/src/my_robot_bringup', 'symlink_install': False, 'test_result_base': None}
[0.839s] Level 5:colcon.colcon_core.verb:set package 'my_robot_control' build argument 'cmake_args' from command line to 'None'
[0.839s] Level 5:colcon.colcon_core.verb:set package 'my_robot_control' build argument 'cmake_target' from command line to 'None'
[0.839s] Level 5:colcon.colcon_core.verb:set package 'my_robot_control' build argument 'cmake_target_skip_unavailable' from command line to 'False'
[0.839s] Level 5:colcon.colcon_core.verb:set package 'my_robot_control' build argument 'cmake_clean_cache' from command line to 'False'
[0.839s] Level 5:colcon.colcon_core.verb:set package 'my_robot_control' build argument 'cmake_clean_first' from command line to 'False'
[0.839s] Level 5:colcon.colcon_core.verb:set package 'my_robot_control' build argument 'cmake_force_configure' from command line to 'False'
[0.839s] Level 5:colcon.colcon_core.verb:set package 'my_robot_control' build argument 'ament_cmake_args' from command line to 'None'
[0.839s] Level 5:colcon.colcon_core.verb:set package 'my_robot_control' build argument 'catkin_cmake_args' from command line to 'None'
[0.839s] Level 5:colcon.colcon_core.verb:set package 'my_robot_control' build argument 'catkin_skip_building_tests' from command line to 'False'
[0.839s] DEBUG:colcon.colcon_core.verb:Building package 'my_robot_control' with the following arguments: {'ament_cmake_args': None, 'build_base': '/home/luigi/ros2_ws/build/my_robot_control', 'catkin_cmake_args': None, 'catkin_skip_building_tests': False, 'cmake_args': None, 'cmake_clean_cache': False, 'cmake_clean_first': False, 'cmake_force_configure': False, 'cmake_target': None, 'cmake_target_skip_unavailable': False, 'install_base': '/home/luigi/ros2_ws/install/my_robot_control', 'merge_install': False, 'path': '/home/luigi/ros2_ws/src/my_robot_control', 'symlink_install': False, 'test_result_base': None}
[0.840s] Level 5:colcon.colcon_core.verb:set package 'my_robot_description' build argument 'cmake_args' from command line to 'None'
[0.840s] Level 5:colcon.colcon_core.verb:set package 'my_robot_description' build argument 'cmake_target' from command line to 'None'
[0.840s] Level 5:colcon.colcon_core.verb:set package 'my_robot_description' build argument 'cmake_target_skip_unavailable' from command line to 'False'
[0.840s] Level 5:colcon.colcon_core.verb:set package 'my_robot_description' build argument 'cmake_clean_cache' from command line to 'False'
[0.840s] Level 5:colcon.colcon_core.verb:set package 'my_robot_description' build argument 'cmake_clean_first' from command line to 'False'
[0.840s] Level 5:colcon.colcon_core.verb:set package 'my_robot_description' build argument 'cmake_force_configure' from command line to 'False'
[0.840s] Level 5:colcon.colcon_core.verb:set package 'my_robot_description' build argument 'ament_cmake_args' from command line to 'None'
[0.841s] Level 5:colcon.colcon_core.verb:set package 'my_robot_description' build argument 'catkin_cmake_args' from command line to 'None'
[0.841s] Level 5:colcon.colcon_core.verb:set package 'my_robot_description' build argument 'catkin_skip_building_tests' from command line to 'False'
[0.841s] DEBUG:colcon.colcon_core.verb:Building package 'my_robot_description' with the following arguments: {'ament_cmake_args': None, 'build_base': '/home/luigi/ros2_ws/build/my_robot_description', 'catkin_cmake_args': None, 'catkin_skip_building_tests': False, 'cmake_args': None, 'cmake_clean_cache': False, 'cmake_clean_first': False, 'cmake_force_configure': False, 'cmake_target': None, 'cmake_target_skip_unavailable': False, 'install_base': '/home/luigi/ros2_ws/install/my_robot_description', 'merge_install': False, 'path': '/home/luigi/ros2_ws/src/my_robot_description', 'symlink_install': False, 'test_result_base': None}
[0.841s] INFO:colcon.colcon_core.executor:Executing jobs using 'parallel' executor
[0.854s] DEBUG:colcon.colcon_parallel_executor.executor.parallel:run_until_complete
[0.855s] INFO:colcon.colcon_ros.task.ament_cmake.build:Building ROS package in '/home/luigi/ros2_ws/src/my_cpp_pkg' with build type 'ament_cmake'
[0.856s] INFO:colcon.colcon_cmake.task.cmake.build:Building CMake package in '/home/luigi/ros2_ws/src/my_cpp_pkg'
[0.937s] INFO:colcon.colcon_core.plugin_system:Skipping extension 'colcon_core.shell.bat': Not used on non-Windows systems
[0.937s] INFO:colcon.colcon_core.shell:Skip shell extension 'powershell' for command environment: Not usable outside of PowerShell
[0.938s] DEBUG:colcon.colcon_core.shell:Skip shell extension 'dsv' for command environment
[0.969s] INFO:colcon.colcon_ros.task.ament_python.build:Building ROS package in '/home/luigi/ros2_ws/src/my_py_pkg' with build type 'ament_python'
[0.969s] Level 1:colcon.colcon_core.shell:create_environment_hook('my_py_pkg', 'ament_prefix_path')
[0.970s] INFO:colcon.colcon_core.shell:Creating environment hook '/home/luigi/ros2_ws/install/my_py_pkg/share/my_py_pkg/hook/ament_prefix_path.ps1'
[0.978s] INFO:colcon.colcon_core.shell:Creating environment descriptor '/home/luigi/ros2_ws/install/my_py_pkg/share/my_py_pkg/hook/ament_prefix_path.dsv'
[0.984s] INFO:colcon.colcon_core.shell:Creating environment hook '/home/luigi/ros2_ws/install/my_py_pkg/share/my_py_pkg/hook/ament_prefix_path.sh'
[0.995s] INFO:colcon.colcon_core.shell:Skip shell extension 'powershell' for command environment: Not usable outside of PowerShell
[0.995s] DEBUG:colcon.colcon_core.shell:Skip shell extension 'dsv' for command environment
[1.019s] INFO:colcon.colcon_ros.task.ament_cmake.build:Building ROS package in '/home/luigi/ros2_ws/src/my_robot_bringup' with build type 'ament_cmake'
[1.019s] INFO:colcon.colcon_cmake.task.cmake.build:Building CMake package in '/home/luigi/ros2_ws/src/my_robot_bringup'
[1.020s] INFO:colcon.colcon_core.shell:Skip shell extension 'powershell' for command environment: Not usable outside of PowerShell
[1.021s] DEBUG:colcon.colcon_core.shell:Skip shell extension 'dsv' for command environment
[1.034s] INFO:colcon.colcon_ros.task.ament_python.build:Building ROS package in '/home/luigi/ros2_ws/src/my_robot_control' with build type 'ament_python'
[1.035s] Level 1:colcon.colcon_core.shell:create_environment_hook('my_robot_control', 'ament_prefix_path')
[1.035s] INFO:colcon.colcon_core.shell:Creating environment hook '/home/luigi/ros2_ws/install/my_robot_control/share/my_robot_control/hook/ament_prefix_path.ps1'
[1.048s] INFO:colcon.colcon_core.shell:Creating environment descriptor '/home/luigi/ros2_ws/install/my_robot_control/share/my_robot_control/hook/ament_prefix_path.dsv'
[1.049s] INFO:colcon.colcon_core.shell:Creating environment hook '/home/luigi/ros2_ws/install/my_robot_control/share/my_robot_control/hook/ament_prefix_path.sh'
[1.051s] INFO:colcon.colcon_core.shell:Skip shell extension 'powershell' for command environment: Not usable outside of PowerShell
[1.052s] DEBUG:colcon.colcon_core.shell:Skip shell extension 'dsv' for command environment
[1.065s] INFO:colcon.colcon_ros.task.ament_cmake.build:Building ROS package in '/home/luigi/ros2_ws/src/my_robot_description' with build type 'ament_cmake'
[1.065s] INFO:colcon.colcon_cmake.task.cmake.build:Building CMake package in '/home/luigi/ros2_ws/src/my_robot_description'
[1.066s] INFO:colcon.colcon_core.shell:Skip shell extension 'powershell' for command environment: Not usable outside of PowerShell
[1.066s] DEBUG:colcon.colcon_core.shell:Skip shell extension 'dsv' for command environment
[1.097s] DEBUG:colcon.colcon_core.event_handler.log_command:Invoking command in '/home/luigi/ros2_ws/build/my_cpp_pkg': CMAKE_PREFIX_PATH=${CMAKE_PREFIX_PATH}:/home/luigi/ros2_ws/install/my_robot_control:/home/luigi/ros2_ws/install/my_py_pkg:/opt/ros/jazzy DEBUGINFOD_URLS=https://debuginfod.ubuntu.com /usr/bin/cmake /home/luigi/ros2_ws/src/my_cpp_pkg -DCMAKE_INSTALL_PREFIX=/home/luigi/ros2_ws/install/my_cpp_pkg
[2.548s] INFO:colcon.colcon_core.task.python.build:Building Python package in '/home/luigi/ros2_ws/src/my_py_pkg'
[2.549s] INFO:colcon.colcon_core.shell:Skip shell extension 'powershell' for command environment: Not usable outside of PowerShell
[2.549s] DEBUG:colcon.colcon_core.shell:Skip shell extension 'dsv' for command environment
[2.576s] DEBUG:colcon.colcon_core.event_handler.log_command:Invoking command in '/home/luigi/ros2_ws/build/my_robot_bringup': CMAKE_PREFIX_PATH=${CMAKE_PREFIX_PATH}:/home/luigi/ros2_ws/install/my_robot_control:/home/luigi/ros2_ws/install/my_py_pkg:/opt/ros/jazzy DEBUGINFOD_URLS=https://debuginfod.ubuntu.com /usr/bin/cmake /home/luigi/ros2_ws/src/my_robot_bringup -DCMAKE_INSTALL_PREFIX=/home/luigi/ros2_ws/install/my_robot_bringup
[3.704s] INFO:colcon.colcon_core.task.python.build:Building Python package in '/home/luigi/ros2_ws/src/my_robot_control'
[3.706s] INFO:colcon.colcon_core.shell:Skip shell extension 'powershell' for command environment: Not usable outside of PowerShell
[3.706s] DEBUG:colcon.colcon_core.shell:Skip shell extension 'dsv' for command environment
[3.740s] DEBUG:colcon.colcon_core.event_handler.log_command:Invoking command in '/home/luigi/ros2_ws/build/my_robot_description': CMAKE_PREFIX_PATH=${CMAKE_PREFIX_PATH}:/home/luigi/ros2_ws/install/my_robot_control:/home/luigi/ros2_ws/install/my_py_pkg:/opt/ros/jazzy DEBUGINFOD_URLS=https://debuginfod.ubuntu.com /usr/bin/cmake /home/luigi/ros2_ws/src/my_robot_description -DCMAKE_INSTALL_PREFIX=/home/luigi/ros2_ws/install/my_robot_description
[9.960s] DEBUG:colcon.colcon_core.event_handler.log_command:Invoked command in '/home/luigi/ros2_ws/build/my_robot_bringup' returned '0': CMAKE_PREFIX_PATH=${CMAKE_PREFIX_PATH}:/home/luigi/ros2_ws/install/my_robot_control:/home/luigi/ros2_ws/install/my_py_pkg:/opt/ros/jazzy DEBUGINFOD_URLS=https://debuginfod.ubuntu.com /usr/bin/cmake /home/luigi/ros2_ws/src/my_robot_bringup -DCMAKE_INSTALL_PREFIX=/home/luigi/ros2_ws/install/my_robot_bringup
[9.968s] DEBUG:colcon.colcon_core.event_handler.log_command:Invoking command in '/home/luigi/ros2_ws/build/my_robot_bringup': CMAKE_PREFIX_PATH=${CMAKE_PREFIX_PATH}:/home/luigi/ros2_ws/install/my_robot_control:/home/luigi/ros2_ws/install/my_py_pkg:/opt/ros/jazzy DEBUGINFOD_URLS=https://debuginfod.ubuntu.com /usr/bin/cmake --build /home/luigi/ros2_ws/build/my_robot_bringup -- -j5 -l5
[10.022s] DEBUG:colcon.colcon_core.event_handler.log_command:Invoked command in '/home/luigi/ros2_ws/build/my_robot_description' returned '0': CMAKE_PREFIX_PATH=${CMAKE_PREFIX_PATH}:/home/luigi/ros2_ws/install/my_robot_control:/home/luigi/ros2_ws/install/my_py_pkg:/opt/ros/jazzy DEBUGINFOD_URLS=https://debuginfod.ubuntu.com /usr/bin/cmake /home/luigi/ros2_ws/src/my_robot_description -DCMAKE_INSTALL_PREFIX=/home/luigi/ros2_ws/install/my_robot_description
[10.023s] DEBUG:colcon.colcon_core.event_handler.log_command:Invoking command in '/home/luigi/ros2_ws/build/my_robot_description': CMAKE_PREFIX_PATH=${CMAKE_PREFIX_PATH}:/home/luigi/ros2_ws/install/my_robot_control:/home/luigi/ros2_ws/install/my_py_pkg:/opt/ros/jazzy DEBUGINFOD_URLS=https://debuginfod.ubuntu.com /usr/bin/cmake --build /home/luigi/ros2_ws/build/my_robot_description -- -j5 -l5
[10.265s] DEBUG:colcon.colcon_core.event_handler.log_command:Invoking command in '/home/luigi/ros2_ws/src/my_robot_control': DEBUGINFOD_URLS=https://debuginfod.ubuntu.com PYTHONPATH=/home/luigi/ros2_ws/build/my_robot_control/prefix_override:/usr/lib/python3/dist-packages/colcon_core/task/python/colcon_distutils_commands:/home/luigi/ros2_ws/install/my_robot_control/lib/python3.12/site-packages:${PYTHONPATH} /usr/bin/python3 -W ignore:setup.py install is deprecated -W ignore:easy_install command is deprecated setup.py egg_info --egg-base ../../build/my_robot_control build --build-base /home/luigi/ros2_ws/build/my_robot_control/build install --record /home/luigi/ros2_ws/build/my_robot_control/install.log --single-version-externally-managed install_data
[10.283s] DEBUG:colcon.colcon_core.event_handler.log_command:Invoking command in '/home/luigi/ros2_ws/src/my_py_pkg': DEBUGINFOD_URLS=https://debuginfod.ubuntu.com PYTHONPATH=/home/luigi/ros2_ws/build/my_py_pkg/prefix_override:/usr/lib/python3/dist-packages/colcon_core/task/python/colcon_distutils_commands:/home/luigi/ros2_ws/install/my_py_pkg/lib/python3.12/site-packages:${PYTHONPATH} /usr/bin/python3 -W ignore:setup.py install is deprecated -W ignore:easy_install command is deprecated setup.py egg_info --egg-base ../../build/my_py_pkg build --build-base /home/luigi/ros2_ws/build/my_py_pkg/build install --record /home/luigi/ros2_ws/build/my_py_pkg/install.log --single-version-externally-managed install_data
[10.302s] DEBUG:colcon.colcon_core.event_handler.log_command:Invoked command in '/home/luigi/ros2_ws/build/my_robot_bringup' returned '0': CMAKE_PREFIX_PATH=${CMAKE_PREFIX_PATH}:/home/luigi/ros2_ws/install/my_robot_control:/home/luigi/ros2_ws/install/my_py_pkg:/opt/ros/jazzy DEBUGINFOD_URLS=https://debuginfod.ubuntu.com /usr/bin/cmake --build /home/luigi/ros2_ws/build/my_robot_bringup -- -j5 -l5
[10.376s] DEBUG:colcon.colcon_core.event_handler.log_command:Invoking command in '/home/luigi/ros2_ws/build/my_robot_bringup': CMAKE_PREFIX_PATH=${CMAKE_PREFIX_PATH}:/home/luigi/ros2_ws/install/my_robot_control:/home/luigi/ros2_ws/install/my_py_pkg:/opt/ros/jazzy DEBUGINFOD_URLS=https://debuginfod.ubuntu.com /usr/bin/cmake --install /home/luigi/ros2_ws/build/my_robot_bringup
[10.391s] DEBUG:colcon.colcon_core.event_handler.log_command:Invoked command in '/home/luigi/ros2_ws/build/my_robot_description' returned '0': CMAKE_PREFIX_PATH=${CMAKE_PREFIX_PATH}:/home/luigi/ros2_ws/install/my_robot_control:/home/luigi/ros2_ws/install/my_py_pkg:/opt/ros/jazzy DEBUGINFOD_URLS=https://debuginfod.ubuntu.com /usr/bin/cmake --build /home/luigi/ros2_ws/build/my_robot_description -- -j5 -l5
[10.392s] DEBUG:colcon.colcon_core.event_handler.log_command:Invoking command in '/home/luigi/ros2_ws/build/my_robot_description': CMAKE_PREFIX_PATH=${CMAKE_PREFIX_PATH}:/home/luigi/ros2_ws/install/my_robot_control:/home/luigi/ros2_ws/install/my_py_pkg:/opt/ros/jazzy DEBUGINFOD_URLS=https://debuginfod.ubuntu.com /usr/bin/cmake --install /home/luigi/ros2_ws/build/my_robot_description
[10.453s] Level 1:colcon.colcon_core.environment:create_environment_scripts_only(my_robot_bringup)
[10.460s] DEBUG:colcon.colcon_core.event_handler.log_command:Invoked command in '/home/luigi/ros2_ws/build/my_robot_bringup' returned '0': CMAKE_PREFIX_PATH=${CMAKE_PREFIX_PATH}:/home/luigi/ros2_ws/install/my_robot_control:/home/luigi/ros2_ws/install/my_py_pkg:/opt/ros/jazzy DEBUGINFOD_URLS=https://debuginfod.ubuntu.com /usr/bin/cmake --install /home/luigi/ros2_ws/build/my_robot_bringup
[10.604s] Level 1:colcon.colcon_core.environment:checking '/home/luigi/ros2_ws/install/my_robot_bringup' for CMake module files
[10.607s] Level 1:colcon.colcon_core.environment:checking '/home/luigi/ros2_ws/install/my_robot_bringup' for CMake config files
[10.608s] Level 1:colcon.colcon_core.shell:create_environment_hook('my_robot_bringup', 'cmake_prefix_path')
[10.608s] INFO:colcon.colcon_core.shell:Creating environment hook '/home/luigi/ros2_ws/install/my_robot_bringup/share/my_robot_bringup/hook/cmake_prefix_path.ps1'
[10.612s] INFO:colcon.colcon_core.shell:Creating environment descriptor '/home/luigi/ros2_ws/install/my_robot_bringup/share/my_robot_bringup/hook/cmake_prefix_path.dsv'
[10.615s] INFO:colcon.colcon_core.shell:Creating environment hook '/home/luigi/ros2_ws/install/my_robot_bringup/share/my_robot_bringup/hook/cmake_prefix_path.sh'
[10.617s] Level 1:colcon.colcon_core.environment:checking '/home/luigi/ros2_ws/install/my_robot_bringup/bin'
[10.618s] Level 1:colcon.colcon_core.environment:checking '/home/luigi/ros2_ws/install/my_robot_bringup/lib/pkgconfig/my_robot_bringup.pc'
[10.618s] Level 1:colcon.colcon_core.environment:checking '/home/luigi/ros2_ws/install/my_robot_bringup/lib/python3.12/site-packages'
[10.619s] Level 1:colcon.colcon_core.environment:checking '/home/luigi/ros2_ws/install/my_robot_bringup/bin'
[10.619s] INFO:colcon.colcon_core.shell:Creating package script '/home/luigi/ros2_ws/install/my_robot_bringup/share/my_robot_bringup/package.ps1'
[10.629s] INFO:colcon.colcon_core.shell:Creating package descriptor '/home/luigi/ros2_ws/install/my_robot_bringup/share/my_robot_bringup/package.dsv'
[10.645s] INFO:colcon.colcon_core.shell:Creating package script '/home/luigi/ros2_ws/install/my_robot_bringup/share/my_robot_bringup/package.sh'
[10.665s] INFO:colcon.colcon_core.shell:Creating package script '/home/luigi/ros2_ws/install/my_robot_bringup/share/my_robot_bringup/package.bash'
[10.678s] INFO:colcon.colcon_core.shell:Creating package script '/home/luigi/ros2_ws/install/my_robot_bringup/share/my_robot_bringup/package.zsh'
[10.689s] Level 1:colcon.colcon_core.environment:create_file_with_runtime_dependencies(/home/luigi/ros2_ws/install/my_robot_bringup/share/colcon-core/packages/my_robot_bringup)
[10.698s] Level 1:colcon.colcon_core.environment:create_environment_scripts_only(my_robot_bringup)
[10.699s] Level 1:colcon.colcon_core.environment:checking '/home/luigi/ros2_ws/install/my_robot_bringup' for CMake module files
[10.700s] Level 1:colcon.colcon_core.environment:checking '/home/luigi/ros2_ws/install/my_robot_bringup' for CMake config files
[10.701s] Level 1:colcon.colcon_core.shell:create_environment_hook('my_robot_bringup', 'cmake_prefix_path')
[10.702s] INFO:colcon.colcon_core.shell:Creating environment hook '/home/luigi/ros2_ws/install/my_robot_bringup/share/my_robot_bringup/hook/cmake_prefix_path.ps1'
[10.718s] INFO:colcon.colcon_core.shell:Creating environment descriptor '/home/luigi/ros2_ws/install/my_robot_bringup/share/my_robot_bringup/hook/cmake_prefix_path.dsv'
[10.724s] INFO:colcon.colcon_core.shell:Creating environment hook '/home/luigi/ros2_ws/install/my_robot_bringup/share/my_robot_bringup/hook/cmake_prefix_path.sh'
[10.728s] Level 1:colcon.colcon_core.environment:checking '/home/luigi/ros2_ws/install/my_robot_bringup/bin'
[10.728s] Level 1:colcon.colcon_core.environment:checking '/home/luigi/ros2_ws/install/my_robot_bringup/lib/pkgconfig/my_robot_bringup.pc'
[10.729s] Level 1:colcon.colcon_core.environment:checking '/home/luigi/ros2_ws/install/my_robot_bringup/lib/python3.12/site-packages'
[10.729s] Level 1:colcon.colcon_core.environment:checking '/home/luigi/ros2_ws/install/my_robot_bringup/bin'
[10.730s] INFO:colcon.colcon_core.shell:Creating package script '/home/luigi/ros2_ws/install/my_robot_bringup/share/my_robot_bringup/package.ps1'
[10.734s] INFO:colcon.colcon_core.shell:Creating package descriptor '/home/luigi/ros2_ws/install/my_robot_bringup/share/my_robot_bringup/package.dsv'
[10.738s] INFO:colcon.colcon_core.shell:Creating package script '/home/luigi/ros2_ws/install/my_robot_bringup/share/my_robot_bringup/package.sh'
[10.741s] INFO:colcon.colcon_core.shell:Creating package script '/home/luigi/ros2_ws/install/my_robot_bringup/share/my_robot_bringup/package.bash'
[10.743s] INFO:colcon.colcon_core.shell:Creating package script '/home/luigi/ros2_ws/install/my_robot_bringup/share/my_robot_bringup/package.zsh'
[10.745s] Level 1:colcon.colcon_core.environment:create_file_with_runtime_dependencies(/home/luigi/ros2_ws/install/my_robot_bringup/share/colcon-core/packages/my_robot_bringup)
[10.757s] Level 1:colcon.colcon_core.environment:create_environment_scripts_only(my_robot_description)
[10.757s] Level 1:colcon.colcon_core.environment:checking '/home/luigi/ros2_ws/install/my_robot_description' for CMake module files
[10.759s] Level 1:colcon.colcon_core.environment:checking '/home/luigi/ros2_ws/install/my_robot_description' for CMake config files
[10.759s] Level 1:colcon.colcon_core.shell:create_environment_hook('my_robot_description', 'cmake_prefix_path')
[10.760s] INFO:colcon.colcon_core.shell:Creating environment hook '/home/luigi/ros2_ws/install/my_robot_description/share/my_robot_description/hook/cmake_prefix_path.ps1'
[10.763s] INFO:colcon.colcon_core.shell:Creating environment descriptor '/home/luigi/ros2_ws/install/my_robot_description/share/my_robot_description/hook/cmake_prefix_path.dsv'
[10.764s] INFO:colcon.colcon_core.shell:Creating environment hook '/home/luigi/ros2_ws/install/my_robot_description/share/my_robot_description/hook/cmake_prefix_path.sh'
[10.765s] Level 1:colcon.colcon_core.environment:checking '/home/luigi/ros2_ws/install/my_robot_description/bin'
[10.765s] Level 1:colcon.colcon_core.environment:checking '/home/luigi/ros2_ws/install/my_robot_description/lib/pkgconfig/my_robot_description.pc'
[10.765s] Level 1:colcon.colcon_core.environment:checking '/home/luigi/ros2_ws/install/my_robot_description/lib/python3.12/site-packages'
[10.768s] Level 1:colcon.colcon_core.environment:checking '/home/luigi/ros2_ws/install/my_robot_description/bin'
[10.768s] INFO:colcon.colcon_core.shell:Creating package script '/home/luigi/ros2_ws/install/my_robot_description/share/my_robot_description/package.ps1'
[10.769s] INFO:colcon.colcon_core.shell:Creating package descriptor '/home/luigi/ros2_ws/install/my_robot_description/share/my_robot_description/package.dsv'
[10.767s] DEBUG:colcon.colcon_core.event_handler.log_command:Invoked command in '/home/luigi/ros2_ws/build/my_robot_description' returned '0': CMAKE_PREFIX_PATH=${CMAKE_PREFIX_PATH}:/home/luigi/ros2_ws/install/my_robot_control:/home/luigi/ros2_ws/install/my_py_pkg:/opt/ros/jazzy DEBUGINFOD_URLS=https://debuginfod.ubuntu.com /usr/bin/cmake --install /home/luigi/ros2_ws/build/my_robot_description
[10.778s] INFO:colcon.colcon_core.shell:Creating package script '/home/luigi/ros2_ws/install/my_robot_description/share/my_robot_description/package.sh'
[10.787s] INFO:colcon.colcon_core.shell:Creating package script '/home/luigi/ros2_ws/install/my_robot_description/share/my_robot_description/package.bash'
[10.793s] INFO:colcon.colcon_core.shell:Creating package script '/home/luigi/ros2_ws/install/my_robot_description/share/my_robot_description/package.zsh'
[10.794s] Level 1:colcon.colcon_core.environment:create_file_with_runtime_dependencies(/home/luigi/ros2_ws/install/my_robot_description/share/colcon-core/packages/my_robot_description)
[10.796s] Level 1:colcon.colcon_core.environment:create_environment_scripts_only(my_robot_description)
[10.796s] Level 1:colcon.colcon_core.environment:checking '/home/luigi/ros2_ws/install/my_robot_description' for CMake module files
[10.797s] Level 1:colcon.colcon_core.environment:checking '/home/luigi/ros2_ws/install/my_robot_description' for CMake config files
[10.797s] Level 1:colcon.colcon_core.shell:create_environment_hook('my_robot_description', 'cmake_prefix_path')
[10.798s] INFO:colcon.colcon_core.shell:Creating environment hook '/home/luigi/ros2_ws/install/my_robot_description/share/my_robot_description/hook/cmake_prefix_path.ps1'
[10.801s] INFO:colcon.colcon_core.shell:Creating environment descriptor '/home/luigi/ros2_ws/install/my_robot_description/share/my_robot_description/hook/cmake_prefix_path.dsv'
[10.804s] INFO:colcon.colcon_core.shell:Creating environment hook '/home/luigi/ros2_ws/install/my_robot_description/share/my_robot_description/hook/cmake_prefix_path.sh'
[10.808s] Level 1:colcon.colcon_core.environment:checking '/home/luigi/ros2_ws/install/my_robot_description/bin'
[10.809s] Level 1:colcon.colcon_core.environment:checking '/home/luigi/ros2_ws/install/my_robot_description/lib/pkgconfig/my_robot_description.pc'
[10.810s] Level 1:colcon.colcon_core.environment:checking '/home/luigi/ros2_ws/install/my_robot_description/lib/python3.12/site-packages'
[10.811s] Level 1:colcon.colcon_core.environment:checking '/home/luigi/ros2_ws/install/my_robot_description/bin'
[10.811s] INFO:colcon.colcon_core.shell:Creating package script '/home/luigi/ros2_ws/install/my_robot_description/share/my_robot_description/package.ps1'
[10.813s] INFO:colcon.colcon_core.shell:Creating package descriptor '/home/luigi/ros2_ws/install/my_robot_description/share/my_robot_description/package.dsv'
[10.816s] INFO:colcon.colcon_core.shell:Creating package script '/home/luigi/ros2_ws/install/my_robot_description/share/my_robot_description/package.sh'
[10.819s] INFO:colcon.colcon_core.shell:Creating package script '/home/luigi/ros2_ws/install/my_robot_description/share/my_robot_description/package.bash'
[10.825s] INFO:colcon.colcon_core.shell:Creating package script '/home/luigi/ros2_ws/install/my_robot_description/share/my_robot_description/package.zsh'
[10.828s] Level 1:colcon.colcon_core.environment:create_file_with_runtime_dependencies(/home/luigi/ros2_ws/install/my_robot_description/share/colcon-core/packages/my_robot_description)
[13.155s] Level 1:colcon.colcon_core.environment:checking '/home/luigi/ros2_ws/install/my_py_pkg' for CMake module files
[13.156s] Level 1:colcon.colcon_core.environment:checking '/home/luigi/ros2_ws/install/my_py_pkg' for CMake config files
[13.159s] DEBUG:colcon.colcon_core.event_handler.log_command:Invoked command in '/home/luigi/ros2_ws/src/my_py_pkg' returned '0': DEBUGINFOD_URLS=https://debuginfod.ubuntu.com PYTHONPATH=/home/luigi/ros2_ws/build/my_py_pkg/prefix_override:/usr/lib/python3/dist-packages/colcon_core/task/python/colcon_distutils_commands:/home/luigi/ros2_ws/install/my_py_pkg/lib/python3.12/site-packages:${PYTHONPATH} /usr/bin/python3 -W ignore:setup.py install is deprecated -W ignore:easy_install command is deprecated setup.py egg_info --egg-base ../../build/my_py_pkg build --build-base /home/luigi/ros2_ws/build/my_py_pkg/build install --record /home/luigi/ros2_ws/build/my_py_pkg/install.log --single-version-externally-managed install_data
[13.160s] Level 1:colcon.colcon_core.environment:checking '/home/luigi/ros2_ws/install/my_py_pkg/lib'
[13.161s] Level 1:colcon.colcon_core.environment:checking '/home/luigi/ros2_ws/install/my_py_pkg/bin'
[13.161s] Level 1:colcon.colcon_core.environment:checking '/home/luigi/ros2_ws/install/my_py_pkg/lib/pkgconfig/my_py_pkg.pc'
[13.161s] Level 1:colcon.colcon_core.environment:checking '/home/luigi/ros2_ws/install/my_py_pkg/lib/python3.12/site-packages'
[13.162s] Level 1:colcon.colcon_core.shell:create_environment_hook('my_py_pkg', 'pythonpath')
[13.162s] INFO:colcon.colcon_core.shell:Creating environment hook '/home/luigi/ros2_ws/install/my_py_pkg/share/my_py_pkg/hook/pythonpath.ps1'
[13.163s] INFO:colcon.colcon_core.shell:Creating environment descriptor '/home/luigi/ros2_ws/install/my_py_pkg/share/my_py_pkg/hook/pythonpath.dsv'
[13.165s] INFO:colcon.colcon_core.shell:Creating environment hook '/home/luigi/ros2_ws/install/my_py_pkg/share/my_py_pkg/hook/pythonpath.sh'
[13.167s] Level 1:colcon.colcon_core.environment:checking '/home/luigi/ros2_ws/install/my_py_pkg/bin'
[13.167s] Level 1:colcon.colcon_core.environment:create_environment_scripts_only(my_py_pkg)
[13.167s] INFO:colcon.colcon_core.shell:Creating package script '/home/luigi/ros2_ws/install/my_py_pkg/share/my_py_pkg/package.ps1'
[13.169s] INFO:colcon.colcon_core.shell:Creating package descriptor '/home/luigi/ros2_ws/install/my_py_pkg/share/my_py_pkg/package.dsv'
[13.171s] INFO:colcon.colcon_core.shell:Creating package script '/home/luigi/ros2_ws/install/my_py_pkg/share/my_py_pkg/package.sh'
[13.172s] INFO:colcon.colcon_core.shell:Creating package script '/home/luigi/ros2_ws/install/my_py_pkg/share/my_py_pkg/package.bash'
[13.173s] INFO:colcon.colcon_core.shell:Creating package script '/home/luigi/ros2_ws/install/my_py_pkg/share/my_py_pkg/package.zsh'
[13.174s] Level 1:colcon.colcon_core.environment:create_file_with_runtime_dependencies(/home/luigi/ros2_ws/install/my_py_pkg/share/colcon-core/packages/my_py_pkg)
[13.447s] Level 1:colcon.colcon_core.environment:checking '/home/luigi/ros2_ws/install/my_robot_control' for CMake module files
[13.448s] Level 1:colcon.colcon_core.environment:checking '/home/luigi/ros2_ws/install/my_robot_control' for CMake config files
[13.449s] Level 1:colcon.colcon_core.environment:checking '/home/luigi/ros2_ws/install/my_robot_control/lib'
[13.450s] Level 1:colcon.colcon_core.environment:checking '/home/luigi/ros2_ws/install/my_robot_control/bin'
[13.450s] Level 1:colcon.colcon_core.environment:checking '/home/luigi/ros2_ws/install/my_robot_control/lib/pkgconfig/my_robot_control.pc'
[13.450s] Level 1:colcon.colcon_core.environment:checking '/home/luigi/ros2_ws/install/my_robot_control/lib/python3.12/site-packages'
[13.451s] Level 1:colcon.colcon_core.shell:create_environment_hook('my_robot_control', 'pythonpath')
[13.451s] INFO:colcon.colcon_core.shell:Creating environment hook '/home/luigi/ros2_ws/install/my_robot_control/share/my_robot_control/hook/pythonpath.ps1'
[13.452s] INFO:colcon.colcon_core.shell:Creating environment descriptor '/home/luigi/ros2_ws/install/my_robot_control/share/my_robot_control/hook/pythonpath.dsv'
[13.453s] INFO:colcon.colcon_core.shell:Creating environment hook '/home/luigi/ros2_ws/install/my_robot_control/share/my_robot_control/hook/pythonpath.sh'
[13.454s] Level 1:colcon.colcon_core.environment:checking '/home/luigi/ros2_ws/install/my_robot_control/bin'
[13.455s] Level 1:colcon.colcon_core.environment:create_environment_scripts_only(my_robot_control)
[13.455s] INFO:colcon.colcon_core.shell:Creating package script '/home/luigi/ros2_ws/install/my_robot_control/share/my_robot_control/package.ps1'
[13.456s] INFO:colcon.colcon_core.shell:Creating package descriptor '/home/luigi/ros2_ws/install/my_robot_control/share/my_robot_control/package.dsv'
[13.457s] INFO:colcon.colcon_core.shell:Creating package script '/home/luigi/ros2_ws/install/my_robot_control/share/my_robot_control/package.sh'
[13.458s] INFO:colcon.colcon_core.shell:Creating package script '/home/luigi/ros2_ws/install/my_robot_control/share/my_robot_control/package.bash'
[13.459s] INFO:colcon.colcon_core.shell:Creating package script '/home/luigi/ros2_ws/install/my_robot_control/share/my_robot_control/package.zsh'
[13.460s] Level 1:colcon.colcon_core.environment:create_file_with_runtime_dependencies(/home/luigi/ros2_ws/install/my_robot_control/share/colcon-core/packages/my_robot_control)
[13.461s] DEBUG:colcon.colcon_core.event_handler.log_command:Invoked command in '/home/luigi/ros2_ws/src/my_robot_control' returned '0': DEBUGINFOD_URLS=https://debuginfod.ubuntu.com PYTHONPATH=/home/luigi/ros2_ws/build/my_robot_control/prefix_override:/usr/lib/python3/dist-packages/colcon_core/task/python/colcon_distutils_commands:/home/luigi/ros2_ws/install/my_robot_control/lib/python3.12/site-packages:${PYTHONPATH} /usr/bin/python3 -W ignore:setup.py install is deprecated -W ignore:easy_install command is deprecated setup.py egg_info --egg-base ../../build/my_robot_control build --build-base /home/luigi/ros2_ws/build/my_robot_control/build install --record /home/luigi/ros2_ws/build/my_robot_control/install.log --single-version-externally-managed install_data
[14.159s] DEBUG:colcon.colcon_core.event_handler.log_command:Invoked command in '/home/luigi/ros2_ws/build/my_cpp_pkg' returned '0': CMAKE_PREFIX_PATH=${CMAKE_PREFIX_PATH}:/home/luigi/ros2_ws/install/my_robot_control:/home/luigi/ros2_ws/install/my_py_pkg:/opt/ros/jazzy DEBUGINFOD_URLS=https://debuginfod.ubuntu.com /usr/bin/cmake /home/luigi/ros2_ws/src/my_cpp_pkg -DCMAKE_INSTALL_PREFIX=/home/luigi/ros2_ws/install/my_cpp_pkg
[14.166s] DEBUG:colcon.colcon_core.event_handler.log_command:Invoking command in '/home/luigi/ros2_ws/build/my_cpp_pkg': CMAKE_PREFIX_PATH=${CMAKE_PREFIX_PATH}:/home/luigi/ros2_ws/install/my_robot_control:/home/luigi/ros2_ws/install/my_py_pkg:/opt/ros/jazzy DEBUGINFOD_URLS=https://debuginfod.ubuntu.com /usr/bin/cmake --build /home/luigi/ros2_ws/build/my_cpp_pkg -- -j5 -l5
[28.321s] DEBUG:colcon.colcon_core.event_handler.log_command:Invoked command in '/home/luigi/ros2_ws/build/my_cpp_pkg' returned '0': CMAKE_PREFIX_PATH=${CMAKE_PREFIX_PATH}:/home/luigi/ros2_ws/install/my_robot_control:/home/luigi/ros2_ws/install/my_py_pkg:/opt/ros/jazzy DEBUGINFOD_URLS=https://debuginfod.ubuntu.com /usr/bin/cmake --build /home/luigi/ros2_ws/build/my_cpp_pkg -- -j5 -l5
[28.325s] DEBUG:colcon.colcon_core.event_handler.log_command:Invoking command in '/home/luigi/ros2_ws/build/my_cpp_pkg': CMAKE_PREFIX_PATH=${CMAKE_PREFIX_PATH}:/home/luigi/ros2_ws/install/my_robot_control:/home/luigi/ros2_ws/install/my_py_pkg:/opt/ros/jazzy DEBUGINFOD_URLS=https://debuginfod.ubuntu.com /usr/bin/cmake --install /home/luigi/ros2_ws/build/my_cpp_pkg
[28.410s] Level 1:colcon.colcon_core.environment:create_environment_scripts_only(my_cpp_pkg)
[28.410s] Level 1:colcon.colcon_core.environment:checking '/home/luigi/ros2_ws/install/my_cpp_pkg' for CMake module files
[28.413s] DEBUG:colcon.colcon_core.event_handler.log_command:Invoked command in '/home/luigi/ros2_ws/build/my_cpp_pkg' returned '0': CMAKE_PREFIX_PATH=${CMAKE_PREFIX_PATH}:/home/luigi/ros2_ws/install/my_robot_control:/home/luigi/ros2_ws/install/my_py_pkg:/opt/ros/jazzy DEBUGINFOD_URLS=https://debuginfod.ubuntu.com /usr/bin/cmake --install /home/luigi/ros2_ws/build/my_cpp_pkg
[28.415s] Level 1:colcon.colcon_core.environment:checking '/home/luigi/ros2_ws/install/my_cpp_pkg' for CMake config files
[28.417s] Level 1:colcon.colcon_core.shell:create_environment_hook('my_cpp_pkg', 'cmake_prefix_path')
[28.417s] INFO:colcon.colcon_core.shell:Creating environment hook '/home/luigi/ros2_ws/install/my_cpp_pkg/share/my_cpp_pkg/hook/cmake_prefix_path.ps1'
[28.419s] INFO:colcon.colcon_core.shell:Creating environment descriptor '/home/luigi/ros2_ws/install/my_cpp_pkg/share/my_cpp_pkg/hook/cmake_prefix_path.dsv'
[28.422s] INFO:colcon.colcon_core.shell:Creating environment hook '/home/luigi/ros2_ws/install/my_cpp_pkg/share/my_cpp_pkg/hook/cmake_prefix_path.sh'
[28.424s] Level 1:colcon.colcon_core.environment:checking '/home/luigi/ros2_ws/install/my_cpp_pkg/lib'
[28.425s] Level 1:colcon.colcon_core.environment:checking '/home/luigi/ros2_ws/install/my_cpp_pkg/bin'
[28.425s] Level 1:colcon.colcon_core.environment:checking '/home/luigi/ros2_ws/install/my_cpp_pkg/lib/pkgconfig/my_cpp_pkg.pc'
[28.425s] Level 1:colcon.colcon_core.environment:checking '/home/luigi/ros2_ws/install/my_cpp_pkg/lib/python3.12/site-packages'
[28.426s] Level 1:colcon.colcon_core.environment:checking '/home/luigi/ros2_ws/install/my_cpp_pkg/bin'
[28.428s] INFO:colcon.colcon_core.shell:Creating package script '/home/luigi/ros2_ws/install/my_cpp_pkg/share/my_cpp_pkg/package.ps1'
[28.432s] INFO:colcon.colcon_core.shell:Creating package descriptor '/home/luigi/ros2_ws/install/my_cpp_pkg/share/my_cpp_pkg/package.dsv'
[28.435s] INFO:colcon.colcon_core.shell:Creating package script '/home/luigi/ros2_ws/install/my_cpp_pkg/share/my_cpp_pkg/package.sh'
[28.437s] INFO:colcon.colcon_core.shell:Creating package script '/home/luigi/ros2_ws/install/my_cpp_pkg/share/my_cpp_pkg/package.bash'
[28.439s] INFO:colcon.colcon_core.shell:Creating package script '/home/luigi/ros2_ws/install/my_cpp_pkg/share/my_cpp_pkg/package.zsh'
[28.442s] Level 1:colcon.colcon_core.environment:create_file_with_runtime_dependencies(/home/luigi/ros2_ws/install/my_cpp_pkg/share/colcon-core/packages/my_cpp_pkg)
[28.444s] Level 1:colcon.colcon_core.environment:create_environment_scripts_only(my_cpp_pkg)
[28.444s] Level 1:colcon.colcon_core.environment:checking '/home/luigi/ros2_ws/install/my_cpp_pkg' for CMake module files
[28.445s] Level 1:colcon.colcon_core.environment:checking '/home/luigi/ros2_ws/install/my_cpp_pkg' for CMake config files
[28.446s] Level 1:colcon.colcon_core.shell:create_environment_hook('my_cpp_pkg', 'cmake_prefix_path')
[28.447s] INFO:colcon.colcon_core.shell:Creating environment hook '/home/luigi/ros2_ws/install/my_cpp_pkg/share/my_cpp_pkg/hook/cmake_prefix_path.ps1'
[28.450s] INFO:colcon.colcon_core.shell:Creating environment descriptor '/home/luigi/ros2_ws/install/my_cpp_pkg/share/my_cpp_pkg/hook/cmake_prefix_path.dsv'
[28.451s] INFO:colcon.colcon_core.shell:Creating environment hook '/home/luigi/ros2_ws/install/my_cpp_pkg/share/my_cpp_pkg/hook/cmake_prefix_path.sh'
[28.454s] Level 1:colcon.colcon_core.environment:checking '/home/luigi/ros2_ws/install/my_cpp_pkg/lib'
[28.454s] Level 1:colcon.colcon_core.environment:checking '/home/luigi/ros2_ws/install/my_cpp_pkg/bin'
[28.455s] Level 1:colcon.colcon_core.environment:checking '/home/luigi/ros2_ws/install/my_cpp_pkg/lib/pkgconfig/my_cpp_pkg.pc'
[28.455s] Level 1:colcon.colcon_core.environment:checking '/home/luigi/ros2_ws/install/my_cpp_pkg/lib/python3.12/site-packages'
[28.456s] Level 1:colcon.colcon_core.environment:checking '/home/luigi/ros2_ws/install/my_cpp_pkg/bin'
[28.457s] INFO:colcon.colcon_core.shell:Creating package script '/home/luigi/ros2_ws/install/my_cpp_pkg/share/my_cpp_pkg/package.ps1'
[28.459s] INFO:colcon.colcon_core.shell:Creating package descriptor '/home/luigi/ros2_ws/install/my_cpp_pkg/share/my_cpp_pkg/package.dsv'
[28.461s] INFO:colcon.colcon_core.shell:Creating package script '/home/luigi/ros2_ws/install/my_cpp_pkg/share/my_cpp_pkg/package.sh'
[28.464s] INFO:colcon.colcon_core.shell:Creating package script '/home/luigi/ros2_ws/install/my_cpp_pkg/share/my_cpp_pkg/package.bash'
[28.466s] INFO:colcon.colcon_core.shell:Creating package script '/home/luigi/ros2_ws/install/my_cpp_pkg/share/my_cpp_pkg/package.zsh'
[28.468s] Level 1:colcon.colcon_core.environment:create_file_with_runtime_dependencies(/home/luigi/ros2_ws/install/my_cpp_pkg/share/colcon-core/packages/my_cpp_pkg)
[28.470s] DEBUG:colcon.colcon_parallel_executor.executor.parallel:closing loop
[28.471s] DEBUG:colcon.colcon_parallel_executor.executor.parallel:loop closed
[28.471s] DEBUG:colcon.colcon_parallel_executor.executor.parallel:run_until_complete finished with '0'
[28.472s] DEBUG:colcon.colcon_core.event_reactor:joining thread
[28.590s] INFO:colcon.colcon_core.plugin_system:Skipping extension 'colcon_notification.desktop_notification.terminal_notifier': Not used on non-Darwin systems
[28.590s] INFO:colcon.colcon_core.plugin_system:Skipping extension 'colcon_notification.desktop_notification.win32': Not used on non-Windows systems
[28.591s] INFO:colcon.colcon_notification.desktop_notification:Sending desktop notification using 'notify2'
[28.676s] DEBUG:colcon.colcon_core.event_reactor:joined thread
[28.678s] INFO:colcon.colcon_core.shell:Creating prefix script '/home/luigi/ros2_ws/install/local_setup.ps1'
[28.687s] INFO:colcon.colcon_core.shell:Creating prefix util module '/home/luigi/ros2_ws/install/_local_setup_util_ps1.py'
[28.694s] INFO:colcon.colcon_core.shell:Creating prefix chain script '/home/luigi/ros2_ws/install/setup.ps1'
[28.711s] INFO:colcon.colcon_core.shell:Creating prefix script '/home/luigi/ros2_ws/install/local_setup.sh'
[28.716s] INFO:colcon.colcon_core.shell:Creating prefix util module '/home/luigi/ros2_ws/install/_local_setup_util_sh.py'
[28.718s] INFO:colcon.colcon_core.shell:Creating prefix chain script '/home/luigi/ros2_ws/install/setup.sh'
[28.726s] INFO:colcon.colcon_core.shell:Creating prefix script '/home/luigi/ros2_ws/install/local_setup.bash'
[28.730s] INFO:colcon.colcon_core.shell:Creating prefix chain script '/home/luigi/ros2_ws/install/setup.bash'
[28.740s] INFO:colcon.colcon_core.shell:Creating prefix script '/home/luigi/ros2_ws/install/local_setup.zsh'
[28.744s] INFO:colcon.colcon_core.shell:Creating prefix chain script '/home/luigi/ros2_ws/install/setup.zsh'
