[6.476s] Invoking command in '/home/luigi/ros2_ws/src/my_robot_control': DEBUGINFOD_URLS=https://debuginfod.ubuntu.com PYTHONPATH=/home/luigi/ros2_ws/build/my_robot_control/prefix_override:/usr/lib/python3/dist-packages/colcon_core/task/python/colcon_distutils_commands:/home/luigi/ros2_ws/install/my_robot_control/lib/python3.12/site-packages:${PYTHONPATH} /usr/bin/python3 -W ignore:setup.py install is deprecated -W ignore:easy_install command is deprecated setup.py egg_info --egg-base ../../build/my_robot_control build --build-base /home/luigi/ros2_ws/build/my_robot_control/build install --record /home/luigi/ros2_ws/build/my_robot_control/install.log --single-version-externally-managed install_data
[7.562s] running egg_info
[7.660s] writing ../../build/my_robot_control/my_robot_control.egg-info/PKG-INFO
[7.660s] writing dependency_links to ../../build/my_robot_control/my_robot_control.egg-info/dependency_links.txt
[7.660s] writing entry points to ../../build/my_robot_control/my_robot_control.egg-info/entry_points.txt
[7.660s] writing requirements to ../../build/my_robot_control/my_robot_control.egg-info/requires.txt
[7.660s] writing top-level names to ../../build/my_robot_control/my_robot_control.egg-info/top_level.txt
[7.863s] reading manifest file '../../build/my_robot_control/my_robot_control.egg-info/SOURCES.txt'
[7.871s] writing manifest file '../../build/my_robot_control/my_robot_control.egg-info/SOURCES.txt'
[7.901s] running build
[7.901s] running build_py
[7.906s] running install
[7.909s] running install_lib
[7.982s] running install_data
[7.983s] running install_egg_info
[8.055s] removing '/home/luigi/ros2_ws/install/my_robot_control/lib/python3.12/site-packages/my_robot_control-0.0.0-py3.12.egg-info' (and everything under it)
[8.088s] Copying ../../build/my_robot_control/my_robot_control.egg-info to /home/luigi/ros2_ws/install/my_robot_control/lib/python3.12/site-packages/my_robot_control-0.0.0-py3.12.egg-info
[8.092s] running install_scripts
[8.542s] Installing camera_follower script to /home/luigi/ros2_ws/install/my_robot_control/lib/my_robot_control
[8.555s] Installing dynamic_obstacles script to /home/luigi/ros2_ws/install/my_robot_control/lib/my_robot_control
[8.562s] writing list of installed files to '/home/luigi/ros2_ws/build/my_robot_control/install.log'
[8.701s] Invoked command in '/home/luigi/ros2_ws/src/my_robot_control' returned '0': DEBUGINFOD_URLS=https://debuginfod.ubuntu.com PYTHONPATH=/home/luigi/ros2_ws/build/my_robot_control/prefix_override:/usr/lib/python3/dist-packages/colcon_core/task/python/colcon_distutils_commands:/home/luigi/ros2_ws/install/my_robot_control/lib/python3.12/site-packages:${PYTHONPATH} /usr/bin/python3 -W ignore:setup.py install is deprecated -W ignore:easy_install command is deprecated setup.py egg_info --egg-base ../../build/my_robot_control build --build-base /home/luigi/ros2_ws/build/my_robot_control/build install --record /home/luigi/ros2_ws/build/my_robot_control/install.log --single-version-externally-managed install_data
